#
# There is insufficient memory for the Java Runtime Environment to continue.
# Native memory allocation (malloc) failed to allocate 2012176 bytes for Chunk::new
# Possible reasons:
#   The system is out of physical RAM or swap space
#   The process is running with CompressedOops enabled, and the Java Heap may be blocking the growth of the native heap
# Possible solutions:
#   Reduce memory load on the system
#   Increase physical memory or swap space
#   Check if swap backing store is full
#   Decrease Java heap size (-Xmx/-Xms)
#   Decrease number of Java threads
#   Decrease Java thread stack sizes (-Xss)
#   Set larger code cache with -XX:ReservedCodeCacheSize=
#   JVM is running with Unscaled Compressed Oops mode in which the Java heap is
#     placed in the first 4GB address space. The Java Heap base address is the
#     maximum limit for the native heap growth. Please use -XX:HeapBaseMinAddress
#     to set the Java Heap base and to place the Java Heap above 4GB virtual address.
# This output file may be truncated or incomplete.
#
#  Out of Memory Error (arena.cpp:189), pid=10256, tid=7512
#
# JRE version: Java(TM) SE Runtime Environment (17.0.10+11) (build 17.0.10+11-LTS-240)
# Java VM: Java HotSpot(TM) 64-Bit Server VM (17.0.10+11-LTS-240, mixed mode, sharing, tiered, compressed oops, compressed class ptrs, g1 gc, windows-amd64)
# No core dump will be written. Minidumps are not enabled by default on client versions of Windows
#

---------------  S U M M A R Y ------------

Command Line: -XX:MaxMetaspaceSize=512m --add-opens=java.base/java.util=ALL-UNNAMED --add-opens=java.base/java.lang=ALL-UNNAMED --add-opens=java.base/java.lang.invoke=ALL-UNNAMED --add-opens=java.prefs/java.util.prefs=ALL-UNNAMED --add-opens=java.base/java.nio.charset=ALL-UNNAMED --add-opens=java.base/java.net=ALL-UNNAMED --add-opens=java.base/java.util.concurrent.atomic=ALL-UNNAMED -Xmx2048m -Dfile.encoding=utf8 -Duser.country=US -Duser.language=en -Duser.variant -javaagent:C:\Users\hp\.gradle\wrapper\dists\gradle-8.6-all\3mbtmo166bl6vumsh5k2lkq5h\gradle-8.6\lib\agents\gradle-instrumentation-agent-8.6.jar org.gradle.launcher.daemon.bootstrap.GradleDaemon 8.6

Host: 11th Gen Intel(R) Core(TM) i5-1135G7 @ 2.40GHz, 8 cores, 15G,  Windows 11 , 64 bit Build 26100 (10.0.26100.2161)
Time: Tue Oct 29 20:53:37 2024 India Standard Time elapsed time: 5.793949 seconds (0d 0h 0m 5s)

---------------  T H R E A D  ---------------

Current thread (0x000001845994b000):  JavaThread "C2 CompilerThread0" daemon [_thread_in_native, id=7512, stack(0x0000005766500000,0x0000005766600000)]


Current CompileTask:
C2:   5794 2260   !   4       java.lang.ClassLoader::loadClass (121 bytes)

Stack: [0x0000005766500000,0x0000005766600000]
Native frames: (J=compiled Java code, j=interpreted, Vv=VM code, C=native code)
V  [jvm.dll+0x677a5a]
V  [jvm.dll+0x7d8b2d]
V  [jvm.dll+0x7da48e]
V  [jvm.dll+0x7daaf3]
V  [jvm.dll+0x2455ff]
V  [jvm.dll+0xaaafb]
V  [jvm.dll+0xab09c]
V  [jvm.dll+0x361b5f]
V  [jvm.dll+0x32c211]
V  [jvm.dll+0x32b6aa]
V  [jvm.dll+0x21794f]
V  [jvm.dll+0x216d81]
V  [jvm.dll+0x1a3410]
V  [jvm.dll+0x226aeb]
V  [jvm.dll+0x224cab]
V  [jvm.dll+0x78e45c]
V  [jvm.dll+0x78888a]
V  [jvm.dll+0x676935]
C  [ucrtbase.dll+0x14ea0]
C  [KERNEL32.DLL+0x2dbe7]
C  [ntdll.dll+0xdfbec]


---------------  P R O C E S S  ---------------

Threads class SMR info:
_java_thread_list=0x000001847a146f60, length=26, elements={
0x000001843b6c4f40, 0x000001845992d4a0, 0x000001845992df70, 0x0000018459945120,
0x0000018459947a00, 0x00000184599482d0, 0x000001845994a350, 0x000001845994b000,
0x000001845994b9c0, 0x0000018459952720, 0x0000018459a607f0, 0x0000018459b611b0,
0x000001847a9591e0, 0x000001847a6fe030, 0x000001847aca0a70, 0x000001847af4f940,
0x000001847ac4eb40, 0x000001847943fed0, 0x00000184794403e0, 0x000001847943e070,
0x000001847943f9c0, 0x00000184794408f0, 0x000001847943f4b0, 0x000001847943efa0,
0x000001847943e580, 0x0000018479878e70
}

Java Threads: ( => current thread )
  0x000001843b6c4f40 JavaThread "main" [_thread_blocked, id=14152, stack(0x0000005765800000,0x0000005765900000)]
  0x000001845992d4a0 JavaThread "Reference Handler" daemon [_thread_blocked, id=752, stack(0x0000005765f00000,0x0000005766000000)]
  0x000001845992df70 JavaThread "Finalizer" daemon [_thread_blocked, id=16588, stack(0x0000005766000000,0x0000005766100000)]
  0x0000018459945120 JavaThread "Signal Dispatcher" daemon [_thread_blocked, id=8236, stack(0x0000005766100000,0x0000005766200000)]
  0x0000018459947a00 JavaThread "Attach Listener" daemon [_thread_blocked, id=1696, stack(0x0000005766200000,0x0000005766300000)]
  0x00000184599482d0 JavaThread "Service Thread" daemon [_thread_blocked, id=15544, stack(0x0000005766300000,0x0000005766400000)]
  0x000001845994a350 JavaThread "Monitor Deflation Thread" daemon [_thread_blocked, id=17376, stack(0x0000005766400000,0x0000005766500000)]
=>0x000001845994b000 JavaThread "C2 CompilerThread0" daemon [_thread_in_native, id=7512, stack(0x0000005766500000,0x0000005766600000)]
  0x000001845994b9c0 JavaThread "C1 CompilerThread0" daemon [_thread_blocked, id=13428, stack(0x0000005766600000,0x0000005766700000)]
  0x0000018459952720 JavaThread "Sweeper thread" daemon [_thread_blocked, id=16548, stack(0x0000005766700000,0x0000005766800000)]
  0x0000018459a607f0 JavaThread "Common-Cleaner" daemon [_thread_blocked, id=16908, stack(0x0000005766800000,0x0000005766900000)]
  0x0000018459b611b0 JavaThread "Notification Thread" daemon [_thread_blocked, id=15536, stack(0x0000005766900000,0x0000005766a00000)]
  0x000001847a9591e0 JavaThread "Daemon health stats" [_thread_blocked, id=12636, stack(0x0000005767100000,0x0000005767200000)]
  0x000001847a6fe030 JavaThread "Incoming local TCP Connector on port 62776" [_thread_in_native, id=18416, stack(0x0000005767200000,0x0000005767300000)]
  0x000001847aca0a70 JavaThread "Daemon periodic checks" [_thread_blocked, id=10508, stack(0x0000005767300000,0x0000005767400000)]
  0x000001847af4f940 JavaThread "Daemon" [_thread_blocked, id=7756, stack(0x0000005767400000,0x0000005767500000)]
  0x000001847ac4eb40 JavaThread "Handler for socket connection from /127.0.0.1:62776 to /127.0.0.1:62777" [_thread_in_native, id=16976, stack(0x0000005767500000,0x0000005767600000)]
  0x000001847943fed0 JavaThread "Cancel handler" [_thread_blocked, id=15168, stack(0x0000005767600000,0x0000005767700000)]
  0x00000184794403e0 JavaThread "Daemon worker" [_thread_in_vm, id=17612, stack(0x0000005767700000,0x0000005767800000)]
  0x000001847943e070 JavaThread "Asynchronous log dispatcher for DefaultDaemonConnection: socket connection from /127.0.0.1:62776 to /127.0.0.1:62777" [_thread_blocked, id=17468, stack(0x0000005766b00000,0x0000005766c00000)]
  0x000001847943f9c0 JavaThread "Stdin handler" [_thread_blocked, id=11392, stack(0x0000005767800000,0x0000005767900000)]
  0x00000184794408f0 JavaThread "Daemon client event forwarder" [_thread_blocked, id=17004, stack(0x0000005767900000,0x0000005767a00000)]
  0x000001847943f4b0 JavaThread "Cache worker for journal cache (C:\Users\hp\.gradle\caches\journal-1)" [_thread_blocked, id=9708, stack(0x0000005767a00000,0x0000005767b00000)]
  0x000001847943efa0 JavaThread "File lock request listener" [_thread_in_native, id=5304, stack(0x0000005767b00000,0x0000005767c00000)]
  0x000001847943e580 JavaThread "Cache worker for file hash cache (C:\Users\hp\.gradle\caches\8.6\fileHashes)" [_thread_blocked, id=16932, stack(0x0000005767c00000,0x0000005767d00000)]
  0x0000018479878e70 JavaThread "C2 CompilerThread1" daemon [_thread_in_native, id=6860, stack(0x0000005767d00000,0x0000005767e00000)]

Other Threads:
  0x00000184599296b0 VMThread "VM Thread" [stack: 0x0000005765e00000,0x0000005765f00000] [id=12416]
  0x000001843b73c560 WatcherThread [stack: 0x0000005766a00000,0x0000005766b00000] [id=13672]
  0x000001843b7234c0 GCTaskThread "GC Thread#0" [stack: 0x0000005765900000,0x0000005765a00000] [id=17240]
  0x0000018479b74af0 GCTaskThread "GC Thread#1" [stack: 0x0000005766c00000,0x0000005766d00000] [id=6852]
  0x000001847959a8d0 GCTaskThread "GC Thread#2" [stack: 0x0000005766d00000,0x0000005766e00000] [id=17996]
  0x000001847959ab90 GCTaskThread "GC Thread#3" [stack: 0x0000005766e00000,0x0000005766f00000] [id=17564]
  0x00000184798af170 GCTaskThread "GC Thread#4" [stack: 0x0000005766f00000,0x0000005767000000] [id=17636]
  0x0000018479dc6580 GCTaskThread "GC Thread#5" [stack: 0x0000005767000000,0x0000005767100000] [id=5072]
  0x000001843b734320 ConcurrentGCThread "G1 Main Marker" [stack: 0x0000005765a00000,0x0000005765b00000] [id=16220]
  0x000001843b735910 ConcurrentGCThread "G1 Conc#0" [stack: 0x0000005765b00000,0x0000005765c00000] [id=5440]
  0x00000184597d9a10 ConcurrentGCThread "G1 Refine#0" [stack: 0x0000005765c00000,0x0000005765d00000] [id=17696]
  0x00000184597da250 ConcurrentGCThread "G1 Service" [stack: 0x0000005765d00000,0x0000005765e00000] [id=3976]

Threads with active compile tasks:
C2 CompilerThread0     5858 2260   !   4       java.lang.ClassLoader::loadClass (121 bytes)
C2 CompilerThread1     5858 2313   !   4       java.net.URLClassLoader::findClass (47 bytes)

VM state: not at safepoint (normal execution)

VM Mutex/Monitor currently owned by a thread: None

Heap address: 0x0000000080000000, size: 2048 MB, Compressed Oops mode: 32-bit

CDS archive(s) mapped at: [0x000001845a000000-0x000001845abd0000-0x000001845abd0000), size 12386304, SharedBaseAddress: 0x000001845a000000, ArchiveRelocationMode: 1.
Compressed class space mapped at: 0x000001845b000000-0x0000018475000000, reserved size: 436207616
Narrow klass base: 0x000001845a000000, Narrow klass shift: 0, Narrow klass range: 0x100000000

GC Precious Log:
 CPUs: 8 total, 8 available
 Memory: 16026M
 Large Page Support: Disabled
 NUMA Support: Disabled
 Compressed Oops: Enabled (32-bit)
 Heap Region Size: 1M
 Heap Min Capacity: 8M
 Heap Initial Capacity: 252M
 Heap Max Capacity: 2G
 Pre-touch: Disabled
 Parallel Workers: 8
 Concurrent Workers: 2
 Concurrent Refinement Workers: 8
 Periodic GC: Disabled

Heap:
 garbage-first heap   total 258048K, used 92304K [0x0000000080000000, 0x0000000100000000)
  region size 1024K, 80 young (81920K), 1 survivors (1024K)
 Metaspace       used 16459K, committed 16704K, reserved 491520K
  class space    used 2350K, committed 2496K, reserved 425984K

Heap Regions: E=young(eden), S=young(survivor), O=old, HS=humongous(starts), HC=humongous(continues), CS=collection set, F=free, OA=open archive, CA=closed archive, TAMS=top-at-mark-start (previous, next)
|   0|0x0000000080000000, 0x0000000080100000, 0x0000000080100000|100%|HS|  |TAMS 0x0000000080000000, 0x0000000080000000| Complete 
|   1|0x0000000080100000, 0x0000000080200000, 0x0000000080200000|100%|HC|  |TAMS 0x0000000080100000, 0x0000000080100000| Complete 
|   2|0x0000000080200000, 0x0000000080300000, 0x0000000080300000|100%|HC|  |TAMS 0x0000000080200000, 0x0000000080200000| Complete 
|   3|0x0000000080300000, 0x0000000080400000, 0x0000000080400000|100%|HC|  |TAMS 0x0000000080300000, 0x0000000080300000| Complete 
|   4|0x0000000080400000, 0x0000000080500000, 0x0000000080500000|100%| O|  |TAMS 0x0000000080400000, 0x0000000080400000| Untracked 
|   5|0x0000000080500000, 0x0000000080600000, 0x0000000080600000|100%| O|  |TAMS 0x0000000080500000, 0x0000000080500000| Untracked 
|   6|0x0000000080600000, 0x0000000080700000, 0x0000000080700000|100%| O|  |TAMS 0x0000000080600000, 0x0000000080600000| Untracked 
|   7|0x0000000080700000, 0x0000000080800000, 0x0000000080800000|100%| O|  |TAMS 0x0000000080700000, 0x0000000080700000| Untracked 
|   8|0x0000000080800000, 0x0000000080900000, 0x0000000080900000|100%| O|  |TAMS 0x0000000080800000, 0x0000000080800000| Untracked 
|   9|0x0000000080900000, 0x0000000080a00000, 0x0000000080a00000|100%| O|  |TAMS 0x0000000080900000, 0x0000000080900000| Untracked 
|  10|0x0000000080a00000, 0x0000000080a76400, 0x0000000080b00000| 46%| O|  |TAMS 0x0000000080a00000, 0x0000000080a00000| Untracked 
|  11|0x0000000080b00000, 0x0000000080c00000, 0x0000000080c00000|100%|HS|  |TAMS 0x0000000080b00000, 0x0000000080b00000| Complete 
|  12|0x0000000080c00000, 0x0000000080c00000, 0x0000000080d00000|  0%| F|  |TAMS 0x0000000080c00000, 0x0000000080c00000| Untracked 
|  13|0x0000000080d00000, 0x0000000080d00000, 0x0000000080e00000|  0%| F|  |TAMS 0x0000000080d00000, 0x0000000080d00000| Untracked 
|  14|0x0000000080e00000, 0x0000000080e00000, 0x0000000080f00000|  0%| F|  |TAMS 0x0000000080e00000, 0x0000000080e00000| Untracked 
|  15|0x0000000080f00000, 0x0000000080f00000, 0x0000000081000000|  0%| F|  |TAMS 0x0000000080f00000, 0x0000000080f00000| Untracked 
|  16|0x0000000081000000, 0x0000000081000000, 0x0000000081100000|  0%| F|  |TAMS 0x0000000081000000, 0x0000000081000000| Untracked 
|  17|0x0000000081100000, 0x0000000081100000, 0x0000000081200000|  0%| F|  |TAMS 0x0000000081100000, 0x0000000081100000| Untracked 
|  18|0x0000000081200000, 0x0000000081200000, 0x0000000081300000|  0%| F|  |TAMS 0x0000000081200000, 0x0000000081200000| Untracked 
|  19|0x0000000081300000, 0x0000000081300000, 0x0000000081400000|  0%| F|  |TAMS 0x0000000081300000, 0x0000000081300000| Untracked 
|  20|0x0000000081400000, 0x0000000081400000, 0x0000000081500000|  0%| F|  |TAMS 0x0000000081400000, 0x0000000081400000| Untracked 
|  21|0x0000000081500000, 0x0000000081500000, 0x0000000081600000|  0%| F|  |TAMS 0x0000000081500000, 0x0000000081500000| Untracked 
|  22|0x0000000081600000, 0x0000000081600000, 0x0000000081700000|  0%| F|  |TAMS 0x0000000081600000, 0x0000000081600000| Untracked 
|  23|0x0000000081700000, 0x0000000081700000, 0x0000000081800000|  0%| F|  |TAMS 0x0000000081700000, 0x0000000081700000| Untracked 
|  24|0x0000000081800000, 0x0000000081800000, 0x0000000081900000|  0%| F|  |TAMS 0x0000000081800000, 0x0000000081800000| Untracked 
|  25|0x0000000081900000, 0x0000000081900000, 0x0000000081a00000|  0%| F|  |TAMS 0x0000000081900000, 0x0000000081900000| Untracked 
|  26|0x0000000081a00000, 0x0000000081a00000, 0x0000000081b00000|  0%| F|  |TAMS 0x0000000081a00000, 0x0000000081a00000| Untracked 
|  27|0x0000000081b00000, 0x0000000081b00000, 0x0000000081c00000|  0%| F|  |TAMS 0x0000000081b00000, 0x0000000081b00000| Untracked 
|  28|0x0000000081c00000, 0x0000000081c00000, 0x0000000081d00000|  0%| F|  |TAMS 0x0000000081c00000, 0x0000000081c00000| Untracked 
|  29|0x0000000081d00000, 0x0000000081d00000, 0x0000000081e00000|  0%| F|  |TAMS 0x0000000081d00000, 0x0000000081d00000| Untracked 
|  30|0x0000000081e00000, 0x0000000081e00000, 0x0000000081f00000|  0%| F|  |TAMS 0x0000000081e00000, 0x0000000081e00000| Untracked 
|  31|0x0000000081f00000, 0x0000000081f00000, 0x0000000082000000|  0%| F|  |TAMS 0x0000000081f00000, 0x0000000081f00000| Untracked 
|  32|0x0000000082000000, 0x0000000082000000, 0x0000000082100000|  0%| F|  |TAMS 0x0000000082000000, 0x0000000082000000| Untracked 
|  33|0x0000000082100000, 0x0000000082100000, 0x0000000082200000|  0%| F|  |TAMS 0x0000000082100000, 0x0000000082100000| Untracked 
|  34|0x0000000082200000, 0x0000000082200000, 0x0000000082300000|  0%| F|  |TAMS 0x0000000082200000, 0x0000000082200000| Untracked 
|  35|0x0000000082300000, 0x0000000082300000, 0x0000000082400000|  0%| F|  |TAMS 0x0000000082300000, 0x0000000082300000| Untracked 
|  36|0x0000000082400000, 0x0000000082400000, 0x0000000082500000|  0%| F|  |TAMS 0x0000000082400000, 0x0000000082400000| Untracked 
|  37|0x0000000082500000, 0x0000000082500000, 0x0000000082600000|  0%| F|  |TAMS 0x0000000082500000, 0x0000000082500000| Untracked 
|  38|0x0000000082600000, 0x0000000082600000, 0x0000000082700000|  0%| F|  |TAMS 0x0000000082600000, 0x0000000082600000| Untracked 
|  39|0x0000000082700000, 0x0000000082700000, 0x0000000082800000|  0%| F|  |TAMS 0x0000000082700000, 0x0000000082700000| Untracked 
|  40|0x0000000082800000, 0x0000000082800000, 0x0000000082900000|  0%| F|  |TAMS 0x0000000082800000, 0x0000000082800000| Untracked 
|  41|0x0000000082900000, 0x0000000082900000, 0x0000000082a00000|  0%| F|  |TAMS 0x0000000082900000, 0x0000000082900000| Untracked 
|  42|0x0000000082a00000, 0x0000000082a00000, 0x0000000082b00000|  0%| F|  |TAMS 0x0000000082a00000, 0x0000000082a00000| Untracked 
|  43|0x0000000082b00000, 0x0000000082b00000, 0x0000000082c00000|  0%| F|  |TAMS 0x0000000082b00000, 0x0000000082b00000| Untracked 
|  44|0x0000000082c00000, 0x0000000082c00000, 0x0000000082d00000|  0%| F|  |TAMS 0x0000000082c00000, 0x0000000082c00000| Untracked 
|  45|0x0000000082d00000, 0x0000000082d00000, 0x0000000082e00000|  0%| F|  |TAMS 0x0000000082d00000, 0x0000000082d00000| Untracked 
|  46|0x0000000082e00000, 0x0000000082e00000, 0x0000000082f00000|  0%| F|  |TAMS 0x0000000082e00000, 0x0000000082e00000| Untracked 
|  47|0x0000000082f00000, 0x0000000082f00000, 0x0000000083000000|  0%| F|  |TAMS 0x0000000082f00000, 0x0000000082f00000| Untracked 
|  48|0x0000000083000000, 0x0000000083000000, 0x0000000083100000|  0%| F|  |TAMS 0x0000000083000000, 0x0000000083000000| Untracked 
|  49|0x0000000083100000, 0x0000000083100000, 0x0000000083200000|  0%| F|  |TAMS 0x0000000083100000, 0x0000000083100000| Untracked 
|  50|0x0000000083200000, 0x0000000083200000, 0x0000000083300000|  0%| F|  |TAMS 0x0000000083200000, 0x0000000083200000| Untracked 
|  51|0x0000000083300000, 0x0000000083300000, 0x0000000083400000|  0%| F|  |TAMS 0x0000000083300000, 0x0000000083300000| Untracked 
|  52|0x0000000083400000, 0x0000000083400000, 0x0000000083500000|  0%| F|  |TAMS 0x0000000083400000, 0x0000000083400000| Untracked 
|  53|0x0000000083500000, 0x0000000083500000, 0x0000000083600000|  0%| F|  |TAMS 0x0000000083500000, 0x0000000083500000| Untracked 
|  54|0x0000000083600000, 0x0000000083600000, 0x0000000083700000|  0%| F|  |TAMS 0x0000000083600000, 0x0000000083600000| Untracked 
|  55|0x0000000083700000, 0x0000000083700000, 0x0000000083800000|  0%| F|  |TAMS 0x0000000083700000, 0x0000000083700000| Untracked 
|  56|0x0000000083800000, 0x0000000083800000, 0x0000000083900000|  0%| F|  |TAMS 0x0000000083800000, 0x0000000083800000| Untracked 
|  57|0x0000000083900000, 0x0000000083900000, 0x0000000083a00000|  0%| F|  |TAMS 0x0000000083900000, 0x0000000083900000| Untracked 
|  58|0x0000000083a00000, 0x0000000083a00000, 0x0000000083b00000|  0%| F|  |TAMS 0x0000000083a00000, 0x0000000083a00000| Untracked 
|  59|0x0000000083b00000, 0x0000000083b00000, 0x0000000083c00000|  0%| F|  |TAMS 0x0000000083b00000, 0x0000000083b00000| Untracked 
|  60|0x0000000083c00000, 0x0000000083c00000, 0x0000000083d00000|  0%| F|  |TAMS 0x0000000083c00000, 0x0000000083c00000| Untracked 
|  61|0x0000000083d00000, 0x0000000083d00000, 0x0000000083e00000|  0%| F|  |TAMS 0x0000000083d00000, 0x0000000083d00000| Untracked 
|  62|0x0000000083e00000, 0x0000000083e00000, 0x0000000083f00000|  0%| F|  |TAMS 0x0000000083e00000, 0x0000000083e00000| Untracked 
|  63|0x0000000083f00000, 0x0000000083f00000, 0x0000000084000000|  0%| F|  |TAMS 0x0000000083f00000, 0x0000000083f00000| Untracked 
|  64|0x0000000084000000, 0x0000000084000000, 0x0000000084100000|  0%| F|  |TAMS 0x0000000084000000, 0x0000000084000000| Untracked 
|  65|0x0000000084100000, 0x0000000084100000, 0x0000000084200000|  0%| F|  |TAMS 0x0000000084100000, 0x0000000084100000| Untracked 
|  66|0x0000000084200000, 0x0000000084200000, 0x0000000084300000|  0%| F|  |TAMS 0x0000000084200000, 0x0000000084200000| Untracked 
|  67|0x0000000084300000, 0x0000000084300000, 0x0000000084400000|  0%| F|  |TAMS 0x0000000084300000, 0x0000000084300000| Untracked 
|  68|0x0000000084400000, 0x0000000084400000, 0x0000000084500000|  0%| F|  |TAMS 0x0000000084400000, 0x0000000084400000| Untracked 
|  69|0x0000000084500000, 0x0000000084500000, 0x0000000084600000|  0%| F|  |TAMS 0x0000000084500000, 0x0000000084500000| Untracked 
|  70|0x0000000084600000, 0x0000000084600000, 0x0000000084700000|  0%| F|  |TAMS 0x0000000084600000, 0x0000000084600000| Untracked 
|  71|0x0000000084700000, 0x0000000084700000, 0x0000000084800000|  0%| F|  |TAMS 0x0000000084700000, 0x0000000084700000| Untracked 
|  72|0x0000000084800000, 0x0000000084800000, 0x0000000084900000|  0%| F|  |TAMS 0x0000000084800000, 0x0000000084800000| Untracked 
|  73|0x0000000084900000, 0x0000000084900000, 0x0000000084a00000|  0%| F|  |TAMS 0x0000000084900000, 0x0000000084900000| Untracked 
|  74|0x0000000084a00000, 0x0000000084a00000, 0x0000000084b00000|  0%| F|  |TAMS 0x0000000084a00000, 0x0000000084a00000| Untracked 
|  75|0x0000000084b00000, 0x0000000084b00000, 0x0000000084c00000|  0%| F|  |TAMS 0x0000000084b00000, 0x0000000084b00000| Untracked 
|  76|0x0000000084c00000, 0x0000000084c00000, 0x0000000084d00000|  0%| F|  |TAMS 0x0000000084c00000, 0x0000000084c00000| Untracked 
|  77|0x0000000084d00000, 0x0000000084d00000, 0x0000000084e00000|  0%| F|  |TAMS 0x0000000084d00000, 0x0000000084d00000| Untracked 
|  78|0x0000000084e00000, 0x0000000084e00000, 0x0000000084f00000|  0%| F|  |TAMS 0x0000000084e00000, 0x0000000084e00000| Untracked 
|  79|0x0000000084f00000, 0x0000000084f00000, 0x0000000085000000|  0%| F|  |TAMS 0x0000000084f00000, 0x0000000084f00000| Untracked 
|  80|0x0000000085000000, 0x0000000085000000, 0x0000000085100000|  0%| F|  |TAMS 0x0000000085000000, 0x0000000085000000| Untracked 
|  81|0x0000000085100000, 0x0000000085100000, 0x0000000085200000|  0%| F|  |TAMS 0x0000000085100000, 0x0000000085100000| Untracked 
|  82|0x0000000085200000, 0x0000000085200000, 0x0000000085300000|  0%| F|  |TAMS 0x0000000085200000, 0x0000000085200000| Untracked 
|  83|0x0000000085300000, 0x0000000085300000, 0x0000000085400000|  0%| F|  |TAMS 0x0000000085300000, 0x0000000085300000| Untracked 
|  84|0x0000000085400000, 0x0000000085400000, 0x0000000085500000|  0%| F|  |TAMS 0x0000000085400000, 0x0000000085400000| Untracked 
|  85|0x0000000085500000, 0x0000000085500000, 0x0000000085600000|  0%| F|  |TAMS 0x0000000085500000, 0x0000000085500000| Untracked 
|  86|0x0000000085600000, 0x0000000085600000, 0x0000000085700000|  0%| F|  |TAMS 0x0000000085600000, 0x0000000085600000| Untracked 
|  87|0x0000000085700000, 0x0000000085700000, 0x0000000085800000|  0%| F|  |TAMS 0x0000000085700000, 0x0000000085700000| Untracked 
|  88|0x0000000085800000, 0x0000000085800000, 0x0000000085900000|  0%| F|  |TAMS 0x0000000085800000, 0x0000000085800000| Untracked 
|  89|0x0000000085900000, 0x0000000085900000, 0x0000000085a00000|  0%| F|  |TAMS 0x0000000085900000, 0x0000000085900000| Untracked 
|  90|0x0000000085a00000, 0x0000000085a00000, 0x0000000085b00000|  0%| F|  |TAMS 0x0000000085a00000, 0x0000000085a00000| Untracked 
|  91|0x0000000085b00000, 0x0000000085b00000, 0x0000000085c00000|  0%| F|  |TAMS 0x0000000085b00000, 0x0000000085b00000| Untracked 
|  92|0x0000000085c00000, 0x0000000085c00000, 0x0000000085d00000|  0%| F|  |TAMS 0x0000000085c00000, 0x0000000085c00000| Untracked 
|  93|0x0000000085d00000, 0x0000000085d00000, 0x0000000085e00000|  0%| F|  |TAMS 0x0000000085d00000, 0x0000000085d00000| Untracked 
|  94|0x0000000085e00000, 0x0000000085e00000, 0x0000000085f00000|  0%| F|  |TAMS 0x0000000085e00000, 0x0000000085e00000| Untracked 
|  95|0x0000000085f00000, 0x0000000085f00000, 0x0000000086000000|  0%| F|  |TAMS 0x0000000085f00000, 0x0000000085f00000| Untracked 
|  96|0x0000000086000000, 0x0000000086000000, 0x0000000086100000|  0%| F|  |TAMS 0x0000000086000000, 0x0000000086000000| Untracked 
|  97|0x0000000086100000, 0x0000000086100000, 0x0000000086200000|  0%| F|  |TAMS 0x0000000086100000, 0x0000000086100000| Untracked 
|  98|0x0000000086200000, 0x0000000086200000, 0x0000000086300000|  0%| F|  |TAMS 0x0000000086200000, 0x0000000086200000| Untracked 
|  99|0x0000000086300000, 0x0000000086300000, 0x0000000086400000|  0%| F|  |TAMS 0x0000000086300000, 0x0000000086300000| Untracked 
| 100|0x0000000086400000, 0x0000000086400000, 0x0000000086500000|  0%| F|  |TAMS 0x0000000086400000, 0x0000000086400000| Untracked 
| 101|0x0000000086500000, 0x0000000086500000, 0x0000000086600000|  0%| F|  |TAMS 0x0000000086500000, 0x0000000086500000| Untracked 
| 102|0x0000000086600000, 0x0000000086600000, 0x0000000086700000|  0%| F|  |TAMS 0x0000000086600000, 0x0000000086600000| Untracked 
| 103|0x0000000086700000, 0x0000000086700000, 0x0000000086800000|  0%| F|  |TAMS 0x0000000086700000, 0x0000000086700000| Untracked 
| 104|0x0000000086800000, 0x0000000086800000, 0x0000000086900000|  0%| F|  |TAMS 0x0000000086800000, 0x0000000086800000| Untracked 
| 105|0x0000000086900000, 0x0000000086900000, 0x0000000086a00000|  0%| F|  |TAMS 0x0000000086900000, 0x0000000086900000| Untracked 
| 106|0x0000000086a00000, 0x0000000086a00000, 0x0000000086b00000|  0%| F|  |TAMS 0x0000000086a00000, 0x0000000086a00000| Untracked 
| 107|0x0000000086b00000, 0x0000000086b00000, 0x0000000086c00000|  0%| F|  |TAMS 0x0000000086b00000, 0x0000000086b00000| Untracked 
| 108|0x0000000086c00000, 0x0000000086c00000, 0x0000000086d00000|  0%| F|  |TAMS 0x0000000086c00000, 0x0000000086c00000| Untracked 
| 109|0x0000000086d00000, 0x0000000086d00000, 0x0000000086e00000|  0%| F|  |TAMS 0x0000000086d00000, 0x0000000086d00000| Untracked 
| 110|0x0000000086e00000, 0x0000000086e00000, 0x0000000086f00000|  0%| F|  |TAMS 0x0000000086e00000, 0x0000000086e00000| Untracked 
| 111|0x0000000086f00000, 0x0000000086f00000, 0x0000000087000000|  0%| F|  |TAMS 0x0000000086f00000, 0x0000000086f00000| Untracked 
| 112|0x0000000087000000, 0x0000000087000000, 0x0000000087100000|  0%| F|  |TAMS 0x0000000087000000, 0x0000000087000000| Untracked 
| 113|0x0000000087100000, 0x0000000087100000, 0x0000000087200000|  0%| F|  |TAMS 0x0000000087100000, 0x0000000087100000| Untracked 
| 114|0x0000000087200000, 0x0000000087200000, 0x0000000087300000|  0%| F|  |TAMS 0x0000000087200000, 0x0000000087200000| Untracked 
| 115|0x0000000087300000, 0x0000000087300000, 0x0000000087400000|  0%| F|  |TAMS 0x0000000087300000, 0x0000000087300000| Untracked 
| 116|0x0000000087400000, 0x0000000087400000, 0x0000000087500000|  0%| F|  |TAMS 0x0000000087400000, 0x0000000087400000| Untracked 
| 117|0x0000000087500000, 0x0000000087500000, 0x0000000087600000|  0%| F|  |TAMS 0x0000000087500000, 0x0000000087500000| Untracked 
| 118|0x0000000087600000, 0x0000000087600000, 0x0000000087700000|  0%| F|  |TAMS 0x0000000087600000, 0x0000000087600000| Untracked 
| 119|0x0000000087700000, 0x0000000087700000, 0x0000000087800000|  0%| F|  |TAMS 0x0000000087700000, 0x0000000087700000| Untracked 
| 120|0x0000000087800000, 0x0000000087800000, 0x0000000087900000|  0%| F|  |TAMS 0x0000000087800000, 0x0000000087800000| Untracked 
| 121|0x0000000087900000, 0x0000000087900000, 0x0000000087a00000|  0%| F|  |TAMS 0x0000000087900000, 0x0000000087900000| Untracked 
| 122|0x0000000087a00000, 0x0000000087a00000, 0x0000000087b00000|  0%| F|  |TAMS 0x0000000087a00000, 0x0000000087a00000| Untracked 
| 123|0x0000000087b00000, 0x0000000087b00000, 0x0000000087c00000|  0%| F|  |TAMS 0x0000000087b00000, 0x0000000087b00000| Untracked 
| 124|0x0000000087c00000, 0x0000000087c00000, 0x0000000087d00000|  0%| F|  |TAMS 0x0000000087c00000, 0x0000000087c00000| Untracked 
| 125|0x0000000087d00000, 0x0000000087d00000, 0x0000000087e00000|  0%| F|  |TAMS 0x0000000087d00000, 0x0000000087d00000| Untracked 
| 126|0x0000000087e00000, 0x0000000087e00000, 0x0000000087f00000|  0%| F|  |TAMS 0x0000000087e00000, 0x0000000087e00000| Untracked 
| 127|0x0000000087f00000, 0x0000000087f00000, 0x0000000088000000|  0%| F|  |TAMS 0x0000000087f00000, 0x0000000087f00000| Untracked 
| 128|0x0000000088000000, 0x0000000088000000, 0x0000000088100000|  0%| F|  |TAMS 0x0000000088000000, 0x0000000088000000| Untracked 
| 129|0x0000000088100000, 0x0000000088100000, 0x0000000088200000|  0%| F|  |TAMS 0x0000000088100000, 0x0000000088100000| Untracked 
| 130|0x0000000088200000, 0x0000000088200000, 0x0000000088300000|  0%| F|  |TAMS 0x0000000088200000, 0x0000000088200000| Untracked 
| 131|0x0000000088300000, 0x0000000088300000, 0x0000000088400000|  0%| F|  |TAMS 0x0000000088300000, 0x0000000088300000| Untracked 
| 132|0x0000000088400000, 0x0000000088400000, 0x0000000088500000|  0%| F|  |TAMS 0x0000000088400000, 0x0000000088400000| Untracked 
| 133|0x0000000088500000, 0x0000000088500000, 0x0000000088600000|  0%| F|  |TAMS 0x0000000088500000, 0x0000000088500000| Untracked 
| 134|0x0000000088600000, 0x0000000088600000, 0x0000000088700000|  0%| F|  |TAMS 0x0000000088600000, 0x0000000088600000| Untracked 
| 135|0x0000000088700000, 0x0000000088700000, 0x0000000088800000|  0%| F|  |TAMS 0x0000000088700000, 0x0000000088700000| Untracked 
| 136|0x0000000088800000, 0x0000000088800000, 0x0000000088900000|  0%| F|  |TAMS 0x0000000088800000, 0x0000000088800000| Untracked 
| 137|0x0000000088900000, 0x0000000088900000, 0x0000000088a00000|  0%| F|  |TAMS 0x0000000088900000, 0x0000000088900000| Untracked 
| 138|0x0000000088a00000, 0x0000000088a00000, 0x0000000088b00000|  0%| F|  |TAMS 0x0000000088a00000, 0x0000000088a00000| Untracked 
| 139|0x0000000088b00000, 0x0000000088b00000, 0x0000000088c00000|  0%| F|  |TAMS 0x0000000088b00000, 0x0000000088b00000| Untracked 
| 140|0x0000000088c00000, 0x0000000088c00000, 0x0000000088d00000|  0%| F|  |TAMS 0x0000000088c00000, 0x0000000088c00000| Untracked 
| 141|0x0000000088d00000, 0x0000000088d00000, 0x0000000088e00000|  0%| F|  |TAMS 0x0000000088d00000, 0x0000000088d00000| Untracked 
| 142|0x0000000088e00000, 0x0000000088e00000, 0x0000000088f00000|  0%| F|  |TAMS 0x0000000088e00000, 0x0000000088e00000| Untracked 
| 143|0x0000000088f00000, 0x0000000088f00000, 0x0000000089000000|  0%| F|  |TAMS 0x0000000088f00000, 0x0000000088f00000| Untracked 
| 144|0x0000000089000000, 0x0000000089000000, 0x0000000089100000|  0%| F|  |TAMS 0x0000000089000000, 0x0000000089000000| Untracked 
| 145|0x0000000089100000, 0x0000000089100000, 0x0000000089200000|  0%| F|  |TAMS 0x0000000089100000, 0x0000000089100000| Untracked 
| 146|0x0000000089200000, 0x0000000089200000, 0x0000000089300000|  0%| F|  |TAMS 0x0000000089200000, 0x0000000089200000| Untracked 
| 147|0x0000000089300000, 0x0000000089300000, 0x0000000089400000|  0%| F|  |TAMS 0x0000000089300000, 0x0000000089300000| Untracked 
| 148|0x0000000089400000, 0x0000000089400000, 0x0000000089500000|  0%| F|  |TAMS 0x0000000089400000, 0x0000000089400000| Untracked 
| 149|0x0000000089500000, 0x0000000089500000, 0x0000000089600000|  0%| F|  |TAMS 0x0000000089500000, 0x0000000089500000| Untracked 
| 150|0x0000000089600000, 0x0000000089600000, 0x0000000089700000|  0%| F|  |TAMS 0x0000000089600000, 0x0000000089600000| Untracked 
| 151|0x0000000089700000, 0x0000000089700000, 0x0000000089800000|  0%| F|  |TAMS 0x0000000089700000, 0x0000000089700000| Untracked 
| 152|0x0000000089800000, 0x0000000089800000, 0x0000000089900000|  0%| F|  |TAMS 0x0000000089800000, 0x0000000089800000| Untracked 
| 153|0x0000000089900000, 0x0000000089900000, 0x0000000089a00000|  0%| F|  |TAMS 0x0000000089900000, 0x0000000089900000| Untracked 
| 154|0x0000000089a00000, 0x0000000089a00000, 0x0000000089b00000|  0%| F|  |TAMS 0x0000000089a00000, 0x0000000089a00000| Untracked 
| 155|0x0000000089b00000, 0x0000000089b00000, 0x0000000089c00000|  0%| F|  |TAMS 0x0000000089b00000, 0x0000000089b00000| Untracked 
| 156|0x0000000089c00000, 0x0000000089c00000, 0x0000000089d00000|  0%| F|  |TAMS 0x0000000089c00000, 0x0000000089c00000| Untracked 
| 157|0x0000000089d00000, 0x0000000089d00000, 0x0000000089e00000|  0%| F|  |TAMS 0x0000000089d00000, 0x0000000089d00000| Untracked 
| 158|0x0000000089e00000, 0x0000000089e00000, 0x0000000089f00000|  0%| F|  |TAMS 0x0000000089e00000, 0x0000000089e00000| Untracked 
| 159|0x0000000089f00000, 0x0000000089f00000, 0x000000008a000000|  0%| F|  |TAMS 0x0000000089f00000, 0x0000000089f00000| Untracked 
| 160|0x000000008a000000, 0x000000008a000000, 0x000000008a100000|  0%| F|  |TAMS 0x000000008a000000, 0x000000008a000000| Untracked 
| 161|0x000000008a100000, 0x000000008a100000, 0x000000008a200000|  0%| F|  |TAMS 0x000000008a100000, 0x000000008a100000| Untracked 
| 162|0x000000008a200000, 0x000000008a200000, 0x000000008a300000|  0%| F|  |TAMS 0x000000008a200000, 0x000000008a200000| Untracked 
| 163|0x000000008a300000, 0x000000008a300000, 0x000000008a400000|  0%| F|  |TAMS 0x000000008a300000, 0x000000008a300000| Untracked 
| 164|0x000000008a400000, 0x000000008a400000, 0x000000008a500000|  0%| F|  |TAMS 0x000000008a400000, 0x000000008a400000| Untracked 
| 165|0x000000008a500000, 0x000000008a500000, 0x000000008a600000|  0%| F|  |TAMS 0x000000008a500000, 0x000000008a500000| Untracked 
| 166|0x000000008a600000, 0x000000008a600000, 0x000000008a700000|  0%| F|  |TAMS 0x000000008a600000, 0x000000008a600000| Untracked 
| 167|0x000000008a700000, 0x000000008a700000, 0x000000008a800000|  0%| F|  |TAMS 0x000000008a700000, 0x000000008a700000| Untracked 
| 168|0x000000008a800000, 0x000000008a800000, 0x000000008a900000|  0%| F|  |TAMS 0x000000008a800000, 0x000000008a800000| Untracked 
| 169|0x000000008a900000, 0x000000008a900000, 0x000000008aa00000|  0%| F|  |TAMS 0x000000008a900000, 0x000000008a900000| Untracked 
| 170|0x000000008aa00000, 0x000000008aa00000, 0x000000008ab00000|  0%| F|  |TAMS 0x000000008aa00000, 0x000000008aa00000| Untracked 
| 171|0x000000008ab00000, 0x000000008ab00000, 0x000000008ac00000|  0%| F|  |TAMS 0x000000008ab00000, 0x000000008ab00000| Untracked 
| 172|0x000000008ac00000, 0x000000008ad00000, 0x000000008ad00000|100%| E|  |TAMS 0x000000008ac00000, 0x000000008ac00000| Complete 
| 173|0x000000008ad00000, 0x000000008ae00000, 0x000000008ae00000|100%| E|CS|TAMS 0x000000008ad00000, 0x000000008ad00000| Complete 
| 174|0x000000008ae00000, 0x000000008af00000, 0x000000008af00000|100%| E|CS|TAMS 0x000000008ae00000, 0x000000008ae00000| Complete 
| 175|0x000000008af00000, 0x000000008b000000, 0x000000008b000000|100%| E|CS|TAMS 0x000000008af00000, 0x000000008af00000| Complete 
| 176|0x000000008b000000, 0x000000008b100000, 0x000000008b100000|100%| E|CS|TAMS 0x000000008b000000, 0x000000008b000000| Complete 
| 177|0x000000008b100000, 0x000000008b200000, 0x000000008b200000|100%| E|CS|TAMS 0x000000008b100000, 0x000000008b100000| Complete 
| 178|0x000000008b200000, 0x000000008b300000, 0x000000008b300000|100%| E|CS|TAMS 0x000000008b200000, 0x000000008b200000| Complete 
| 179|0x000000008b300000, 0x000000008b400000, 0x000000008b400000|100%| E|CS|TAMS 0x000000008b300000, 0x000000008b300000| Complete 
| 180|0x000000008b400000, 0x000000008b500000, 0x000000008b500000|100%| E|CS|TAMS 0x000000008b400000, 0x000000008b400000| Complete 
| 181|0x000000008b500000, 0x000000008b600000, 0x000000008b600000|100%| E|CS|TAMS 0x000000008b500000, 0x000000008b500000| Complete 
| 182|0x000000008b600000, 0x000000008b700000, 0x000000008b700000|100%| E|CS|TAMS 0x000000008b600000, 0x000000008b600000| Complete 
| 183|0x000000008b700000, 0x000000008b800000, 0x000000008b800000|100%| E|CS|TAMS 0x000000008b700000, 0x000000008b700000| Complete 
| 184|0x000000008b800000, 0x000000008b900000, 0x000000008b900000|100%| E|CS|TAMS 0x000000008b800000, 0x000000008b800000| Complete 
| 185|0x000000008b900000, 0x000000008ba00000, 0x000000008ba00000|100%| E|CS|TAMS 0x000000008b900000, 0x000000008b900000| Complete 
| 186|0x000000008ba00000, 0x000000008bb00000, 0x000000008bb00000|100%| E|CS|TAMS 0x000000008ba00000, 0x000000008ba00000| Complete 
| 187|0x000000008bb00000, 0x000000008bc00000, 0x000000008bc00000|100%| E|CS|TAMS 0x000000008bb00000, 0x000000008bb00000| Complete 
| 188|0x000000008bc00000, 0x000000008bd00000, 0x000000008bd00000|100%| E|CS|TAMS 0x000000008bc00000, 0x000000008bc00000| Complete 
| 189|0x000000008bd00000, 0x000000008be00000, 0x000000008be00000|100%| E|CS|TAMS 0x000000008bd00000, 0x000000008bd00000| Complete 
| 190|0x000000008be00000, 0x000000008bf00000, 0x000000008bf00000|100%| E|CS|TAMS 0x000000008be00000, 0x000000008be00000| Complete 
| 191|0x000000008bf00000, 0x000000008c000000, 0x000000008c000000|100%| E|CS|TAMS 0x000000008bf00000, 0x000000008bf00000| Complete 
| 192|0x000000008c000000, 0x000000008c100000, 0x000000008c100000|100%| E|CS|TAMS 0x000000008c000000, 0x000000008c000000| Complete 
| 193|0x000000008c100000, 0x000000008c200000, 0x000000008c200000|100%| E|CS|TAMS 0x000000008c100000, 0x000000008c100000| Complete 
| 194|0x000000008c200000, 0x000000008c300000, 0x000000008c300000|100%| E|CS|TAMS 0x000000008c200000, 0x000000008c200000| Complete 
| 195|0x000000008c300000, 0x000000008c400000, 0x000000008c400000|100%| E|CS|TAMS 0x000000008c300000, 0x000000008c300000| Complete 
| 196|0x000000008c400000, 0x000000008c500000, 0x000000008c500000|100%| E|CS|TAMS 0x000000008c400000, 0x000000008c400000| Complete 
| 197|0x000000008c500000, 0x000000008c600000, 0x000000008c600000|100%| E|CS|TAMS 0x000000008c500000, 0x000000008c500000| Complete 
| 198|0x000000008c600000, 0x000000008c700000, 0x000000008c700000|100%| E|CS|TAMS 0x000000008c600000, 0x000000008c600000| Complete 
| 199|0x000000008c700000, 0x000000008c800000, 0x000000008c800000|100%| E|CS|TAMS 0x000000008c700000, 0x000000008c700000| Complete 
| 200|0x000000008c800000, 0x000000008c900000, 0x000000008c900000|100%| E|CS|TAMS 0x000000008c800000, 0x000000008c800000| Complete 
| 201|0x000000008c900000, 0x000000008ca00000, 0x000000008ca00000|100%| E|CS|TAMS 0x000000008c900000, 0x000000008c900000| Complete 
| 202|0x000000008ca00000, 0x000000008cb00000, 0x000000008cb00000|100%| E|CS|TAMS 0x000000008ca00000, 0x000000008ca00000| Complete 
| 203|0x000000008cb00000, 0x000000008cc00000, 0x000000008cc00000|100%| E|CS|TAMS 0x000000008cb00000, 0x000000008cb00000| Complete 
| 204|0x000000008cc00000, 0x000000008cd00000, 0x000000008cd00000|100%| E|CS|TAMS 0x000000008cc00000, 0x000000008cc00000| Complete 
| 205|0x000000008cd00000, 0x000000008ce00000, 0x000000008ce00000|100%| E|CS|TAMS 0x000000008cd00000, 0x000000008cd00000| Complete 
| 206|0x000000008ce00000, 0x000000008cf00000, 0x000000008cf00000|100%| E|CS|TAMS 0x000000008ce00000, 0x000000008ce00000| Complete 
| 207|0x000000008cf00000, 0x000000008d000000, 0x000000008d000000|100%| E|CS|TAMS 0x000000008cf00000, 0x000000008cf00000| Complete 
| 208|0x000000008d000000, 0x000000008d100000, 0x000000008d100000|100%| E|CS|TAMS 0x000000008d000000, 0x000000008d000000| Complete 
| 209|0x000000008d100000, 0x000000008d200000, 0x000000008d200000|100%| E|CS|TAMS 0x000000008d100000, 0x000000008d100000| Complete 
| 210|0x000000008d200000, 0x000000008d300000, 0x000000008d300000|100%| E|CS|TAMS 0x000000008d200000, 0x000000008d200000| Complete 
| 211|0x000000008d300000, 0x000000008d400000, 0x000000008d400000|100%| E|CS|TAMS 0x000000008d300000, 0x000000008d300000| Complete 
| 212|0x000000008d400000, 0x000000008d500000, 0x000000008d500000|100%| E|CS|TAMS 0x000000008d400000, 0x000000008d400000| Complete 
| 213|0x000000008d500000, 0x000000008d600000, 0x000000008d600000|100%| E|CS|TAMS 0x000000008d500000, 0x000000008d500000| Complete 
| 214|0x000000008d600000, 0x000000008d700000, 0x000000008d700000|100%| E|CS|TAMS 0x000000008d600000, 0x000000008d600000| Complete 
| 215|0x000000008d700000, 0x000000008d800000, 0x000000008d800000|100%| E|CS|TAMS 0x000000008d700000, 0x000000008d700000| Complete 
| 216|0x000000008d800000, 0x000000008d900000, 0x000000008d900000|100%| E|CS|TAMS 0x000000008d800000, 0x000000008d800000| Complete 
| 217|0x000000008d900000, 0x000000008da00000, 0x000000008da00000|100%| E|CS|TAMS 0x000000008d900000, 0x000000008d900000| Complete 
| 218|0x000000008da00000, 0x000000008db00000, 0x000000008db00000|100%| E|CS|TAMS 0x000000008da00000, 0x000000008da00000| Complete 
| 219|0x000000008db00000, 0x000000008dc00000, 0x000000008dc00000|100%| E|CS|TAMS 0x000000008db00000, 0x000000008db00000| Complete 
| 220|0x000000008dc00000, 0x000000008dd00000, 0x000000008dd00000|100%| E|CS|TAMS 0x000000008dc00000, 0x000000008dc00000| Complete 
| 221|0x000000008dd00000, 0x000000008ddadfe0, 0x000000008de00000| 67%| S|CS|TAMS 0x000000008dd00000, 0x000000008dd00000| Complete 
| 222|0x000000008de00000, 0x000000008df00000, 0x000000008df00000|100%| E|CS|TAMS 0x000000008de00000, 0x000000008de00000| Complete 
| 223|0x000000008df00000, 0x000000008e000000, 0x000000008e000000|100%| E|CS|TAMS 0x000000008df00000, 0x000000008df00000| Complete 
| 224|0x000000008e000000, 0x000000008e100000, 0x000000008e100000|100%| E|CS|TAMS 0x000000008e000000, 0x000000008e000000| Complete 
| 225|0x000000008e100000, 0x000000008e200000, 0x000000008e200000|100%| E|CS|TAMS 0x000000008e100000, 0x000000008e100000| Complete 
| 226|0x000000008e200000, 0x000000008e300000, 0x000000008e300000|100%| E|CS|TAMS 0x000000008e200000, 0x000000008e200000| Complete 
| 227|0x000000008e300000, 0x000000008e400000, 0x000000008e400000|100%| E|CS|TAMS 0x000000008e300000, 0x000000008e300000| Complete 
| 228|0x000000008e400000, 0x000000008e500000, 0x000000008e500000|100%| E|CS|TAMS 0x000000008e400000, 0x000000008e400000| Complete 
| 229|0x000000008e500000, 0x000000008e600000, 0x000000008e600000|100%| E|CS|TAMS 0x000000008e500000, 0x000000008e500000| Complete 
| 230|0x000000008e600000, 0x000000008e700000, 0x000000008e700000|100%| E|CS|TAMS 0x000000008e600000, 0x000000008e600000| Complete 
| 231|0x000000008e700000, 0x000000008e800000, 0x000000008e800000|100%| E|CS|TAMS 0x000000008e700000, 0x000000008e700000| Complete 
| 232|0x000000008e800000, 0x000000008e900000, 0x000000008e900000|100%| E|CS|TAMS 0x000000008e800000, 0x000000008e800000| Complete 
| 233|0x000000008e900000, 0x000000008ea00000, 0x000000008ea00000|100%| E|CS|TAMS 0x000000008e900000, 0x000000008e900000| Complete 
| 234|0x000000008ea00000, 0x000000008eb00000, 0x000000008eb00000|100%| E|CS|TAMS 0x000000008ea00000, 0x000000008ea00000| Complete 
| 235|0x000000008eb00000, 0x000000008ec00000, 0x000000008ec00000|100%| E|CS|TAMS 0x000000008eb00000, 0x000000008eb00000| Complete 
| 236|0x000000008ec00000, 0x000000008ed00000, 0x000000008ed00000|100%| E|CS|TAMS 0x000000008ec00000, 0x000000008ec00000| Complete 
| 237|0x000000008ed00000, 0x000000008ee00000, 0x000000008ee00000|100%| E|CS|TAMS 0x000000008ed00000, 0x000000008ed00000| Complete 
| 238|0x000000008ee00000, 0x000000008ef00000, 0x000000008ef00000|100%| E|CS|TAMS 0x000000008ee00000, 0x000000008ee00000| Complete 
| 239|0x000000008ef00000, 0x000000008f000000, 0x000000008f000000|100%| E|CS|TAMS 0x000000008ef00000, 0x000000008ef00000| Complete 
| 240|0x000000008f000000, 0x000000008f100000, 0x000000008f100000|100%| E|CS|TAMS 0x000000008f000000, 0x000000008f000000| Complete 
| 241|0x000000008f100000, 0x000000008f200000, 0x000000008f200000|100%| E|CS|TAMS 0x000000008f100000, 0x000000008f100000| Complete 
| 242|0x000000008f200000, 0x000000008f300000, 0x000000008f300000|100%| E|CS|TAMS 0x000000008f200000, 0x000000008f200000| Complete 
| 243|0x000000008f300000, 0x000000008f400000, 0x000000008f400000|100%| E|CS|TAMS 0x000000008f300000, 0x000000008f300000| Complete 
| 244|0x000000008f400000, 0x000000008f500000, 0x000000008f500000|100%| E|CS|TAMS 0x000000008f400000, 0x000000008f400000| Complete 
| 245|0x000000008f500000, 0x000000008f600000, 0x000000008f600000|100%| E|CS|TAMS 0x000000008f500000, 0x000000008f500000| Complete 
| 246|0x000000008f600000, 0x000000008f700000, 0x000000008f700000|100%| E|CS|TAMS 0x000000008f600000, 0x000000008f600000| Complete 
| 247|0x000000008f700000, 0x000000008f800000, 0x000000008f800000|100%| E|CS|TAMS 0x000000008f700000, 0x000000008f700000| Complete 
| 248|0x000000008f800000, 0x000000008f900000, 0x000000008f900000|100%| E|CS|TAMS 0x000000008f800000, 0x000000008f800000| Complete 
| 249|0x000000008f900000, 0x000000008fa00000, 0x000000008fa00000|100%| E|CS|TAMS 0x000000008f900000, 0x000000008f900000| Complete 
| 250|0x000000008fa00000, 0x000000008fb00000, 0x000000008fb00000|100%| E|CS|TAMS 0x000000008fa00000, 0x000000008fa00000| Complete 
| 251|0x000000008fb00000, 0x000000008fc00000, 0x000000008fc00000|100%| E|CS|TAMS 0x000000008fb00000, 0x000000008fb00000| Complete 

Card table byte_map: [0x00000184526a0000,0x0000018452aa0000] _byte_map_base: 0x00000184522a0000

Marking Bits (Prev, Next): (CMBitMap*) 0x000001843b7239f0, (CMBitMap*) 0x000001843b723a30
 Prev Bits: [0x0000018452ea0000, 0x0000018454ea0000)
 Next Bits: [0x0000018454ea0000, 0x0000018456ea0000)

Polling page: 0x000001843ae90000

Metaspace:

Usage:
  Non-class:     13.80 MB used.
      Class:      2.30 MB used.
       Both:     16.11 MB used.

Virtual space:
  Non-class space:       64.00 MB reserved,      13.94 MB ( 22%) committed,  1 nodes.
      Class space:      416.00 MB reserved,       2.44 MB ( <1%) committed,  1 nodes.
             Both:      480.00 MB reserved,      16.38 MB (  3%) committed. 

Chunk freelists:
   Non-Class:  1.61 MB
       Class:  13.58 MB
        Both:  15.19 MB

MaxMetaspaceSize: 512.00 MB
CompressedClassSpaceSize: 416.00 MB
Initial GC threshold: 21.00 MB
Current GC threshold: 21.00 MB
CDS: on
MetaspaceReclaimPolicy: balanced
 - commit_granule_bytes: 65536.
 - commit_granule_words: 8192.
 - virtual_space_node_default_size: 8388608.
 - enlarge_chunks_in_place: 1.
 - new_chunks_are_fully_committed: 0.
 - uncommit_free_chunks: 1.
 - use_allocation_guard: 0.
 - handle_deallocations: 1.


Internal statistics:

num_allocs_failed_limit: 0.
num_arena_births: 216.
num_arena_deaths: 0.
num_vsnodes_births: 2.
num_vsnodes_deaths: 0.
num_space_committed: 263.
num_space_uncommitted: 0.
num_chunks_returned_to_freelist: 0.
num_chunks_taken_from_freelist: 759.
num_chunk_merges: 0.
num_chunk_splits: 507.
num_chunks_enlarged: 372.
num_inconsistent_stats: 0.

CodeHeap 'non-profiled nmethods': size=120000Kb used=1232Kb max_used=1232Kb free=118767Kb
 bounds [0x000001844aa40000, 0x000001844acb0000, 0x0000018451f70000]
CodeHeap 'profiled nmethods': size=120000Kb used=4786Kb max_used=4786Kb free=115213Kb
 bounds [0x0000018442f70000, 0x0000018443420000, 0x000001844a4a0000]
CodeHeap 'non-nmethods': size=5760Kb used=1240Kb max_used=1275Kb free=4519Kb
 bounds [0x000001844a4a0000, 0x000001844a710000, 0x000001844aa40000]
 total_blobs=2872 nmethods=2336 adapters=448
 compilation: enabled
              stopped_count=0, restarted_count=0
 full_count=0

Compilation events (20 events):
Event: 4.724 Thread 0x000001845994b9c0 2322       3       sun.nio.fs.WindowsPath::elementAsString (62 bytes)
Event: 4.725 Thread 0x000001845994b9c0 nmethod 2322 0x0000018443411910 code [0x0000018443411b20, 0x0000018443411fc8]
Event: 4.725 Thread 0x000001845994b9c0 2323       3       java.util.concurrent.locks.ReentrantLock::unlock (10 bytes)
Event: 4.725 Thread 0x000001845994b9c0 nmethod 2323 0x0000018443412310 code [0x00000184434124e0, 0x00000184434127b8]
Event: 4.729 Thread 0x000001845994b9c0 2325       3       java.nio.ByteBuffer::limit (6 bytes)
Event: 4.729 Thread 0x000001845994b9c0 nmethod 2325 0x0000018443412910 code [0x0000018443412ac0, 0x0000018443412c88]
Event: 4.740 Thread 0x000001845994b9c0 2326   !   3       org.gradle.internal.classloader.TransformingClassLoader::findClass (203 bytes)
Event: 4.743 Thread 0x000001845994b9c0 nmethod 2326 0x0000018443412d10 code [0x00000184434131e0, 0x00000184434155d8]
Event: 4.743 Thread 0x000001845994b9c0 2327       3       org.gradle.initialization.MixInLegacyTypesClassLoader::shouldTransform (42 bytes)
Event: 4.743 Thread 0x000001845994b9c0 nmethod 2327 0x0000018443416590 code [0x0000018443416760, 0x0000018443416b58]
Event: 4.744 Thread 0x000001845994b9c0 2328       3       java.lang.Package$VersionInfo::<init> (44 bytes)
Event: 4.744 Thread 0x000001845994b9c0 nmethod 2328 0x0000018443416d10 code [0x0000018443416ec0, 0x00000184434172b8]
Event: 4.768 Thread 0x000001845994b9c0 2329       3       java.lang.reflect.Constructor::newInstanceWithCaller (75 bytes)
Event: 4.769 Thread 0x000001845994b9c0 nmethod 2329 0x0000018443417390 code [0x0000018443417580, 0x0000018443417998]
Event: 4.769 Thread 0x000001845994b9c0 2330       3       jdk.internal.reflect.DelegatingConstructorAccessorImpl::newInstance (9 bytes)
Event: 4.769 Thread 0x000001845994b9c0 nmethod 2330 0x0000018443417b10 code [0x0000018443417cc0, 0x0000018443417e88]
Event: 5.019 Thread 0x000001845994b9c0 2331       3       java.util.concurrent.locks.ReentrantLock$NonfairSync::initialTryLock (58 bytes)
Event: 5.020 Thread 0x000001845994b9c0 nmethod 2331 0x0000018443417f90 code [0x0000018443418160, 0x0000018443418578]
Event: 5.295 Thread 0x000001845994b9c0 2332       3       java.util.concurrent.locks.AbstractQueuedSynchronizer::signalNext (34 bytes)
Event: 5.786 Thread 0x000001845994b9c0 nmethod 2332 0x0000018443418690 code [0x0000018443418860, 0x0000018443418b18]

GC Heap History (4 events):
Event: 1.930 GC heap before
{Heap before GC invocations=0 (full 0):
 garbage-first heap   total 258048K, used 26624K [0x0000000080000000, 0x0000000100000000)
  region size 1024K, 23 young (23552K), 0 survivors (0K)
 Metaspace       used 3074K, committed 3200K, reserved 491520K
  class space    used 394K, committed 448K, reserved 425984K
}
Event: 1.933 GC heap after
{Heap after GC invocations=1 (full 0):
 garbage-first heap   total 258048K, used 10866K [0x0000000080000000, 0x0000000100000000)
  region size 1024K, 3 young (3072K), 3 survivors (3072K)
 Metaspace       used 3074K, committed 3200K, reserved 491520K
  class space    used 394K, committed 448K, reserved 425984K
}
Event: 2.522 GC heap before
{Heap before GC invocations=1 (full 0):
 garbage-first heap   total 258048K, used 38514K [0x0000000080000000, 0x0000000100000000)
  region size 1024K, 30 young (30720K), 3 survivors (3072K)
 Metaspace       used 3994K, committed 4160K, reserved 491520K
  class space    used 491K, committed 576K, reserved 425984K
}
Event: 2.524 GC heap after
{Heap after GC invocations=2 (full 0):
 garbage-first heap   total 258048K, used 11408K [0x0000000080000000, 0x0000000100000000)
  region size 1024K, 1 young (1024K), 1 survivors (1024K)
 Metaspace       used 3994K, committed 4160K, reserved 491520K
  class space    used 491K, committed 576K, reserved 425984K
}

Deoptimization events (20 events):
Event: 4.102 Thread 0x00000184794403e0 Uncommon trap: trap_request=0xffffff45 fr.pc=0x000001844ab13f20 relative=0x0000000000000280
Event: 4.102 Thread 0x00000184794403e0 Uncommon trap: reason=unstable_if action=reinterpret pc=0x000001844ab13f20 method=java.util.concurrent.ConcurrentHashMap.get(Ljava/lang/Object;)Ljava/lang/Object; @ 152 c2
Event: 4.102 Thread 0x00000184794403e0 DEOPT PACKING pc=0x000001844ab13f20 sp=0x00000057677fb700
Event: 4.102 Thread 0x00000184794403e0 DEOPT UNPACKING pc=0x000001844a4f5ba3 sp=0x00000057677fb668 mode 2
Event: 4.485 Thread 0x00000184794403e0 Uncommon trap: trap_request=0xffffff45 fr.pc=0x000001844aa61a14 relative=0x0000000000000b94
Event: 4.485 Thread 0x00000184794403e0 Uncommon trap: reason=unstable_if action=reinterpret pc=0x000001844aa61a14 method=java.io.WinNTFileSystem.resolve(Ljava/lang/String;Ljava/lang/String;)Ljava/lang/String; @ 19 c2
Event: 4.485 Thread 0x00000184794403e0 DEOPT PACKING pc=0x000001844aa61a14 sp=0x00000057677fb540
Event: 4.485 Thread 0x00000184794403e0 DEOPT UNPACKING pc=0x000001844a4f5ba3 sp=0x00000057677fb4e8 mode 2
Event: 4.488 Thread 0x00000184794403e0 Uncommon trap: trap_request=0xffffff45 fr.pc=0x000001844aabb1d0 relative=0x0000000000000610
Event: 4.488 Thread 0x00000184794403e0 Uncommon trap: reason=unstable_if action=reinterpret pc=0x000001844aabb1d0 method=java.io.File.getName()Ljava/lang/String; @ 16 c2
Event: 4.488 Thread 0x00000184794403e0 DEOPT PACKING pc=0x000001844aabb1d0 sp=0x00000057677fb4e0
Event: 4.488 Thread 0x00000184794403e0 DEOPT UNPACKING pc=0x000001844a4f5ba3 sp=0x00000057677fb4b0 mode 2
Event: 4.549 Thread 0x00000184794403e0 Uncommon trap: trap_request=0xffffff45 fr.pc=0x000001844aa656f8 relative=0x00000000000000d8
Event: 4.549 Thread 0x00000184794403e0 Uncommon trap: reason=unstable_if action=reinterpret pc=0x000001844aa656f8 method=java.util.HashMap.hash(Ljava/lang/Object;)I @ 1 c2
Event: 4.549 Thread 0x00000184794403e0 DEOPT PACKING pc=0x000001844aa656f8 sp=0x00000057677fc250
Event: 4.549 Thread 0x00000184794403e0 DEOPT UNPACKING pc=0x000001844a4f5ba3 sp=0x00000057677fc190 mode 2
Event: 4.588 Thread 0x00000184794403e0 Uncommon trap: trap_request=0xffffff45 fr.pc=0x000001844aace264 relative=0x0000000000000744
Event: 4.588 Thread 0x00000184794403e0 Uncommon trap: reason=unstable_if action=reinterpret pc=0x000001844aace264 method=java.util.ArrayList.grow(I)[Ljava/lang/Object; @ 17 c2
Event: 4.588 Thread 0x00000184794403e0 DEOPT PACKING pc=0x000001844aace264 sp=0x00000057677fce80
Event: 4.588 Thread 0x00000184794403e0 DEOPT UNPACKING pc=0x000001844a4f5ba3 sp=0x00000057677fcd18 mode 2

Classes unloaded (0 events):
No events

Classes redefined (0 events):
No events

Internal exceptions (20 events):
Event: 4.208 Thread 0x00000184794403e0 Exception <a 'java/lang/NoSuchMethodError'{0x000000008c612650}: 'void java.lang.invoke.DelegatingMethodHandle$Holder.reinvoke_L(java.lang.Object, java.lang.Object, java.lang.Object, java.lang.Object, java.lang.Object, java.lang.Object, java.lang.Object, java.lang.Object, java.lang.Object, java.lang.Object)'> (0x000000008c612650) 
thrown [s\open\src\hotspot\share\interpreter\linkResolver.cpp, line 759]
Event: 4.209 Thread 0x00000184794403e0 Exception <a 'java/lang/NoSuchMethodError'{0x000000008c61aac0}: 'java.lang.Object java.lang.invoke.DirectMethodHandle$Holder.invokeSpecial(java.lang.Object, java.lang.Object, java.lang.Object, java.lang.Object, java.lang.Object, java.lang.Object, java.lang.Object, java.lang.Object, java.lang.Object, java.lang.Object)'> (0x000000008c61aac0) 
thrown [s\open\src\hotspot\share\interpreter\linkResolver.cpp, line 759]
Event: 4.209 Thread 0x00000184794403e0 Exception <a 'java/lang/NoSuchMethodError'{0x000000008c61f390}: 'java.lang.Object java.lang.invoke.Invokers$Holder.invoker(java.lang.Object, java.lang.Object, java.lang.Object, java.lang.Object, java.lang.Object, java.lang.Object, java.lang.Object, java.lang.Object, java.lang.Object, java.lang.Object)'> (0x000000008c61f390) 
thrown [s\open\src\hotspot\share\interpreter\linkResolver.cpp, line 759]
Event: 4.209 Thread 0x00000184794403e0 Exception <a 'java/lang/NoSuchMethodError'{0x000000008c624f18}: 'java.lang.Object java.lang.invoke.DirectMethodHandle$Holder.invokeSpecial(java.lang.Object, java.lang.Object, java.lang.Object, java.lang.Object, java.lang.Object, java.lang.Object, java.lang.Object, java.lang.Object, java.lang.Object, java.lang.Object, java.lang.Object)'> (0x000000008c624f18) 
thrown [s\open\src\hotspot\share\interpreter\linkResolver.cpp, line 759]
Event: 4.348 Thread 0x00000184794403e0 Exception <a 'java/lang/NoSuchMethodError'{0x000000008c1eb968}: 'void java.lang.invoke.DirectMethodHandle$Holder.invokeStaticInit(java.lang.Object)'> (0x000000008c1eb968) 
thrown [s\open\src\hotspot\share\interpreter\linkResolver.cpp, line 759]
Event: 4.361 Thread 0x00000184794403e0 Exception <a 'java/lang/NoSuchMethodError'{0x000000008c0a3af8}: 'java.lang.Object java.lang.invoke.DirectMethodHandle$Holder.newInvokeSpecial(java.lang.Object, java.lang.Object, java.lang.Object, int)'> (0x000000008c0a3af8) 
thrown [s\open\src\hotspot\share\interpreter\linkResolver.cpp, line 759]
Event: 4.362 Thread 0x00000184794403e0 Exception <a 'java/lang/NoSuchMethodError'{0x000000008c0a8428}: 'java.lang.Object java.lang.invoke.DirectMethodHandle$Holder.invokeSpecial(java.lang.Object, java.lang.Object, java.lang.Object, java.lang.Object, int)'> (0x000000008c0a8428) 
thrown [s\open\src\hotspot\share\interpreter\linkResolver.cpp, line 759]
Event: 4.362 Thread 0x00000184794403e0 Exception <a 'java/lang/NoSuchMethodError'{0x000000008c0ac540}: 'java.lang.Object java.lang.invoke.Invokers$Holder.linkToTargetMethod(java.lang.Object, java.lang.Object, int, java.lang.Object)'> (0x000000008c0ac540) 
thrown [s\open\src\hotspot\share\interpreter\linkResolver.cpp, line 759]
Event: 4.508 Thread 0x00000184794403e0 Exception <a 'java/lang/NoSuchMethodError'{0x000000008bbce110}: 'int java.lang.invoke.DirectMethodHandle$Holder.invokeVirtual(java.lang.Object, java.lang.Object, java.lang.Object)'> (0x000000008bbce110) 
thrown [s\open\src\hotspot\share\interpreter\linkResolver.cpp, line 759]
Event: 4.526 Thread 0x00000184794403e0 Exception <a 'java/lang/NoSuchMethodError'{0x000000008bad5690}: 'int java.lang.invoke.DirectMethodHandle$Holder.invokeSpecialIFC(java.lang.Object, java.lang.Object, java.lang.Object, java.lang.Object)'> (0x000000008bad5690) 
thrown [s\open\src\hotspot\share\interpreter\linkResolver.cpp, line 759]
Event: 4.527 Thread 0x00000184794403e0 Exception <a 'java/lang/NoSuchMethodError'{0x000000008bae4500}: 'java.lang.Object java.lang.invoke.DirectMethodHandle$Holder.invokeInterface(java.lang.Object, java.lang.Object, java.lang.Object)'> (0x000000008bae4500) 
thrown [s\open\src\hotspot\share\interpreter\linkResolver.cpp, line 759]
Event: 4.527 Thread 0x00000184794403e0 Exception <a 'java/lang/IncompatibleClassChangeError'{0x000000008bae8118}: Found class java.lang.Object, but interface was expected> (0x000000008bae8118) 
thrown [s\open\src\hotspot\share\interpreter\linkResolver.cpp, line 826]
Event: 4.549 Thread 0x00000184794403e0 Implicit null exception at 0x000001844aa65658 to 0x000001844aa656ee
Event: 4.564 Thread 0x00000184794403e0 Exception <a 'java/lang/NoSuchMethodError'{0x000000008b8b6910}: 'int java.lang.invoke.DirectMethodHandle$Holder.invokeStatic(java.lang.Object, java.lang.Object, java.lang.Object, java.lang.Object)'> (0x000000008b8b6910) 
thrown [s\open\src\hotspot\share\interpreter\linkResolver.cpp, line 759]
Event: 4.565 Thread 0x00000184794403e0 Exception <a 'java/lang/NoSuchMethodError'{0x000000008b8ba538}: 'java.lang.Object java.lang.invoke.Invokers$Holder.invokeExact_MT(java.lang.Object, java.lang.Object, java.lang.Object, java.lang.Object, java.lang.Object, java.lang.Object)'> (0x000000008b8ba538) 
thrown [s\open\src\hotspot\share\interpreter\linkResolver.cpp, line 759]
Event: 4.632 Thread 0x00000184794403e0 Exception <a 'java/lang/IncompatibleClassChangeError'{0x000000008b5e06e0}: Found class java.lang.Object, but interface was expected> (0x000000008b5e06e0) 
thrown [s\open\src\hotspot\share\interpreter\linkResolver.cpp, line 826]
Event: 4.692 Thread 0x00000184794408f0 Exception <a 'java/lang/NoSuchMethodError'{0x000000008b13a4d8}: static Lorg/gradle/internal/build/event/types/DefaultOperationStartedProgressEvent;.<clinit>()V> (0x000000008b13a4d8) 
thrown [s\open\src\hotspot\share\prims\jni.cpp, line 1107]
Event: 4.692 Thread 0x00000184794408f0 Exception <a 'java/lang/NoSuchMethodError'{0x000000008b13c560}: static Lorg/gradle/internal/build/event/types/AbstractProgressEvent;.<clinit>()V> (0x000000008b13c560) 
thrown [s\open\src\hotspot\share\prims\jni.cpp, line 1107]
Event: 4.693 Thread 0x00000184794408f0 Exception <a 'java/lang/NoSuchMethodError'{0x000000008b145610}: static Lorg/gradle/internal/build/event/types/DefaultOperationDescriptor;.<clinit>()V> (0x000000008b145610) 
thrown [s\open\src\hotspot\share\prims\jni.cpp, line 1107]
Event: 4.694 Thread 0x00000184794408f0 Exception <a 'java/lang/NoSuchMethodError'{0x000000008b15c3d0}: static Lorg/gradle/internal/operations/OperationIdentifier;.<clinit>()V> (0x000000008b15c3d0) 
thrown [s\open\src\hotspot\share\prims\jni.cpp, line 1107]

VM Operations (20 events):
Event: 3.507 Executing VM operation: HandshakeAllThreads
Event: 3.507 Executing VM operation: HandshakeAllThreads done
Event: 3.738 Executing VM operation: HandshakeAllThreads
Event: 3.738 Executing VM operation: HandshakeAllThreads done
Event: 3.738 Executing VM operation: Cleanup
Event: 3.738 Executing VM operation: Cleanup done
Event: 3.806 Executing VM operation: HandshakeAllThreads
Event: 3.806 Executing VM operation: HandshakeAllThreads done
Event: 4.186 Executing VM operation: HandshakeAllThreads
Event: 4.186 Executing VM operation: HandshakeAllThreads done
Event: 4.614 Executing VM operation: HandshakeAllThreads
Event: 4.614 Executing VM operation: HandshakeAllThreads done
Event: 4.615 Executing VM operation: HandshakeAllThreads
Event: 4.615 Executing VM operation: HandshakeAllThreads done
Event: 4.714 Executing VM operation: HandshakeAllThreads
Event: 4.714 Executing VM operation: HandshakeAllThreads done
Event: 4.718 Executing VM operation: ICBufferFull
Event: 4.718 Executing VM operation: ICBufferFull done
Event: 5.719 Executing VM operation: Cleanup
Event: 5.786 Executing VM operation: Cleanup done

Events (20 events):
Event: 4.692 loading class java/io/ObjectStreamClass$1 done
Event: 4.692 loading class java/io/ObjectStreamClass$MemberSignature
Event: 4.692 loading class java/io/ObjectStreamClass$MemberSignature done
Event: 4.692 loading class java/io/ObjectStreamClass$3
Event: 4.692 loading class java/io/ObjectStreamClass$3 done
Event: 4.692 loading class java/io/ObjectStreamClass$4
Event: 4.692 loading class java/io/ObjectStreamClass$4 done
Event: 4.692 loading class java/io/ObjectStreamClass$5
Event: 4.692 loading class java/io/ObjectStreamClass$5 done
Event: 4.692 loading class java/io/ObjectStreamClass$ClassDataSlot
Event: 4.692 loading class java/io/ObjectStreamClass$ClassDataSlot done
Event: 4.693 loading class jdk/internal/reflect/UnsafeQualifiedStaticLongFieldAccessorImpl
Event: 4.693 loading class jdk/internal/reflect/UnsafeQualifiedStaticLongFieldAccessorImpl done
Event: 4.694 loading class java/io/UnsupportedEncodingException
Event: 4.694 loading class java/io/UnsupportedEncodingException done
Event: 4.694 loading class java/nio/charset/CharacterCodingException
Event: 4.694 loading class java/nio/charset/CharacterCodingException done
Event: 4.707 Thread 0x0000018479878e70 Thread added: 0x0000018479878e70
Event: 4.765 loading class java/util/function/LongFunction
Event: 4.765 loading class java/util/function/LongFunction done


Dynamic libraries:
0x00007ff748e40000 - 0x00007ff748e50000 	D:\java\jdk-17\bin\java.exe
0x00007fff3d260000 - 0x00007fff3d4c3000 	C:\WINDOWS\SYSTEM32\ntdll.dll
0x00007fff3b2c0000 - 0x00007fff3b388000 	C:\WINDOWS\System32\KERNEL32.DLL
0x00007fff3ac90000 - 0x00007fff3b041000 	C:\WINDOWS\System32\KERNELBASE.dll
0x00007fff3aa80000 - 0x00007fff3abcb000 	C:\WINDOWS\System32\ucrtbase.dll
0x00007ffefa510000 - 0x00007ffefa529000 	D:\java\jdk-17\bin\jli.dll
0x00007fff3c820000 - 0x00007fff3c8d4000 	C:\WINDOWS\System32\ADVAPI32.dll
0x00007fff3d090000 - 0x00007fff3d139000 	C:\WINDOWS\System32\msvcrt.dll
0x00007ffedb910000 - 0x00007ffedb92b000 	D:\java\jdk-17\bin\VCRUNTIME140.dll
0x00007fff3b510000 - 0x00007fff3b5b6000 	C:\WINDOWS\System32\sechost.dll
0x00007fff3b3e0000 - 0x00007fff3b4f6000 	C:\WINDOWS\System32\RPCRT4.dll
0x00007fff3c650000 - 0x00007fff3c818000 	C:\WINDOWS\System32\USER32.dll
0x00007fff3aa50000 - 0x00007fff3aa77000 	C:\WINDOWS\System32\win32u.dll
0x00007fff3bf60000 - 0x00007fff3bf8a000 	C:\WINDOWS\System32\GDI32.dll
0x00007fff3a920000 - 0x00007fff3aa45000 	C:\WINDOWS\System32\gdi32full.dll
0x00007fff1b6f0000 - 0x00007fff1b980000 	C:\WINDOWS\WinSxS\amd64_microsoft.windows.common-controls_6595b64144ccf1df_6.0.26100.2161_none_3e0cadb0e33078e1\COMCTL32.dll
0x00007fff3a6f0000 - 0x00007fff3a793000 	C:\WINDOWS\System32\msvcp_win.dll
0x00007fff2faf0000 - 0x00007fff2fafb000 	C:\WINDOWS\SYSTEM32\VERSION.dll
0x00007fff3c600000 - 0x00007fff3c62f000 	C:\WINDOWS\System32\IMM32.DLL
0x00007fff0a020000 - 0x00007fff0a02c000 	D:\java\jdk-17\bin\vcruntime140_1.dll
0x00007ffed80c0000 - 0x00007ffed814e000 	D:\java\jdk-17\bin\msvcp140.dll
0x00007ffeba270000 - 0x00007ffebae4f000 	D:\java\jdk-17\bin\server\jvm.dll
0x00007fff3c3f0000 - 0x00007fff3c3f8000 	C:\WINDOWS\System32\PSAPI.DLL
0x00007fff2fd30000 - 0x00007fff2fd66000 	C:\WINDOWS\SYSTEM32\WINMM.dll
0x00007fff06390000 - 0x00007fff0639a000 	C:\WINDOWS\SYSTEM32\WSOCK32.dll
0x00007fff3d010000 - 0x00007fff3d084000 	C:\WINDOWS\System32\ws2_32.DLL
0x00007fff394a0000 - 0x00007fff394ba000 	C:\WINDOWS\SYSTEM32\kernel.appcore.dll
0x00007fff060b0000 - 0x00007fff060ba000 	D:\java\jdk-17\bin\jimage.dll
0x00007fff37df0000 - 0x00007fff38031000 	C:\WINDOWS\SYSTEM32\DBGHELP.DLL
0x00007fff3bbe0000 - 0x00007fff3bf5d000 	C:\WINDOWS\System32\combase.dll
0x00007fff3b1e0000 - 0x00007fff3b2b6000 	C:\WINDOWS\System32\OLEAUT32.dll
0x00007fff18320000 - 0x00007fff18359000 	C:\WINDOWS\SYSTEM32\dbgcore.DLL
0x00007fff3a650000 - 0x00007fff3a6e9000 	C:\WINDOWS\System32\bcryptPrimitives.dll
0x00007ffefef30000 - 0x00007ffefef3e000 	D:\java\jdk-17\bin\instrument.dll
0x00007ffeda8f0000 - 0x00007ffeda915000 	D:\java\jdk-17\bin\java.dll
0x00007ffebf7c0000 - 0x00007ffebf897000 	D:\java\jdk-17\bin\jsvml.dll
0x00007fff3c900000 - 0x00007fff3cfff000 	C:\WINDOWS\System32\SHELL32.dll
0x00007fff383a0000 - 0x00007fff38bcd000 	C:\WINDOWS\SYSTEM32\windows.storage.dll
0x00007fff3d140000 - 0x00007fff3d213000 	C:\WINDOWS\System32\SHCORE.dll
0x00007fff3c390000 - 0x00007fff3c3ed000 	C:\WINDOWS\System32\shlwapi.dll
0x00007fff3a560000 - 0x00007fff3a58e000 	C:\WINDOWS\SYSTEM32\profapi.dll
0x00007ffedb8f0000 - 0x00007ffedb908000 	D:\java\jdk-17\bin\zip.dll
0x00007ffeda770000 - 0x00007ffeda789000 	D:\java\jdk-17\bin\net.dll
0x00007fff36170000 - 0x00007fff36296000 	C:\WINDOWS\SYSTEM32\WINHTTP.dll
0x00007fff399a0000 - 0x00007fff39a08000 	C:\WINDOWS\system32\mswsock.dll
0x00007ffeda460000 - 0x00007ffeda476000 	D:\java\jdk-17\bin\nio.dll
0x00007ffef1280000 - 0x00007ffef1290000 	D:\java\jdk-17\bin\verify.dll
0x00007ffeea060000 - 0x00007ffeea087000 	C:\Users\hp\.gradle\native\c067742578af261105cb4f569cf0c3c89f3d7b1fecec35dd04571415982c5e48\windows-amd64\native-platform.dll
0x00007ffeba120000 - 0x00007ffeba264000 	C:\Users\hp\.gradle\native\38dada09dfb8b06ba9b0570ebf7e218e3eb74d4ef43ca46872605cf95ebc2f47\windows-amd64\native-platform-file-events.dll
0x00007fff36aa0000 - 0x00007fff36aaa000 	D:\java\jdk-17\bin\management.dll
0x00007fff36a90000 - 0x00007fff36a9b000 	D:\java\jdk-17\bin\management_ext.dll
0x00007fff39c40000 - 0x00007fff39c5c000 	C:\WINDOWS\SYSTEM32\CRYPTSP.dll
0x00007fff39400000 - 0x00007fff39438000 	C:\WINDOWS\system32\rsaenh.dll
0x00007fff39a40000 - 0x00007fff39a6b000 	C:\WINDOWS\SYSTEM32\USERENV.dll
0x00007fff39e80000 - 0x00007fff39ea6000 	C:\WINDOWS\SYSTEM32\bcrypt.dll
0x00007fff39c60000 - 0x00007fff39c6c000 	C:\WINDOWS\SYSTEM32\CRYPTBASE.dll
0x00007fff38e90000 - 0x00007fff38ec1000 	C:\WINDOWS\SYSTEM32\IPHLPAPI.DLL
0x00007fff3c640000 - 0x00007fff3c64a000 	C:\WINDOWS\System32\NSI.dll
0x00007fff36d10000 - 0x00007fff36d2e000 	C:\WINDOWS\SYSTEM32\dhcpcsvc6.DLL
0x00007fff36c70000 - 0x00007fff36c95000 	C:\WINDOWS\SYSTEM32\dhcpcsvc.DLL
0x00007fff38ed0000 - 0x00007fff38ff5000 	C:\WINDOWS\SYSTEM32\DNSAPI.dll
0x00007fff32fd0000 - 0x00007fff32fde000 	D:\java\jdk-17\bin\sunmscapi.dll
0x00007fff3a7a0000 - 0x00007fff3a916000 	C:\WINDOWS\System32\CRYPT32.dll
0x00007fff39e40000 - 0x00007fff39e70000 	C:\WINDOWS\SYSTEM32\ncrypt.dll
0x00007fff39df0000 - 0x00007fff39e2f000 	C:\WINDOWS\SYSTEM32\NTASN1.dll
0x00007fff1ae90000 - 0x00007fff1ae98000 	C:\WINDOWS\system32\wshunix.dll

dbghelp: loaded successfully - version: 4.0.5 - missing functions: none
symbol engine: initialized successfully - sym options: 0x614 - pdb path: .;D:\java\jdk-17\bin;C:\WINDOWS\SYSTEM32;C:\WINDOWS\WinSxS\amd64_microsoft.windows.common-controls_6595b64144ccf1df_6.0.26100.2161_none_3e0cadb0e33078e1;D:\java\jdk-17\bin\server;C:\Users\hp\.gradle\native\c067742578af261105cb4f569cf0c3c89f3d7b1fecec35dd04571415982c5e48\windows-amd64;C:\Users\hp\.gradle\native\38dada09dfb8b06ba9b0570ebf7e218e3eb74d4ef43ca46872605cf95ebc2f47\windows-amd64

VM Arguments:
jvm_args: -XX:MaxMetaspaceSize=512m --add-opens=java.base/java.util=ALL-UNNAMED --add-opens=java.base/java.lang=ALL-UNNAMED --add-opens=java.base/java.lang.invoke=ALL-UNNAMED --add-opens=java.prefs/java.util.prefs=ALL-UNNAMED --add-opens=java.base/java.nio.charset=ALL-UNNAMED --add-opens=java.base/java.net=ALL-UNNAMED --add-opens=java.base/java.util.concurrent.atomic=ALL-UNNAMED -Xmx2048m -Dfile.encoding=utf8 -Duser.country=US -Duser.language=en -Duser.variant -javaagent:C:\Users\hp\.gradle\wrapper\dists\gradle-8.6-all\3mbtmo166bl6vumsh5k2lkq5h\gradle-8.6\lib\agents\gradle-instrumentation-agent-8.6.jar 
java_command: org.gradle.launcher.daemon.bootstrap.GradleDaemon 8.6
java_class_path (initial): C:\Users\hp\.gradle\wrapper\dists\gradle-8.6-all\3mbtmo166bl6vumsh5k2lkq5h\gradle-8.6\lib\gradle-launcher-8.6.jar
Launcher Type: SUN_STANDARD

[Global flags]
     intx CICompilerCount                          = 4                                         {product} {ergonomic}
   size_t CompressedClassSpaceSize                 = 436207616                                 {product} {ergonomic}
     uint ConcGCThreads                            = 2                                         {product} {ergonomic}
     uint G1ConcRefinementThreads                  = 8                                         {product} {ergonomic}
   size_t G1HeapRegionSize                         = 1048576                                   {product} {ergonomic}
    uintx GCDrainStackTargetSize                   = 64                                        {product} {ergonomic}
   size_t InitialHeapSize                          = 264241152                                 {product} {ergonomic}
   size_t MarkStackSize                            = 4194304                                   {product} {ergonomic}
   size_t MaxHeapSize                              = 2147483648                                {product} {command line}
   size_t MaxMetaspaceSize                         = 536870912                                 {product} {command line}
   size_t MaxNewSize                               = 1287651328                                {product} {ergonomic}
   size_t MinHeapDeltaBytes                        = 1048576                                   {product} {ergonomic}
   size_t MinHeapSize                              = 8388608                                   {product} {ergonomic}
    uintx NonNMethodCodeHeapSize                   = 5839372                                {pd product} {ergonomic}
    uintx NonProfiledCodeHeapSize                  = 122909434                              {pd product} {ergonomic}
    uintx ProfiledCodeHeapSize                     = 122909434                              {pd product} {ergonomic}
    uintx ReservedCodeCacheSize                    = 251658240                              {pd product} {ergonomic}
     bool SegmentedCodeCache                       = true                                      {product} {ergonomic}
   size_t SoftMaxHeapSize                          = 2147483648                             {manageable} {ergonomic}
     bool UseCompressedClassPointers               = true                           {product lp64_product} {ergonomic}
     bool UseCompressedOops                        = true                           {product lp64_product} {ergonomic}
     bool UseG1GC                                  = true                                      {product} {ergonomic}
     bool UseLargePagesIndividualAllocation        = false                                  {pd product} {ergonomic}

Logging:
Log output configuration:
 #0: stdout all=warning uptime,level,tags
 #1: stderr all=off uptime,level,tags

Environment Variables:
JAVA_HOME=D:\java\jdk-17
CLASSPATH=D:\java;D:\Apache tomcat 7.1\lib\servlet-api.jar;
PATH=C:\Program Files\Common Files\Oracle\Java\javapath;D:\python 3.11\Scripts\;D:\python 3.11\;C:\Windows\system32;C:\Windows;C:\Windows\System32\Wbem;C:\Windows\System32\WindowsPowerShell\v1.0\;C:\Windows\System32\OpenSSH\;D:\java software;C:\WINDOWS\system32;C:\WINDOWS;C:\WINDOWS\System32\Wbem;C:\WINDOWS\System32\WindowsPowerShell\v1.0\;C:\WINDOWS\System32\OpenSSH\;D:\minGW\bin;D:\java\jdk-17\bin;D:\Python;D:\sql plus\instantclient_21_11;C:\Program Files\MongoDB\Server\7.0\bin;D:\Software\mysql-connector-j-8.3.0\mysql-connector-j-8.3.0.jar;D:\flutter\bin;C:\ProgramData\chocolatey\bin;D:\Node js\;D:\Android\Sdk\platform-tools;D:\Android\Sdk\emulator;D:\kotlinc\bin;C:\Program Files\dotnet\;C:\Program Files\Microsoft SQL Server\150\Tools\Binn\;C:\Program Files\Microsoft SQL Server\Client SDK\ODBC\170\Tools\Binn\;D:\git\Git\cmd;E:\Visual Studio Code\Microsoft VS Code\bin;C:\Users\hp\AppData\Local\Microsoft\WindowsApps;C:\MinGW\bin;D:\java\jdk-17\bin;C:\Program Files\MongoDB\Server\7.0\bin;D:\mongodb shell\;D:\flutter\bin;C:\Users\hp\AppData\Roaming\npm;C:\Users\hp\.dotnet\tools;
USERNAME=Vivek
OS=Windows_NT
PROCESSOR_IDENTIFIER=Intel64 Family 6 Model 140 Stepping 1, GenuineIntel



---------------  S Y S T E M  ---------------

OS:
 Windows 11 , 64 bit Build 26100 (10.0.26100.2161)
OS uptime: 0 days 6:18 hours
Hyper-V role detected

CPU: total 8 (initial active 8) (4 cores per cpu, 2 threads per core) family 6 model 140 stepping 1 microcode 0xb4, cx8, cmov, fxsr, ht, mmx, 3dnowpref, sse, sse2, sse3, ssse3, sse4.1, sse4.2, popcnt, lzcnt, tsc, tscinvbit, avx, avx2, aes, erms, clmul, bmi1, bmi2, adx, avx512f, avx512dq, avx512cd, avx512bw, avx512vl, sha, fma, vzeroupper, avx512_vpopcntdq, avx512_vpclmulqdq, avx512_vaes, avx512_vnni, clflush, clflushopt, clwb, avx512_vbmi2, avx512_vbmi, hv

Memory: 4k page, system-wide physical 16026M (3293M free)
TotalPageFile size 18074M (AvailPageFile size 37M)
current process WorkingSet (physical memory assigned to process): 195M, peak: 196M
current process commit charge ("private bytes"): 408M, peak: 409M

vm_info: Java HotSpot(TM) 64-Bit Server VM (17.0.10+11-LTS-240) for windows-amd64 JRE (17.0.10+11-LTS-240), built on Dec 19 2023 21:47:25 by "mach5one" with MS VC++ 17.1 (VS2022)

END.
