#
# There is insufficient memory for the Java Runtime Environment to continue.
# Native memory allocation (malloc) failed to allocate 32744 bytes. Error detail: ChunkPool::allocate
# Possible reasons:
#   The system is out of physical RAM or swap space
#   This process is running with CompressedOops enabled, and the Java Heap may be blocking the growth of the native heap
# Possible solutions:
#   Reduce memory load on the system
#   Increase physical memory or swap space
#   Check if swap backing store is full
#   Decrease Java heap size (-Xmx/-Xms)
#   Decrease number of Java threads
#   Decrease Java thread stack sizes (-Xss)
#   Set larger code cache with -XX:ReservedCodeCacheSize=
#   JVM is running with Unscaled Compressed Oops mode in which the Java heap is
#     placed in the first 4GB address space. The Java Heap base address is the
#     maximum limit for the native heap growth. Please use -XX:HeapBaseMinAddress
#     to set the Java Heap base and to place the Java Heap above 4GB virtual address.
# This output file may be truncated or incomplete.
#
#  Out of Memory Error (arena.cpp:79), pid=7960, tid=14192
#
# JRE version: OpenJDK Runtime Environment Temurin-17.0.12+7 (17.0.12+7) (build 17.0.12+7)
# Java VM: OpenJDK 64-Bit Server VM Temurin-17.0.12+7 (17.0.12+7, mixed mode, tiered, compressed oops, compressed class ptrs, parallel gc, windows-amd64)
# No core dump will be written. Minidumps are not enabled by default on client versions of Windows
#

---------------  S U M M A R Y ------------

Command Line: --add-modules=ALL-SYSTEM --add-opens=java.base/java.util=ALL-UNNAMED --add-opens=java.base/java.lang=ALL-UNNAMED --add-opens=java.base/sun.nio.fs=ALL-UNNAMED -Declipse.application=org.eclipse.jdt.ls.core.id1 -Dosgi.bundles.defaultStartLevel=4 -Declipse.product=org.eclipse.jdt.ls.core.product -Djava.import.generatesMetadataFilesAtProjectRoot=false -DDetectVMInstallationsJob.disabled=true -Dfile.encoding=utf8 -XX:+UseParallelGC -XX:GCTimeRatio=4 -XX:AdaptiveSizePolicyWeight=90 -Dsun.zip.disableMemoryMapping=true -Xmx1G -Xms100m -Xlog:disable -javaagent:c:\Users\hp\.vscode\extensions\redhat.java-1.35.1-win32-x64\lombok\lombok-1.18.33.jar -XX:+HeapDumpOnOutOfMemoryError -XX:HeapDumpPath=c:\Users\hp\AppData\Roaming\Code\User\workspaceStorage\95cc6fcd8f6ce4238fa94d105a126180\redhat.java -Daether.dependencyCollector.impl=bf c:\Users\hp\.vscode\extensions\redhat.java-1.35.1-win32-x64\server\plugins\org.eclipse.equinox.launcher_1.6.900.v20240613-2009.jar -configuration c:\Users\hp\AppData\Roaming\Code\User\globalStorage\redhat.java\1.35.1\config_win -data c:\Users\hp\AppData\Roaming\Code\User\workspaceStorage\95cc6fcd8f6ce4238fa94d105a126180\redhat.java\jdt_ws --pipe=\\.\pipe\lsp-c885e4a4abaf733da3a584e4a91fca86-sock

Host: 11th Gen Intel(R) Core(TM) i5-1135G7 @ 2.40GHz, 8 cores, 15G,  Windows 11 , 64 bit Build 26100 (10.0.26100.2161)
Time: Sun Oct 27 18:35:00 2024 India Standard Time elapsed time: 13.446688 seconds (0d 0h 0m 13s)

---------------  T H R E A D  ---------------

Current thread (0x000001bd9b7d5340):  JavaThread "C2 CompilerThread0" daemon [_thread_in_native, id=14192, stack(0x0000007445400000,0x0000007445500000)]


Current CompileTask:
C2:  13446 3233       4       java.util.Arrays::copyOf (19 bytes)

Stack: [0x0000007445400000,0x0000007445500000]
Native frames: (J=compiled Java code, j=interpreted, Vv=VM code, C=native code)
V  [jvm.dll+0x67f929]
V  [jvm.dll+0x8371ba]
V  [jvm.dll+0x838c7e]
V  [jvm.dll+0x8392e3]
V  [jvm.dll+0x24834f]
V  [jvm.dll+0xacbd1]
V  [jvm.dll+0xad01c]
V  [jvm.dll+0x65bce3]
V  [jvm.dll+0x61167b]
V  [jvm.dll+0x60fb1a]
V  [jvm.dll+0x21a728]
V  [jvm.dll+0x219cf1]
V  [jvm.dll+0x1a58bd]
V  [jvm.dll+0x229a2d]
V  [jvm.dll+0x227bdc]
V  [jvm.dll+0x7ec1f7]
V  [jvm.dll+0x7e65dc]
V  [jvm.dll+0x67e7f7]
C  [ucrtbase.dll+0x14ea0]
C  [KERNEL32.DLL+0x2dbe7]
C  [ntdll.dll+0xdfbec]


---------------  P R O C E S S  ---------------

Threads class SMR info:
_java_thread_list=0x000001bd9e39fca0, length=21, elements={
0x000001bd828972f0, 0x000001bd96725260, 0x000001bd82948360, 0x000001bd96729120,
0x000001bd96729bf0, 0x000001bd9672dde0, 0x000001bd9672e6b0, 0x000001bd9b7d5340,
0x000001bd9b7e7f60, 0x000001bd9b7f9b60, 0x000001bd9b928ab0, 0x000001bd9bb6e350,
0x000001bd9ce85820, 0x000001bd9d5a8050, 0x000001bd9d3bff10, 0x000001bd9d41f5e0,
0x000001bd9c9edc10, 0x000001bd9bb2d0b0, 0x000001bd9bb2d5c0, 0x000001bd9bb2ef10,
0x000001bd9bb2f420
}

Java Threads: ( => current thread )
  0x000001bd828972f0 JavaThread "main" [_thread_blocked, id=6304, stack(0x0000007444b00000,0x0000007444c00000)]
  0x000001bd96725260 JavaThread "Reference Handler" daemon [_thread_blocked, id=16168, stack(0x0000007444e00000,0x0000007444f00000)]
  0x000001bd82948360 JavaThread "Finalizer" daemon [_thread_blocked, id=14148, stack(0x0000007444f00000,0x0000007445000000)]
  0x000001bd96729120 JavaThread "Signal Dispatcher" daemon [_thread_blocked, id=15420, stack(0x0000007445000000,0x0000007445100000)]
  0x000001bd96729bf0 JavaThread "Attach Listener" daemon [_thread_blocked, id=16888, stack(0x0000007445100000,0x0000007445200000)]
  0x000001bd9672dde0 JavaThread "Service Thread" daemon [_thread_blocked, id=13608, stack(0x0000007445200000,0x0000007445300000)]
  0x000001bd9672e6b0 JavaThread "Monitor Deflation Thread" daemon [_thread_blocked, id=14368, stack(0x0000007445300000,0x0000007445400000)]
=>0x000001bd9b7d5340 JavaThread "C2 CompilerThread0" daemon [_thread_in_native, id=14192, stack(0x0000007445400000,0x0000007445500000)]
  0x000001bd9b7e7f60 JavaThread "C1 CompilerThread0" daemon [_thread_in_native, id=3404, stack(0x0000007445500000,0x0000007445600000)]
  0x000001bd9b7f9b60 JavaThread "Sweeper thread" daemon [_thread_blocked, id=19376, stack(0x0000007445600000,0x0000007445700000)]
  0x000001bd9b928ab0 JavaThread "Common-Cleaner" daemon [_thread_blocked, id=11232, stack(0x0000007445700000,0x0000007445800000)]
  0x000001bd9bb6e350 JavaThread "Notification Thread" daemon [_thread_blocked, id=5260, stack(0x0000007445900000,0x0000007445a00000)]
  0x000001bd9ce85820 JavaThread "Active Thread: Equinox Container: 3ccd73ad-8906-46f8-9c08-767f1f2ee2bc" [_thread_blocked, id=9780, stack(0x0000007446200000,0x0000007446300000)]
  0x000001bd9d5a8050 JavaThread "Framework Event Dispatcher: Equinox Container: 3ccd73ad-8906-46f8-9c08-767f1f2ee2bc" daemon [_thread_blocked, id=12364, stack(0x0000007446300000,0x0000007446400000)]
  0x000001bd9d3bff10 JavaThread "Start Level: Equinox Container: 3ccd73ad-8906-46f8-9c08-767f1f2ee2bc" daemon [_thread_in_vm, id=11084, stack(0x0000007446400000,0x0000007446500000)]
  0x000001bd9d41f5e0 JavaThread "Bundle File Closer" daemon [_thread_blocked, id=14300, stack(0x0000007446600000,0x0000007446700000)]
  0x000001bd9c9edc10 JavaThread "SCR Component Actor" daemon [_thread_blocked, id=3728, stack(0x0000007445800000,0x0000007445900000)]
  0x000001bd9bb2d0b0 JavaThread "Worker-JM" [_thread_blocked, id=15080, stack(0x0000007446700000,0x0000007446800000)]
  0x000001bd9bb2d5c0 JavaThread "JNA Cleaner" daemon [_thread_blocked, id=17356, stack(0x0000007446800000,0x0000007446900000)]
  0x000001bd9bb2ef10 JavaThread "Worker-0: Checking project encoding" [_thread_blocked, id=1944, stack(0x0000007446900000,0x0000007446a00000)]
  0x000001bd9bb2f420 JavaThread "Worker-1" [_thread_blocked, id=11860, stack(0x0000007446a00000,0x0000007446b00000)]

Other Threads:
  0x000001bd82945800 VMThread "VM Thread" [stack: 0x0000007444d00000,0x0000007444e00000] [id=14384]
  0x000001bd9bb6e830 WatcherThread [stack: 0x0000007445a00000,0x0000007445b00000] [id=15392]
  0x000001bd828abd00 GCTaskThread "GC Thread#0" [stack: 0x0000007444c00000,0x0000007444d00000] [id=16060]
  0x000001bd9d127630 GCTaskThread "GC Thread#1" [stack: 0x0000007445c00000,0x0000007445d00000] [id=11136]
  0x000001bd9d127b00 GCTaskThread "GC Thread#2" [stack: 0x0000007445d00000,0x0000007445e00000] [id=5000]
  0x000001bd9d127dc0 GCTaskThread "GC Thread#3" [stack: 0x0000007445e00000,0x0000007445f00000] [id=5344]
  0x000001bd9d128080 GCTaskThread "GC Thread#4" [stack: 0x0000007445f00000,0x0000007446000000] [id=16624]
  0x000001bd9d128340 GCTaskThread "GC Thread#5" [stack: 0x0000007446000000,0x0000007446100000] [id=18792]
  0x000001bd9cebc080 GCTaskThread "GC Thread#6" [stack: 0x0000007446100000,0x0000007446200000] [id=16152]
  0x000001bd9d5a8800 GCTaskThread "GC Thread#7" [stack: 0x0000007446500000,0x0000007446600000] [id=16920]

Threads with active compile tasks:
C2 CompilerThread0    15454 3233       4       java.util.Arrays::copyOf (19 bytes)
C1 CompilerThread0    15454 3229       3       org.objectweb.asm.ClassReader::readCode (5117 bytes)

VM state: not at safepoint (normal execution)

VM Mutex/Monitor currently owned by a thread: None

Heap address: 0x00000000c0000000, size: 1024 MB, Compressed Oops mode: 32-bit

CDS archive(s) not mapped
Compressed class space mapped at: 0x0000000100000000-0x0000000140000000, reserved size: 1073741824
Narrow klass base: 0x0000000000000000, Narrow klass shift: 3, Narrow klass range: 0x140000000

GC Precious Log:
 CPUs: 8 total, 8 available
 Memory: 16026M
 Large Page Support: Disabled
 NUMA Support: Disabled
 Compressed Oops: Enabled (32-bit)
 Alignments: Space 512K, Generation 512K, Heap 2M
 Heap Min Capacity: 100M
 Heap Initial Capacity: 100M
 Heap Max Capacity: 1G
 Pre-touch: Disabled
 Parallel Workers: 8

Heap:
 PSYoungGen      total 28672K, used 7146K [0x00000000eab00000, 0x00000000ecc80000, 0x0000000100000000)
  eden space 25088K, 15% used [0x00000000eab00000,0x00000000eaee9c08,0x00000000ec380000)
  from space 3584K, 87% used [0x00000000ec900000,0x00000000ecc10e70,0x00000000ecc80000)
  to   space 4096K, 0% used [0x00000000ec480000,0x00000000ec480000,0x00000000ec880000)
 ParOldGen       total 68608K, used 10738K [0x00000000c0000000, 0x00000000c4300000, 0x00000000eab00000)
  object space 68608K, 15% used [0x00000000c0000000,0x00000000c0a7cac0,0x00000000c4300000)
 Metaspace       used 24796K, committed 25472K, reserved 1114112K
  class space    used 2510K, committed 2816K, reserved 1048576K

Card table byte_map: [0x000001bd82230000,0x000001bd82440000] _byte_map_base: 0x000001bd81c30000

Marking Bits: (ParMarkBitMap*) 0x00007ff8486e58b0
 Begin Bits: [0x000001bd94530000, 0x000001bd95530000)
 End Bits:   [0x000001bd95530000, 0x000001bd96530000)

Polling page: 0x000001bd82000000

Metaspace:

Usage:
  Non-class:     21.76 MB used.
      Class:      2.45 MB used.
       Both:     24.22 MB used.

Virtual space:
  Non-class space:       64.00 MB reserved,      22.12 MB ( 35%) committed,  1 nodes.
      Class space:        1.00 GB reserved,       2.75 MB ( <1%) committed,  1 nodes.
             Both:        1.06 GB reserved,      24.88 MB (  2%) committed. 

Chunk freelists:
   Non-Class:  9.53 MB
       Class:  13.28 MB
        Both:  22.81 MB

MaxMetaspaceSize: unlimited
CompressedClassSpaceSize: 1.00 GB
Initial GC threshold: 21.00 MB
Current GC threshold: 35.00 MB
CDS: off
MetaspaceReclaimPolicy: balanced
 - commit_granule_bytes: 65536.
 - commit_granule_words: 8192.
 - virtual_space_node_default_size: 8388608.
 - enlarge_chunks_in_place: 1.
 - new_chunks_are_fully_committed: 0.
 - uncommit_free_chunks: 1.
 - use_allocation_guard: 0.
 - handle_deallocations: 1.


Internal statistics:

num_allocs_failed_limit: 3.
num_arena_births: 302.
num_arena_deaths: 0.
num_vsnodes_births: 2.
num_vsnodes_deaths: 0.
num_space_committed: 398.
num_space_uncommitted: 0.
num_chunks_returned_to_freelist: 3.
num_chunks_taken_from_freelist: 953.
num_chunk_merges: 3.
num_chunk_splits: 610.
num_chunks_enlarged: 409.
num_inconsistent_stats: 0.

CodeHeap 'non-profiled nmethods': size=120000Kb used=1486Kb max_used=1486Kb free=118513Kb
 bounds [0x000001bd8d000000, 0x000001bd8d270000, 0x000001bd94530000]
CodeHeap 'profiled nmethods': size=120000Kb used=6524Kb max_used=6524Kb free=113475Kb
 bounds [0x000001bd85530000, 0x000001bd85b90000, 0x000001bd8ca60000]
CodeHeap 'non-nmethods': size=5760Kb used=1208Kb max_used=1238Kb free=4551Kb
 bounds [0x000001bd8ca60000, 0x000001bd8ccd0000, 0x000001bd8d000000]
 total_blobs=3731 nmethods=3227 adapters=417
 compilation: enabled
              stopped_count=0, restarted_count=0
 full_count=0

Compilation events (20 events):
Event: 11.413 Thread 0x000001bd9b7e7f60 nmethod 3215 0x000001bd85b8c110 code [0x000001bd85b8c2c0, 0x000001bd85b8c5a8]
Event: 11.413 Thread 0x000001bd9b7e7f60 3223       3       org.objectweb.asm.tree.LabelNode::accept (9 bytes)
Event: 11.413 Thread 0x000001bd9b7e7f60 nmethod 3223 0x000001bd85b8c710 code [0x000001bd85b8c8e0, 0x000001bd85b8cc88]
Event: 11.413 Thread 0x000001bd9b7e7f60 3224       3       org.objectweb.asm.MethodVisitor::visitLabel (16 bytes)
Event: 11.413 Thread 0x000001bd9b7e7f60 nmethod 3224 0x000001bd85b8ce10 code [0x000001bd85b8cfc0, 0x000001bd85b8d1c8]
Event: 11.414 Thread 0x000001bd9b7e7f60 3225       3       org.objectweb.asm.ClassReader::readShort (27 bytes)
Event: 11.414 Thread 0x000001bd9b7e7f60 nmethod 3225 0x000001bd85b8d290 code [0x000001bd85b8d420, 0x000001bd85b8d598]
Event: 11.414 Thread 0x000001bd9b7e7f60 3226       3       org.objectweb.asm.ClassReader::readLabel (20 bytes)
Event: 11.414 Thread 0x000001bd9b7e7f60 nmethod 3226 0x000001bd85b8d690 code [0x000001bd85b8d840, 0x000001bd85b8dc18]
Event: 11.414 Thread 0x000001bd9b7e7f60 3227       3       org.objectweb.asm.Frame::getLocal (46 bytes)
Event: 11.415 Thread 0x000001bd9b7e7f60 nmethod 3227 0x000001bd85b8dd90 code [0x000001bd85b8df40, 0x000001bd85b8e178]
Event: 11.415 Thread 0x000001bd9b7e7f60 3228       3       org.objectweb.asm.Frame::accept (264 bytes)
Event: 11.415 Thread 0x000001bd9b7e7f60 nmethod 3228 0x000001bd85b8e290 code [0x000001bd85b8e4c0, 0x000001bd85b8edf8]
Event: 11.415 Thread 0x000001bd9b7e7f60 3229       3       org.objectweb.asm.ClassReader::readCode (5117 bytes)
Event: 11.418 Thread 0x000001bd9b7d5340 nmethod 3214 0x000001bd8d172310 code [0x000001bd8d1724c0, 0x000001bd8d172bd8]
Event: 11.418 Thread 0x000001bd9b7d5340 3219       4       org.objectweb.asm.ByteVector::putUTF8 (144 bytes)
Event: 11.423 Thread 0x000001bd9b7d5340 nmethod 3219 0x000001bd8d172f90 code [0x000001bd8d173140, 0x000001bd8d1734d8]
Event: 11.423 Thread 0x000001bd9b7d5340 3221       4       org.objectweb.asm.ClassReader::readBytecodeInstructionOffset (1 bytes)
Event: 11.423 Thread 0x000001bd9b7d5340 nmethod 3221 0x000001bd8d173810 code [0x000001bd8d173980, 0x000001bd8d1739f8]
Event: 11.427 Thread 0x000001bd9b7d5340 3233       4       java.util.Arrays::copyOf (19 bytes)

GC Heap History (14 events):
Event: 0.730 GC heap before
{Heap before GC invocations=1 (full 0):
 PSYoungGen      total 29696K, used 25600K [0x00000000eab00000, 0x00000000ecc00000, 0x0000000100000000)
  eden space 25600K, 100% used [0x00000000eab00000,0x00000000ec400000,0x00000000ec400000)
  from space 4096K, 0% used [0x00000000ec800000,0x00000000ec800000,0x00000000ecc00000)
  to   space 4096K, 0% used [0x00000000ec400000,0x00000000ec400000,0x00000000ec800000)
 ParOldGen       total 68608K, used 0K [0x00000000c0000000, 0x00000000c4300000, 0x00000000eab00000)
  object space 68608K, 0% used [0x00000000c0000000,0x00000000c0000000,0x00000000c4300000)
 Metaspace       used 10920K, committed 11072K, reserved 1114112K
  class space    used 1084K, committed 1152K, reserved 1048576K
}
Event: 0.736 GC heap after
{Heap after GC invocations=1 (full 0):
 PSYoungGen      total 29696K, used 3188K [0x00000000eab00000, 0x00000000ecc00000, 0x0000000100000000)
  eden space 25600K, 0% used [0x00000000eab00000,0x00000000eab00000,0x00000000ec400000)
  from space 4096K, 77% used [0x00000000ec400000,0x00000000ec71d330,0x00000000ec800000)
  to   space 4096K, 0% used [0x00000000ec800000,0x00000000ec800000,0x00000000ecc00000)
 ParOldGen       total 68608K, used 16K [0x00000000c0000000, 0x00000000c4300000, 0x00000000eab00000)
  object space 68608K, 0% used [0x00000000c0000000,0x00000000c0004000,0x00000000c4300000)
 Metaspace       used 10920K, committed 11072K, reserved 1114112K
  class space    used 1084K, committed 1152K, reserved 1048576K
}
Event: 1.301 GC heap before
{Heap before GC invocations=2 (full 0):
 PSYoungGen      total 29696K, used 28788K [0x00000000eab00000, 0x00000000ecc00000, 0x0000000100000000)
  eden space 25600K, 100% used [0x00000000eab00000,0x00000000ec400000,0x00000000ec400000)
  from space 4096K, 77% used [0x00000000ec400000,0x00000000ec71d330,0x00000000ec800000)
  to   space 4096K, 0% used [0x00000000ec800000,0x00000000ec800000,0x00000000ecc00000)
 ParOldGen       total 68608K, used 16K [0x00000000c0000000, 0x00000000c4300000, 0x00000000eab00000)
  object space 68608K, 0% used [0x00000000c0000000,0x00000000c0004000,0x00000000c4300000)
 Metaspace       used 14586K, committed 14848K, reserved 1114112K
  class space    used 1455K, committed 1600K, reserved 1048576K
}
Event: 1.308 GC heap after
{Heap after GC invocations=2 (full 0):
 PSYoungGen      total 29696K, used 4090K [0x00000000eab00000, 0x00000000ecc00000, 0x0000000100000000)
  eden space 25600K, 0% used [0x00000000eab00000,0x00000000eab00000,0x00000000ec400000)
  from space 4096K, 99% used [0x00000000ec800000,0x00000000ecbfeb78,0x00000000ecc00000)
  to   space 4096K, 0% used [0x00000000ec400000,0x00000000ec400000,0x00000000ec800000)
 ParOldGen       total 68608K, used 1536K [0x00000000c0000000, 0x00000000c4300000, 0x00000000eab00000)
  object space 68608K, 2% used [0x00000000c0000000,0x00000000c0180370,0x00000000c4300000)
 Metaspace       used 14586K, committed 14848K, reserved 1114112K
  class space    used 1455K, committed 1600K, reserved 1048576K
}
Event: 6.945 GC heap before
{Heap before GC invocations=3 (full 0):
 PSYoungGen      total 29696K, used 29690K [0x00000000eab00000, 0x00000000ecc00000, 0x0000000100000000)
  eden space 25600K, 100% used [0x00000000eab00000,0x00000000ec400000,0x00000000ec400000)
  from space 4096K, 99% used [0x00000000ec800000,0x00000000ecbfeb78,0x00000000ecc00000)
  to   space 4096K, 0% used [0x00000000ec400000,0x00000000ec400000,0x00000000ec800000)
 ParOldGen       total 68608K, used 1536K [0x00000000c0000000, 0x00000000c4300000, 0x00000000eab00000)
  object space 68608K, 2% used [0x00000000c0000000,0x00000000c0180370,0x00000000c4300000)
 Metaspace       used 15903K, committed 16192K, reserved 1114112K
  class space    used 1591K, committed 1728K, reserved 1048576K
}
Event: 6.950 GC heap after
{Heap after GC invocations=3 (full 0):
 PSYoungGen      total 29696K, used 4071K [0x00000000eab00000, 0x00000000ecc00000, 0x0000000100000000)
  eden space 25600K, 0% used [0x00000000eab00000,0x00000000eab00000,0x00000000ec400000)
  from space 4096K, 99% used [0x00000000ec400000,0x00000000ec7f9f10,0x00000000ec800000)
  to   space 4096K, 0% used [0x00000000ec800000,0x00000000ec800000,0x00000000ecc00000)
 ParOldGen       total 68608K, used 5311K [0x00000000c0000000, 0x00000000c4300000, 0x00000000eab00000)
  object space 68608K, 7% used [0x00000000c0000000,0x00000000c052fda8,0x00000000c4300000)
 Metaspace       used 15903K, committed 16192K, reserved 1114112K
  class space    used 1591K, committed 1728K, reserved 1048576K
}
Event: 7.284 GC heap before
{Heap before GC invocations=4 (full 0):
 PSYoungGen      total 29696K, used 29671K [0x00000000eab00000, 0x00000000ecc00000, 0x0000000100000000)
  eden space 25600K, 100% used [0x00000000eab00000,0x00000000ec400000,0x00000000ec400000)
  from space 4096K, 99% used [0x00000000ec400000,0x00000000ec7f9f10,0x00000000ec800000)
  to   space 4096K, 0% used [0x00000000ec800000,0x00000000ec800000,0x00000000ecc00000)
 ParOldGen       total 68608K, used 5311K [0x00000000c0000000, 0x00000000c4300000, 0x00000000eab00000)
  object space 68608K, 7% used [0x00000000c0000000,0x00000000c052fda8,0x00000000c4300000)
 Metaspace       used 19314K, committed 19648K, reserved 1114112K
  class space    used 1948K, committed 2112K, reserved 1048576K
}
Event: 7.289 GC heap after
{Heap after GC invocations=4 (full 0):
 PSYoungGen      total 29696K, used 4080K [0x00000000eab00000, 0x00000000ecc00000, 0x0000000100000000)
  eden space 25600K, 0% used [0x00000000eab00000,0x00000000eab00000,0x00000000ec400000)
  from space 4096K, 99% used [0x00000000ec800000,0x00000000ecbfc018,0x00000000ecc00000)
  to   space 4096K, 0% used [0x00000000ec400000,0x00000000ec400000,0x00000000ec800000)
 ParOldGen       total 68608K, used 6471K [0x00000000c0000000, 0x00000000c4300000, 0x00000000eab00000)
  object space 68608K, 9% used [0x00000000c0000000,0x00000000c0651e70,0x00000000c4300000)
 Metaspace       used 19314K, committed 19648K, reserved 1114112K
  class space    used 1948K, committed 2112K, reserved 1048576K
}
Event: 7.432 GC heap before
{Heap before GC invocations=5 (full 0):
 PSYoungGen      total 29696K, used 13691K [0x00000000eab00000, 0x00000000ecc00000, 0x0000000100000000)
  eden space 25600K, 37% used [0x00000000eab00000,0x00000000eb462ca8,0x00000000ec400000)
  from space 4096K, 99% used [0x00000000ec800000,0x00000000ecbfc018,0x00000000ecc00000)
  to   space 4096K, 0% used [0x00000000ec400000,0x00000000ec400000,0x00000000ec800000)
 ParOldGen       total 68608K, used 6471K [0x00000000c0000000, 0x00000000c4300000, 0x00000000eab00000)
  object space 68608K, 9% used [0x00000000c0000000,0x00000000c0651e70,0x00000000c4300000)
 Metaspace       used 21102K, committed 21504K, reserved 1114112K
  class space    used 2121K, committed 2304K, reserved 1048576K
}
Event: 7.436 GC heap after
{Heap after GC invocations=5 (full 0):
 PSYoungGen      total 29696K, used 4084K [0x00000000eab00000, 0x00000000ece00000, 0x0000000100000000)
  eden space 25600K, 0% used [0x00000000eab00000,0x00000000eab00000,0x00000000ec400000)
  from space 4096K, 99% used [0x00000000ec400000,0x00000000ec7fd1a0,0x00000000ec800000)
  to   space 5120K, 0% used [0x00000000ec900000,0x00000000ec900000,0x00000000ece00000)
 ParOldGen       total 68608K, used 7007K [0x00000000c0000000, 0x00000000c4300000, 0x00000000eab00000)
  object space 68608K, 10% used [0x00000000c0000000,0x00000000c06d7c28,0x00000000c4300000)
 Metaspace       used 21102K, committed 21504K, reserved 1114112K
  class space    used 2121K, committed 2304K, reserved 1048576K
}
Event: 7.436 GC heap before
{Heap before GC invocations=6 (full 1):
 PSYoungGen      total 29696K, used 4084K [0x00000000eab00000, 0x00000000ece00000, 0x0000000100000000)
  eden space 25600K, 0% used [0x00000000eab00000,0x00000000eab00000,0x00000000ec400000)
  from space 4096K, 99% used [0x00000000ec400000,0x00000000ec7fd1a0,0x00000000ec800000)
  to   space 5120K, 0% used [0x00000000ec900000,0x00000000ec900000,0x00000000ece00000)
 ParOldGen       total 68608K, used 7007K [0x00000000c0000000, 0x00000000c4300000, 0x00000000eab00000)
  object space 68608K, 10% used [0x00000000c0000000,0x00000000c06d7c28,0x00000000c4300000)
 Metaspace       used 21102K, committed 21504K, reserved 1114112K
  class space    used 2121K, committed 2304K, reserved 1048576K
}
Event: 7.462 GC heap after
{Heap after GC invocations=6 (full 1):
 PSYoungGen      total 29696K, used 0K [0x00000000eab00000, 0x00000000ece00000, 0x0000000100000000)
  eden space 25600K, 0% used [0x00000000eab00000,0x00000000eab00000,0x00000000ec400000)
  from space 4096K, 0% used [0x00000000ec400000,0x00000000ec400000,0x00000000ec800000)
  to   space 5120K, 0% used [0x00000000ec900000,0x00000000ec900000,0x00000000ece00000)
 ParOldGen       total 68608K, used 10730K [0x00000000c0000000, 0x00000000c4300000, 0x00000000eab00000)
  object space 68608K, 15% used [0x00000000c0000000,0x00000000c0a7aac0,0x00000000c4300000)
 Metaspace       used 21102K, committed 21504K, reserved 1114112K
  class space    used 2121K, committed 2304K, reserved 1048576K
}
Event: 11.394 GC heap before
{Heap before GC invocations=7 (full 1):
 PSYoungGen      total 29696K, used 25600K [0x00000000eab00000, 0x00000000ece00000, 0x0000000100000000)
  eden space 25600K, 100% used [0x00000000eab00000,0x00000000ec400000,0x00000000ec400000)
  from space 4096K, 0% used [0x00000000ec400000,0x00000000ec400000,0x00000000ec800000)
  to   space 5120K, 0% used [0x00000000ec900000,0x00000000ec900000,0x00000000ece00000)
 ParOldGen       total 68608K, used 10730K [0x00000000c0000000, 0x00000000c4300000, 0x00000000eab00000)
  object space 68608K, 15% used [0x00000000c0000000,0x00000000c0a7aac0,0x00000000c4300000)
 Metaspace       used 24420K, committed 25024K, reserved 1114112K
  class space    used 2468K, committed 2752K, reserved 1048576K
}
Event: 11.396 GC heap after
{Heap after GC invocations=7 (full 1):
 PSYoungGen      total 28672K, used 3139K [0x00000000eab00000, 0x00000000ecc80000, 0x0000000100000000)
  eden space 25088K, 0% used [0x00000000eab00000,0x00000000eab00000,0x00000000ec380000)
  from space 3584K, 87% used [0x00000000ec900000,0x00000000ecc10e70,0x00000000ecc80000)
  to   space 4096K, 0% used [0x00000000ec480000,0x00000000ec480000,0x00000000ec880000)
 ParOldGen       total 68608K, used 10738K [0x00000000c0000000, 0x00000000c4300000, 0x00000000eab00000)
  object space 68608K, 15% used [0x00000000c0000000,0x00000000c0a7cac0,0x00000000c4300000)
 Metaspace       used 24420K, committed 25024K, reserved 1114112K
  class space    used 2468K, committed 2752K, reserved 1048576K
}

Dll operation events (10 events):
Event: 0.016 Loaded shared library c:\Users\hp\.vscode\extensions\redhat.java-1.35.1-win32-x64\jre\17.0.12-win32-x86_64\bin\java.dll
Event: 0.185 Loaded shared library c:\Users\hp\.vscode\extensions\redhat.java-1.35.1-win32-x64\jre\17.0.12-win32-x86_64\bin\zip.dll
Event: 0.189 Loaded shared library C:\Users\hp\.vscode\extensions\redhat.java-1.35.1-win32-x64\jre\17.0.12-win32-x86_64\bin\instrument.dll
Event: 0.196 Loaded shared library C:\Users\hp\.vscode\extensions\redhat.java-1.35.1-win32-x64\jre\17.0.12-win32-x86_64\bin\net.dll
Event: 0.198 Loaded shared library C:\Users\hp\.vscode\extensions\redhat.java-1.35.1-win32-x64\jre\17.0.12-win32-x86_64\bin\nio.dll
Event: 0.202 Loaded shared library C:\Users\hp\.vscode\extensions\redhat.java-1.35.1-win32-x64\jre\17.0.12-win32-x86_64\bin\zip.dll
Event: 0.215 Loaded shared library C:\Users\hp\.vscode\extensions\redhat.java-1.35.1-win32-x64\jre\17.0.12-win32-x86_64\bin\jimage.dll
Event: 0.266 Loaded shared library c:\Users\hp\.vscode\extensions\redhat.java-1.35.1-win32-x64\jre\17.0.12-win32-x86_64\bin\verify.dll
Event: 1.228 Loaded shared library C:\Users\hp\AppData\Roaming\Code\User\globalStorage\redhat.java\1.35.1\config_win\org.eclipse.equinox.launcher\org.eclipse.equinox.launcher.win32.win32.x86_64_1.2.1100.v20240722-2106\eclipse_11904.dll
Event: 8.621 Loaded shared library C:\Users\hp\AppData\Local\Temp\jna-82667497\jna2473583661124118763.dll

Deoptimization events (20 events):
Event: 8.661 Thread 0x000001bd9d3bff10 Uncommon trap: trap_request=0xffffffc6 fr.pc=0x000001bd8d097064 relative=0x0000000000000a44
Event: 8.661 Thread 0x000001bd9d3bff10 Uncommon trap: reason=bimorphic_or_optimized_type_check action=maybe_recompile pc=0x000001bd8d097064 method=java.util.HashMap.putVal(ILjava/lang/Object;Ljava/lang/Object;ZZ)Ljava/lang/Object; @ 91 c2
Event: 8.661 Thread 0x000001bd9d3bff10 DEOPT PACKING pc=0x000001bd8d097064 sp=0x00000074464f7f50
Event: 8.661 Thread 0x000001bd9d3bff10 DEOPT UNPACKING pc=0x000001bd8cab9ea3 sp=0x00000074464f7e78 mode 2
Event: 8.913 Thread 0x000001bd9d3bff10 DEOPT PACKING pc=0x000001bd85b0bf08 sp=0x00000074464f9680
Event: 8.913 Thread 0x000001bd9d3bff10 DEOPT UNPACKING pc=0x000001bd8caba9e3 sp=0x00000074464f8b88 mode 0
Event: 10.100 Thread 0x000001bd9d3bff10 DEOPT PACKING pc=0x000001bd85b0bf08 sp=0x00000074464f98a0
Event: 10.100 Thread 0x000001bd9d3bff10 DEOPT UNPACKING pc=0x000001bd8caba9e3 sp=0x00000074464f8da8 mode 0
Event: 10.186 Thread 0x000001bd9d3bff10 DEOPT PACKING pc=0x000001bd85819744 sp=0x00000074464f9300
Event: 10.186 Thread 0x000001bd9d3bff10 DEOPT UNPACKING pc=0x000001bd8caba9e3 sp=0x00000074464f8880 mode 0
Event: 10.295 Thread 0x000001bd9d3bff10 DEOPT PACKING pc=0x000001bd85b0bf08 sp=0x00000074464f9740
Event: 10.295 Thread 0x000001bd9d3bff10 DEOPT UNPACKING pc=0x000001bd8caba9e3 sp=0x00000074464f8c48 mode 0
Event: 10.304 Thread 0x000001bd9bb2ef10 Uncommon trap: trap_request=0xffffff45 fr.pc=0x000001bd8d11a7b8 relative=0x00000000000000b8
Event: 10.304 Thread 0x000001bd9bb2ef10 Uncommon trap: reason=unstable_if action=reinterpret pc=0x000001bd8d11a7b8 method=java.util.concurrent.locks.ReentrantLock$NonfairSync.initialTryLock()Z @ 25 c2
Event: 10.304 Thread 0x000001bd9bb2ef10 DEOPT PACKING pc=0x000001bd8d11a7b8 sp=0x00000074469fdca0
Event: 10.304 Thread 0x000001bd9bb2ef10 DEOPT UNPACKING pc=0x000001bd8cab9ea3 sp=0x00000074469fdc20 mode 2
Event: 11.396 Thread 0x000001bd9d3bff10 Uncommon trap: trap_request=0xffffff45 fr.pc=0x000001bd8d1267bc relative=0x000000000000021c
Event: 11.396 Thread 0x000001bd9d3bff10 Uncommon trap: reason=unstable_if action=reinterpret pc=0x000001bd8d1267bc method=java.util.WeakHashMap.expungeStaleEntries()V @ 9 c2
Event: 11.396 Thread 0x000001bd9d3bff10 DEOPT PACKING pc=0x000001bd8d1267bc sp=0x00000074464f2890
Event: 11.396 Thread 0x000001bd9d3bff10 DEOPT UNPACKING pc=0x000001bd8cab9ea3 sp=0x00000074464f2828 mode 2

Classes loaded (20 events):
Event: 10.275 Loading class java/util/function/LongUnaryOperator
Event: 10.275 Loading class java/util/function/LongUnaryOperator done
Event: 10.284 Loading class java/util/stream/SortedOps$SizedRefSortingSink
Event: 10.284 Loading class java/util/stream/SortedOps$SizedRefSortingSink done
Event: 10.313 Loading class java/util/concurrent/ThreadLocalRandom
Event: 10.313 Loading class java/util/concurrent/ThreadLocalRandom done
Event: 10.313 Loading class jdk/internal/util/random/RandomSupport
Event: 10.314 Loading class jdk/internal/util/random/RandomSupport done
Event: 10.314 Loading class java/util/concurrent/atomic/Striped64$1
Event: 10.314 Loading class java/util/concurrent/atomic/Striped64$1 done
Event: 11.375 Loading class sun/net/www/protocol/jrt/JavaRuntimeURLConnection
Event: 11.375 Loading class sun/net/www/protocol/jrt/JavaRuntimeURLConnection done
Event: 11.375 Loading class sun/net/www/protocol/jrt/JavaRuntimeURLConnection$1
Event: 11.375 Loading class sun/net/www/protocol/jrt/JavaRuntimeURLConnection$1 done
Event: 11.391 Loading class java/util/function/UnaryOperator
Event: 11.391 Loading class java/util/function/UnaryOperator done
Event: 11.392 Loading class java/util/ServiceConfigurationError
Event: 11.392 Loading class java/util/ServiceConfigurationError done
Event: 11.401 Loading class java/lang/InheritableThreadLocal
Event: 11.401 Loading class java/lang/InheritableThreadLocal done

Classes unloaded (0 events):
No events

Classes redefined (0 events):
No events

Internal exceptions (20 events):
Event: 7.423 Thread 0x000001bd9d3bff10 Exception <a 'java/lang/NoSuchMethodError'{0x00000000eb415408}: 'int java.lang.invoke.DirectMethodHandle$Holder.invokeSpecial(java.lang.Object, java.lang.Object, java.lang.Object, int)'> (0x00000000eb415408) 
thrown [s\src\hotspot\share\interpreter\linkResolver.cpp, line 759]
Event: 7.428 Thread 0x000001bd9d3bff10 Exception <a 'java/lang/NoSuchMethodError'{0x00000000eb431880}: 'java.lang.Object java.lang.invoke.DirectMethodHandle$Holder.invokeStatic(java.lang.Object, java.lang.Object, java.lang.Object, java.lang.Object, int)'> (0x00000000eb431880) 
thrown [s\src\hotspot\share\interpreter\linkResolver.cpp, line 759]
Event: 7.430 Thread 0x000001bd9d3bff10 Exception <a 'java/lang/NoSuchMethodError'{0x00000000eb43d878}: 'java.lang.Object java.lang.invoke.DelegatingMethodHandle$Holder.reinvoke_L(java.lang.Object, java.lang.Object, java.lang.Object, java.lang.Object, int, int)'> (0x00000000eb43d878) 
thrown [s\src\hotspot\share\interpreter\linkResolver.cpp, line 759]
Event: 7.463 Thread 0x000001bd9d3bff10 Exception <a 'java/lang/NoSuchMethodError'{0x00000000eab052d0}: 'java.lang.Object java.lang.invoke.Invokers$Holder.invokeExact_MT(java.lang.Object, java.lang.Object, java.lang.Object, java.lang.Object)'> (0x00000000eab052d0) 
thrown [s\src\hotspot\share\interpreter\linkResolver.cpp, line 759]
Event: 7.561 Thread 0x000001bd9d3bff10 Exception <a 'java/io/FileNotFoundException'{0x00000000eadcc8b8}> (0x00000000eadcc8b8) 
thrown [s\src\hotspot\share\prims\jni.cpp, line 516]
Event: 7.564 Thread 0x000001bd9d3bff10 Exception <a 'java/io/FileNotFoundException'{0x00000000eadd4698}> (0x00000000eadd4698) 
thrown [s\src\hotspot\share\prims\jni.cpp, line 516]
Event: 7.749 Thread 0x000001bd9d3bff10 Exception <a 'java/lang/NoSuchMethodError'{0x00000000eb3bf698}: 'java.lang.Object java.lang.invoke.DirectMethodHandle$Holder.newInvokeSpecial(java.lang.Object, java.lang.Object, java.lang.Object, java.lang.Object, java.lang.Object)'> (0x00000000eb3bf698) 
thrown [s\src\hotspot\share\interpreter\linkResolver.cpp, line 759]
Event: 8.347 Thread 0x000001bd9d3bff10 Exception <a 'java/lang/NoSuchMethodError'{0x00000000eb5bd9e8}: 'java.lang.Object java.lang.invoke.DirectMethodHandle$Holder.invokeStaticInit(java.lang.Object, int)'> (0x00000000eb5bd9e8) 
thrown [s\src\hotspot\share\interpreter\linkResolver.cpp, line 759]
Event: 8.424 Thread 0x000001bd9d3bff10 Exception <a 'java/lang/NoSuchMethodError'{0x00000000eb849ab0}: 'java.lang.Object java.lang.invoke.DirectMethodHandle$Holder.invokeStaticInit(java.lang.Object, int, int, int, int)'> (0x00000000eb849ab0) 
thrown [s\src\hotspot\share\interpreter\linkResolver.cpp, line 759]
Event: 8.520 Thread 0x000001bd9d3bff10 Exception <a 'java/lang/NoSuchMethodError'{0x00000000eb93aed8}: 'java.lang.Object java.lang.invoke.DirectMethodHandle$Holder.invokeStaticInit(java.lang.Object, java.lang.Object, int, int, int, int)'> (0x00000000eb93aed8) 
thrown [s\src\hotspot\share\interpreter\linkResolver.cpp, line 759]
Event: 10.273 Thread 0x000001bd9d3bff10 Exception <a 'java/lang/NoSuchMethodError'{0x00000000ebd4f9f8}: 'java.lang.Object java.lang.invoke.DirectMethodHandle$Holder.invokeSpecial(java.lang.Object, java.lang.Object, java.lang.Object, long, java.lang.Object)'> (0x00000000ebd4f9f8) 
thrown [s\src\hotspot\share\interpreter\linkResolver.cpp, line 759]
Event: 10.274 Thread 0x000001bd9d3bff10 Exception <a 'java/lang/NoSuchMethodError'{0x00000000ebd57bb0}: 'java.lang.Object java.lang.invoke.DirectMethodHandle$Holder.newInvokeSpecial(java.lang.Object, java.lang.Object, java.lang.Object, long)'> (0x00000000ebd57bb0) 
thrown [s\src\hotspot\share\interpreter\linkResolver.cpp, line 759]
Event: 10.274 Thread 0x000001bd9d3bff10 Exception <a 'java/lang/NoSuchMethodError'{0x00000000ebd5c150}: 'java.lang.Object java.lang.invoke.DirectMethodHandle$Holder.invokeSpecial(java.lang.Object, java.lang.Object, java.lang.Object, java.lang.Object, long)'> (0x00000000ebd5c150) 
thrown [s\src\hotspot\share\interpreter\linkResolver.cpp, line 759]
Event: 10.274 Thread 0x000001bd9d3bff10 Exception <a 'java/lang/NoSuchMethodError'{0x00000000ebd5ffc8}: 'java.lang.Object java.lang.invoke.Invokers$Holder.linkToTargetMethod(java.lang.Object, java.lang.Object, long, java.lang.Object)'> (0x00000000ebd5ffc8) 
thrown [s\src\hotspot\share\interpreter\linkResolver.cpp, line 759]
Event: 10.281 Thread 0x000001bd9d3bff10 Exception <a 'java/lang/NoSuchMethodError'{0x00000000ebde4fc8}: 'int java.lang.invoke.DirectMethodHandle$Holder.invokeStaticInit(java.lang.Object, java.lang.Object, java.lang.Object)'> (0x00000000ebde4fc8) 
thrown [s\src\hotspot\share\interpreter\linkResolver.cpp, line 759]
Event: 10.293 Thread 0x000001bd9d3bff10 Exception <a 'java/lang/IncompatibleClassChangeError'{0x00000000ebe87980}: Found class java.lang.Object, but interface was expected> (0x00000000ebe87980) 
thrown [s\src\hotspot\share\interpreter\linkResolver.cpp, line 826]
Event: 10.301 Thread 0x000001bd9d3bff10 Exception <a 'java/lang/NoSuchMethodError'{0x00000000ebebca40}: 'java.lang.Object java.lang.invoke.DirectMethodHandle$Holder.invokeSpecial(java.lang.Object, java.lang.Object, java.lang.Object, int, java.lang.Object, java.lang.Object)'> (0x00000000ebebca40) 
thrown [s\src\hotspot\share\interpreter\linkResolver.cpp, line 759]
Event: 10.301 Thread 0x000001bd9d3bff10 Exception <a 'java/lang/NoSuchMethodError'{0x00000000ebec5138}: 'java.lang.Object java.lang.invoke.DirectMethodHandle$Holder.newInvokeSpecial(java.lang.Object, java.lang.Object, java.lang.Object, int, java.lang.Object)'> (0x00000000ebec5138) 
thrown [s\src\hotspot\share\interpreter\linkResolver.cpp, line 759]
Event: 10.301 Thread 0x000001bd9d3bff10 Exception <a 'java/lang/NoSuchMethodError'{0x00000000ebec9590}: 'java.lang.Object java.lang.invoke.DirectMethodHandle$Holder.invokeSpecial(java.lang.Object, java.lang.Object, java.lang.Object, java.lang.Object, int, java.lang.Object)'> (0x00000000ebec9590) 
thrown [s\src\hotspot\share\interpreter\linkResolver.cpp, line 759]
Event: 10.302 Thread 0x000001bd9bb2ef10 Exception <a 'java/lang/NoSuchMethodError'{0x00000000ebdbb1f8}: 'java.lang.Object java.lang.invoke.DirectMethodHandle$Holder.invokeSpecial(java.lang.Object, java.lang.Object, int, java.lang.Object, java.lang.Object)'> (0x00000000ebdbb1f8) 
thrown [s\src\hotspot\share\interpreter\linkResolver.cpp, line 759]

VM Operations (20 events):
Event: 8.503 Executing VM operation: HandshakeAllThreads done
Event: 8.503 Executing VM operation: Cleanup
Event: 8.503 Executing VM operation: Cleanup done
Event: 8.633 Executing VM operation: HandshakeAllThreads
Event: 8.633 Executing VM operation: HandshakeAllThreads done
Event: 9.634 Executing VM operation: Cleanup
Event: 9.634 Executing VM operation: Cleanup done
Event: 10.646 Executing VM operation: Cleanup
Event: 11.362 Executing VM operation: Cleanup done
Event: 11.376 Executing VM operation: HandshakeAllThreads
Event: 11.376 Executing VM operation: HandshakeAllThreads done
Event: 11.394 Executing VM operation: ParallelGCFailedAllocation
Event: 11.396 Executing VM operation: ParallelGCFailedAllocation done
Event: 11.407 Executing VM operation: HandshakeAllThreads
Event: 11.407 Executing VM operation: HandshakeAllThreads done
Event: 11.407 Executing VM operation: HandshakeAllThreads
Event: 11.408 Executing VM operation: HandshakeAllThreads done
Event: 11.417 Executing VM operation: HandshakeAllThreads
Event: 11.417 Executing VM operation: HandshakeAllThreads done
Event: 12.425 Executing VM operation: Cleanup

Events (20 events):
Event: 0.149 Thread 0x000001bd9b928ab0 Thread added: 0x000001bd9b928ab0
Event: 0.177 Thread 0x000001bd9b94f470 Thread added: 0x000001bd9b94f470
Event: 0.325 Thread 0x000001bd9bb6e350 Thread added: 0x000001bd9bb6e350
Event: 0.502 Thread 0x000001bd9cbd74e0 Thread added: 0x000001bd9cbd74e0
Event: 1.016 Thread 0x000001bd9ce85820 Thread added: 0x000001bd9ce85820
Event: 1.212 Thread 0x000001bd9d5a8050 Thread added: 0x000001bd9d5a8050
Event: 1.218 Thread 0x000001bd9d3bff10 Thread added: 0x000001bd9d3bff10
Event: 2.630 Thread 0x000001bd9d41f5e0 Thread added: 0x000001bd9d41f5e0
Event: 5.702 Thread 0x000001bd9cbd74e0 Thread exited: 0x000001bd9cbd74e0
Event: 6.750 Thread 0x000001bd9b94f470 Thread exited: 0x000001bd9b94f470
Event: 6.959 Thread 0x000001bd9c9edc10 Thread added: 0x000001bd9c9edc10
Event: 7.036 Thread 0x000001bd9d019870 Thread added: 0x000001bd9d019870
Event: 7.348 Thread 0x000001bd9bb2d0b0 Thread added: 0x000001bd9bb2d0b0
Event: 7.687 Thread 0x000001bd9d43f260 Thread added: 0x000001bd9d43f260
Event: 7.694 Thread 0x000001bd9d43f780 Thread added: 0x000001bd9d43f780
Event: 8.080 Thread 0x000001bd9d43f780 Thread exited: 0x000001bd9d43f780
Event: 8.081 Thread 0x000001bd9d43f260 Thread exited: 0x000001bd9d43f260
Event: 8.650 Thread 0x000001bd9bb2d5c0 Thread added: 0x000001bd9bb2d5c0
Event: 10.277 Thread 0x000001bd9bb2ef10 Thread added: 0x000001bd9bb2ef10
Event: 10.303 Thread 0x000001bd9bb2f420 Thread added: 0x000001bd9bb2f420


Dynamic libraries:
0x00007ff656290000 - 0x00007ff65629e000 	c:\Users\hp\.vscode\extensions\redhat.java-1.35.1-win32-x64\jre\17.0.12-win32-x86_64\bin\java.exe
0x00007ff890700000 - 0x00007ff890963000 	C:\WINDOWS\SYSTEM32\ntdll.dll
0x00007ff88fcd0000 - 0x00007ff88fd98000 	C:\WINDOWS\System32\KERNEL32.DLL
0x00007ff88e060000 - 0x00007ff88e411000 	C:\WINDOWS\System32\KERNELBASE.dll
0x00007ff88e420000 - 0x00007ff88e56b000 	C:\WINDOWS\System32\ucrtbase.dll
0x00007ff86f070000 - 0x00007ff86f087000 	c:\Users\hp\.vscode\extensions\redhat.java-1.35.1-win32-x64\jre\17.0.12-win32-x86_64\bin\jli.dll
0x00007ff8717e0000 - 0x00007ff8717fb000 	c:\Users\hp\.vscode\extensions\redhat.java-1.35.1-win32-x64\jre\17.0.12-win32-x86_64\bin\VCRUNTIME140.dll
0x00007ff890060000 - 0x00007ff890228000 	C:\WINDOWS\System32\USER32.dll
0x00007ff86f910000 - 0x00007ff86fba0000 	C:\WINDOWS\WinSxS\amd64_microsoft.windows.common-controls_6595b64144ccf1df_6.0.26100.2161_none_3e0cadb0e33078e1\COMCTL32.dll
0x00007ff88dfb0000 - 0x00007ff88dfd7000 	C:\WINDOWS\System32\win32u.dll
0x00007ff88f450000 - 0x00007ff88f47a000 	C:\WINDOWS\System32\GDI32.dll
0x00007ff88daf0000 - 0x00007ff88dc15000 	C:\WINDOWS\System32\gdi32full.dll
0x00007ff88dce0000 - 0x00007ff88dd83000 	C:\WINDOWS\System32\msvcp_win.dll
0x00007ff8902b0000 - 0x00007ff890359000 	C:\WINDOWS\System32\msvcrt.dll
0x00007ff88fdb0000 - 0x00007ff88fddf000 	C:\WINDOWS\System32\IMM32.DLL
0x00007ff877380000 - 0x00007ff87738c000 	c:\Users\hp\.vscode\extensions\redhat.java-1.35.1-win32-x64\jre\17.0.12-win32-x86_64\bin\vcruntime140_1.dll
0x00007ff84c430000 - 0x00007ff84c4bd000 	c:\Users\hp\.vscode\extensions\redhat.java-1.35.1-win32-x64\jre\17.0.12-win32-x86_64\bin\msvcp140.dll
0x00007ff847b40000 - 0x00007ff8487aa000 	c:\Users\hp\.vscode\extensions\redhat.java-1.35.1-win32-x64\jre\17.0.12-win32-x86_64\bin\server\jvm.dll
0x00007ff88eae0000 - 0x00007ff88eb94000 	C:\WINDOWS\System32\ADVAPI32.dll
0x00007ff88f560000 - 0x00007ff88f606000 	C:\WINDOWS\System32\sechost.dll
0x00007ff88faa0000 - 0x00007ff88fbb6000 	C:\WINDOWS\System32\RPCRT4.dll
0x00007ff8903f0000 - 0x00007ff890464000 	C:\WINDOWS\System32\WS2_32.dll
0x00007ff88d980000 - 0x00007ff88d9ce000 	C:\WINDOWS\SYSTEM32\POWRPROF.dll
0x00007ff8832b0000 - 0x00007ff8832e6000 	C:\WINDOWS\SYSTEM32\WINMM.dll
0x00007ff8831e0000 - 0x00007ff8831eb000 	C:\WINDOWS\SYSTEM32\VERSION.dll
0x00007ff88d960000 - 0x00007ff88d974000 	C:\WINDOWS\SYSTEM32\UMPDC.dll
0x00007ff88c940000 - 0x00007ff88c95a000 	C:\WINDOWS\SYSTEM32\kernel.appcore.dll
0x00007ff874610000 - 0x00007ff87461a000 	c:\Users\hp\.vscode\extensions\redhat.java-1.35.1-win32-x64\jre\17.0.12-win32-x86_64\bin\jimage.dll
0x00007ff88b2a0000 - 0x00007ff88b4e1000 	C:\WINDOWS\SYSTEM32\DBGHELP.DLL
0x00007ff88e5f0000 - 0x00007ff88e96d000 	C:\WINDOWS\System32\combase.dll
0x00007ff88e970000 - 0x00007ff88ea46000 	C:\WINDOWS\System32\OLEAUT32.dll
0x00007ff86b640000 - 0x00007ff86b679000 	C:\WINDOWS\SYSTEM32\dbgcore.DLL
0x00007ff88dd90000 - 0x00007ff88de29000 	C:\WINDOWS\System32\bcryptPrimitives.dll
0x00007ff871160000 - 0x00007ff87116e000 	c:\Users\hp\.vscode\extensions\redhat.java-1.35.1-win32-x64\jre\17.0.12-win32-x86_64\bin\instrument.dll
0x00007ff86f040000 - 0x00007ff86f065000 	c:\Users\hp\.vscode\extensions\redhat.java-1.35.1-win32-x64\jre\17.0.12-win32-x86_64\bin\java.dll
0x00007ff85d8e0000 - 0x00007ff85d8f8000 	c:\Users\hp\.vscode\extensions\redhat.java-1.35.1-win32-x64\jre\17.0.12-win32-x86_64\bin\zip.dll
0x00007ff88eba0000 - 0x00007ff88f29f000 	C:\WINDOWS\System32\SHELL32.dll
0x00007ff88b840000 - 0x00007ff88c06d000 	C:\WINDOWS\SYSTEM32\windows.storage.dll
0x00007ff88f480000 - 0x00007ff88f553000 	C:\WINDOWS\System32\SHCORE.dll
0x00007ff88fc70000 - 0x00007ff88fccd000 	C:\WINDOWS\System32\shlwapi.dll
0x00007ff88da00000 - 0x00007ff88da2e000 	C:\WINDOWS\SYSTEM32\profapi.dll
0x00007ff85c700000 - 0x00007ff85c719000 	C:\Users\hp\.vscode\extensions\redhat.java-1.35.1-win32-x64\jre\17.0.12-win32-x86_64\bin\net.dll
0x00007ff889bb0000 - 0x00007ff889cd6000 	C:\WINDOWS\SYSTEM32\WINHTTP.dll
0x00007ff88ce40000 - 0x00007ff88cea8000 	C:\WINDOWS\system32\mswsock.dll
0x00007ff85c6e0000 - 0x00007ff85c6f6000 	C:\Users\hp\.vscode\extensions\redhat.java-1.35.1-win32-x64\jre\17.0.12-win32-x86_64\bin\nio.dll
0x00007ff871140000 - 0x00007ff871150000 	c:\Users\hp\.vscode\extensions\redhat.java-1.35.1-win32-x64\jre\17.0.12-win32-x86_64\bin\verify.dll
0x00007ff84e800000 - 0x00007ff84e845000 	C:\Users\hp\AppData\Roaming\Code\User\globalStorage\redhat.java\1.35.1\config_win\org.eclipse.equinox.launcher\org.eclipse.equinox.launcher.win32.win32.x86_64_1.2.1100.v20240722-2106\eclipse_11904.dll
0x00007ff88f2b0000 - 0x00007ff88f449000 	C:\WINDOWS\System32\ole32.dll
0x00007ff88d0e0000 - 0x00007ff88d0fc000 	C:\WINDOWS\SYSTEM32\CRYPTSP.dll
0x00007ff88c8a0000 - 0x00007ff88c8d8000 	C:\WINDOWS\system32\rsaenh.dll
0x00007ff88cee0000 - 0x00007ff88cf0b000 	C:\WINDOWS\SYSTEM32\USERENV.dll
0x00007ff88d320000 - 0x00007ff88d346000 	C:\WINDOWS\SYSTEM32\bcrypt.dll
0x00007ff88d100000 - 0x00007ff88d10c000 	C:\WINDOWS\SYSTEM32\CRYPTBASE.dll
0x00007ff88c3e0000 - 0x00007ff88c411000 	C:\WINDOWS\SYSTEM32\IPHLPAPI.DLL
0x00007ff88fee0000 - 0x00007ff88feea000 	C:\WINDOWS\System32\NSI.dll
0x00007ff889fc0000 - 0x00007ff889fde000 	C:\WINDOWS\SYSTEM32\dhcpcsvc6.DLL
0x00007ff889f90000 - 0x00007ff889fb5000 	C:\WINDOWS\SYSTEM32\dhcpcsvc.DLL
0x00007ff88c420000 - 0x00007ff88c545000 	C:\WINDOWS\SYSTEM32\DNSAPI.dll
0x00007ff846850000 - 0x00007ff846899000 	C:\Users\hp\AppData\Local\Temp\jna-82667497\jna2473583661124118763.dll
0x00007ff88fef0000 - 0x00007ff88fef8000 	C:\WINDOWS\System32\PSAPI.DLL

dbghelp: loaded successfully - version: 4.0.5 - missing functions: none
symbol engine: initialized successfully - sym options: 0x614 - pdb path: .;c:\Users\hp\.vscode\extensions\redhat.java-1.35.1-win32-x64\jre\17.0.12-win32-x86_64\bin;C:\WINDOWS\SYSTEM32;C:\WINDOWS\WinSxS\amd64_microsoft.windows.common-controls_6595b64144ccf1df_6.0.26100.2161_none_3e0cadb0e33078e1;c:\Users\hp\.vscode\extensions\redhat.java-1.35.1-win32-x64\jre\17.0.12-win32-x86_64\bin\server;C:\Users\hp\AppData\Roaming\Code\User\globalStorage\redhat.java\1.35.1\config_win\org.eclipse.equinox.launcher\org.eclipse.equinox.launcher.win32.win32.x86_64_1.2.1100.v20240722-2106;C:\Users\hp\AppData\Local\Temp\jna-82667497

VM Arguments:
jvm_args: --add-modules=ALL-SYSTEM --add-opens=java.base/java.util=ALL-UNNAMED --add-opens=java.base/java.lang=ALL-UNNAMED --add-opens=java.base/sun.nio.fs=ALL-UNNAMED -Declipse.application=org.eclipse.jdt.ls.core.id1 -Dosgi.bundles.defaultStartLevel=4 -Declipse.product=org.eclipse.jdt.ls.core.product -Djava.import.generatesMetadataFilesAtProjectRoot=false -DDetectVMInstallationsJob.disabled=true -Dfile.encoding=utf8 -XX:+UseParallelGC -XX:GCTimeRatio=4 -XX:AdaptiveSizePolicyWeight=90 -Dsun.zip.disableMemoryMapping=true -Xmx1G -Xms100m -Xlog:disable -javaagent:c:\Users\hp\.vscode\extensions\redhat.java-1.35.1-win32-x64\lombok\lombok-1.18.33.jar -XX:+HeapDumpOnOutOfMemoryError -XX:HeapDumpPath=c:\Users\hp\AppData\Roaming\Code\User\workspaceStorage\95cc6fcd8f6ce4238fa94d105a126180\redhat.java -Daether.dependencyCollector.impl=bf 
java_command: c:\Users\hp\.vscode\extensions\redhat.java-1.35.1-win32-x64\server\plugins\org.eclipse.equinox.launcher_1.6.900.v20240613-2009.jar -configuration c:\Users\hp\AppData\Roaming\Code\User\globalStorage\redhat.java\1.35.1\config_win -data c:\Users\hp\AppData\Roaming\Code\User\workspaceStorage\95cc6fcd8f6ce4238fa94d105a126180\redhat.java\jdt_ws --pipe=\\.\pipe\lsp-c885e4a4abaf733da3a584e4a91fca86-sock
java_class_path (initial): c:\Users\hp\.vscode\extensions\redhat.java-1.35.1-win32-x64\server\plugins\org.eclipse.equinox.launcher_1.6.900.v20240613-2009.jar
Launcher Type: SUN_STANDARD

[Global flags]
    uintx AdaptiveSizePolicyWeight                 = 90                                        {product} {command line}
     intx CICompilerCount                          = 4                                         {product} {ergonomic}
    uintx GCTimeRatio                              = 4                                         {product} {command line}
     bool HeapDumpOnOutOfMemoryError               = true                                   {manageable} {command line}
    ccstr HeapDumpPath                             = c:\Users\hp\AppData\Roaming\Code\User\workspaceStorage\95cc6fcd8f6ce4238fa94d105a126180\redhat.java         {manageable} {command line}
   size_t InitialHeapSize                          = 104857600                                 {product} {command line}
   size_t MaxHeapSize                              = 1073741824                                {product} {command line}
   size_t MaxNewSize                               = 357564416                                 {product} {ergonomic}
   size_t MinHeapDeltaBytes                        = 524288                                    {product} {ergonomic}
   size_t MinHeapSize                              = 104857600                                 {product} {command line}
   size_t NewSize                                  = 34603008                                  {product} {ergonomic}
    uintx NonNMethodCodeHeapSize                   = 5839372                                {pd product} {ergonomic}
    uintx NonProfiledCodeHeapSize                  = 122909434                              {pd product} {ergonomic}
   size_t OldSize                                  = 70254592                                  {product} {ergonomic}
    uintx ProfiledCodeHeapSize                     = 122909434                              {pd product} {ergonomic}
    uintx ReservedCodeCacheSize                    = 251658240                              {pd product} {ergonomic}
     bool SegmentedCodeCache                       = true                                      {product} {ergonomic}
   size_t SoftMaxHeapSize                          = 1073741824                             {manageable} {ergonomic}
     bool UseCompressedClassPointers               = true                           {product lp64_product} {ergonomic}
     bool UseCompressedOops                        = true                           {product lp64_product} {ergonomic}
     bool UseLargePagesIndividualAllocation        = false                                  {pd product} {ergonomic}
     bool UseParallelGC                            = true                                      {product} {command line}

Logging:
Log output configuration:
 #0: stdout all=off uptime,level,tags
 #1: stderr all=off uptime,level,tags

Environment Variables:
JAVA_HOME=D:\java\jdk-17
CLASSPATH=D:\java;D:\Apache tomcat 7.1\lib\servlet-api.jar;
PATH=C:\Program Files\Common Files\Oracle\Java\javapath;D:\python 3.11\Scripts\;D:\python 3.11\;C:\Windows\system32;C:\Windows;C:\Windows\System32\Wbem;C:\Windows\System32\WindowsPowerShell\v1.0\;C:\Windows\System32\OpenSSH\;D:\java software;C:\WINDOWS\system32;C:\WINDOWS;C:\WINDOWS\System32\Wbem;C:\WINDOWS\System32\WindowsPowerShell\v1.0\;C:\WINDOWS\System32\OpenSSH\;D:\minGW\bin;D:\java\jdk-17\bin;D:\Python;D:\sql plus\instantclient_21_11;C:\Program Files\MongoDB\Server\7.0\bin;D:\Software\mysql-connector-j-8.3.0\mysql-connector-j-8.3.0.jar;D:\flutter\bin;C:\ProgramData\chocolatey\bin;D:\Node js\;D:\Android\Sdk\platform-tools;D:\Android\Sdk\emulator;D:\kotlinc\bin;C:\Program Files\dotnet\;C:\Program Files\Microsoft SQL Server\150\Tools\Binn\;C:\Program Files\Microsoft SQL Server\Client SDK\ODBC\170\Tools\Binn\;D:\git\Git\cmd;E:\Visual Studio Code\Microsoft VS Code\bin;C:\Users\hp\AppData\Local\Microsoft\WindowsApps;C:\MinGW\bin;D:\java\jdk-17\bin;C:\Program Files\MongoDB\Server\7.0\bin;D:\mongodb shell\;D:\flutter\bin;C:\Users\hp\AppData\Roaming\npm;C:\Users\hp\.dotnet\tools;
USERNAME=Vivek
OS=Windows_NT
PROCESSOR_IDENTIFIER=Intel64 Family 6 Model 140 Stepping 1, GenuineIntel
TMP=C:\Users\hp\AppData\Local\Temp
TEMP=C:\Users\hp\AppData\Local\Temp



Periodic native trim disabled


---------------  S Y S T E M  ---------------

OS:
 Windows 11 , 64 bit Build 26100 (10.0.26100.2161)
OS uptime: 0 days 10:38 hours
Hyper-V role detected

CPU: total 8 (initial active 8) (4 cores per cpu, 2 threads per core) family 6 model 140 stepping 1 microcode 0xb4, cx8, cmov, fxsr, ht, mmx, 3dnowpref, sse, sse2, sse3, ssse3, sse4.1, sse4.2, popcnt, lzcnt, tsc, tscinvbit, avx, avx2, aes, erms, clmul, bmi1, bmi2, adx, avx512f, avx512dq, avx512cd, avx512bw, avx512vl, sha, fma, vzeroupper, avx512_vpopcntdq, avx512_vpclmulqdq, avx512_vaes, avx512_vnni, clflush, clflushopt, clwb, avx512_vbmi2, avx512_vbmi, hv
Processor Information for processor 0
  Max Mhz: 2401, Current Mhz: 2400, Mhz Limit: 2376
Processor Information for processor 1
  Max Mhz: 2401, Current Mhz: 1100, Mhz Limit: 2376
Processor Information for processor 2
  Max Mhz: 2401, Current Mhz: 2400, Mhz Limit: 2376
Processor Information for processor 3
  Max Mhz: 2401, Current Mhz: 1100, Mhz Limit: 2376
Processor Information for processor 4
  Max Mhz: 2401, Current Mhz: 1100, Mhz Limit: 2376
Processor Information for processor 5
  Max Mhz: 2401, Current Mhz: 2400, Mhz Limit: 2376
Processor Information for processor 6
  Max Mhz: 2401, Current Mhz: 2400, Mhz Limit: 2376
Processor Information for processor 7
  Max Mhz: 2401, Current Mhz: 1100, Mhz Limit: 2376

Memory: 4k page, system-wide physical 16026M (2659M free)
TotalPageFile size 18074M (AvailPageFile size 5M)
current process WorkingSet (physical memory assigned to process): 126M, peak: 132M
current process commit charge ("private bytes"): 229M, peak: 232M

vm_info: OpenJDK 64-Bit Server VM (17.0.12+7) for windows-amd64 JRE (17.0.12+7), built on Jul 16 2024 22:08:24 by "admin" with MS VC++ 16.10 / 16.11 (VS2019)

END.
