#
# There is insufficient memory for the Java Runtime Environment to continue.
# Native memory allocation (malloc) failed to allocate 921136 bytes for Chunk::new
# Possible reasons:
#   The system is out of physical RAM or swap space
#   The process is running with CompressedOops enabled, and the Java Heap may be blocking the growth of the native heap
# Possible solutions:
#   Reduce memory load on the system
#   Increase physical memory or swap space
#   Check if swap backing store is full
#   Decrease Java heap size (-Xmx/-Xms)
#   Decrease number of Java threads
#   Decrease Java thread stack sizes (-Xss)
#   Set larger code cache with -XX:ReservedCodeCacheSize=
#   JVM is running with Unscaled Compressed Oops mode in which the Java heap is
#     placed in the first 4GB address space. The Java Heap base address is the
#     maximum limit for the native heap growth. Please use -XX:HeapBaseMinAddress
#     to set the Java Heap base and to place the Java Heap above 4GB virtual address.
# This output file may be truncated or incomplete.
#
#  Out of Memory Error (arena.cpp:189), pid=3692, tid=21440
#
# JRE version: Java(TM) SE Runtime Environment (17.0.10+11) (build 17.0.10+11-LTS-240)
# Java VM: Java HotSpot(TM) 64-Bit Server VM (17.0.10+11-LTS-240, mixed mode, sharing, tiered, compressed oops, compressed class ptrs, g1 gc, windows-amd64)
# No core dump will be written. Minidumps are not enabled by default on client versions of Windows
#

---------------  S U M M A R Y ------------

Command Line: -XX:MaxMetaspaceSize=512m --add-opens=java.base/java.util=ALL-UNNAMED --add-opens=java.base/java.lang=ALL-UNNAMED --add-opens=java.base/java.lang.invoke=ALL-UNNAMED --add-opens=java.prefs/java.util.prefs=ALL-UNNAMED --add-opens=java.base/java.nio.charset=ALL-UNNAMED --add-opens=java.base/java.net=ALL-UNNAMED --add-opens=java.base/java.util.concurrent.atomic=ALL-UNNAMED -Xmx2048m -Dfile.encoding=utf8 -Duser.country=US -Duser.language=en -Duser.variant -javaagent:C:\Users\hp\.gradle\wrapper\dists\gradle-8.6-all\3mbtmo166bl6vumsh5k2lkq5h\gradle-8.6\lib\agents\gradle-instrumentation-agent-8.6.jar org.gradle.launcher.daemon.bootstrap.GradleDaemon 8.6

Host: 11th Gen Intel(R) Core(TM) i5-1135G7 @ 2.40GHz, 8 cores, 15G,  Windows 11 , 64 bit Build 26100 (10.0.26100.2161)
Time: Mon Oct 28 23:35:11 2024 India Standard Time elapsed time: 4.709879 seconds (0d 0h 0m 4s)

---------------  T H R E A D  ---------------

Current thread (0x0000020e41250cd0):  JavaThread "C2 CompilerThread1" daemon [_thread_in_native, id=21440, stack(0x000000a623700000,0x000000a623800000)]


Current CompileTask:
C2:   4709 2085       4       jdk.internal.org.objectweb.asm.Frame::execute (2305 bytes)

Stack: [0x000000a623700000,0x000000a623800000]
Native frames: (J=compiled Java code, j=interpreted, Vv=VM code, C=native code)
V  [jvm.dll+0x677a5a]
V  [jvm.dll+0x7d8b2d]
V  [jvm.dll+0x7da48e]
V  [jvm.dll+0x7daaf3]
V  [jvm.dll+0x2455ff]
V  [jvm.dll+0xaaafb]
V  [jvm.dll+0xab09c]
V  [jvm.dll+0x2aafef]
V  [jvm.dll+0x57fd55]
V  [jvm.dll+0x220472]
V  [jvm.dll+0x22084f]
V  [jvm.dll+0x2197a6]
V  [jvm.dll+0x216c79]
V  [jvm.dll+0x1a3410]
V  [jvm.dll+0x226aeb]
V  [jvm.dll+0x224cab]
V  [jvm.dll+0x78e45c]
V  [jvm.dll+0x78888a]
V  [jvm.dll+0x676935]
C  [ucrtbase.dll+0x14ea0]
C  [KERNEL32.DLL+0x2dbe7]
C  [ntdll.dll+0xdfbec]


---------------  P R O C E S S  ---------------

Threads class SMR info:
_java_thread_list=0x0000020e439557c0, length=23, elements={
0x0000020e03c137a0, 0x0000020e21e68130, 0x0000020e21e68c00, 0x0000020e410129c0,
0x0000020e41013290, 0x0000020e410146d0, 0x0000020e41015b10, 0x0000020e41018eb0,
0x0000020e4101a880, 0x0000020e41028160, 0x0000020e41114980, 0x0000020e41203410,
0x0000020e41250cd0, 0x0000020e430b9290, 0x0000020e434bc470, 0x0000020e43995c10,
0x0000020e4276aa80, 0x0000020e42b9a090, 0x0000020e4340e810, 0x0000020e4340bf90,
0x0000020e4340c4a0, 0x0000020e4340cec0, 0x0000020e4340b060
}

Java Threads: ( => current thread )
  0x0000020e03c137a0 JavaThread "main" [_thread_blocked, id=16648, stack(0x000000a622400000,0x000000a622500000)]
  0x0000020e21e68130 JavaThread "Reference Handler" daemon [_thread_blocked, id=4112, stack(0x000000a622b00000,0x000000a622c00000)]
  0x0000020e21e68c00 JavaThread "Finalizer" daemon [_thread_blocked, id=19960, stack(0x000000a622c00000,0x000000a622d00000)]
  0x0000020e410129c0 JavaThread "Signal Dispatcher" daemon [_thread_blocked, id=13760, stack(0x000000a622d00000,0x000000a622e00000)]
  0x0000020e41013290 JavaThread "Attach Listener" daemon [_thread_blocked, id=21212, stack(0x000000a622e00000,0x000000a622f00000)]
  0x0000020e410146d0 JavaThread "Service Thread" daemon [_thread_blocked, id=11876, stack(0x000000a622f00000,0x000000a623000000)]
  0x0000020e41015b10 JavaThread "Monitor Deflation Thread" daemon [_thread_blocked, id=18360, stack(0x000000a623000000,0x000000a623100000)]
  0x0000020e41018eb0 JavaThread "C2 CompilerThread0" daemon [_thread_blocked, id=2792, stack(0x000000a623100000,0x000000a623200000)]
  0x0000020e4101a880 JavaThread "C1 CompilerThread0" daemon [_thread_in_native, id=21364, stack(0x000000a623200000,0x000000a623300000)]
  0x0000020e41028160 JavaThread "Sweeper thread" daemon [_thread_blocked, id=12884, stack(0x000000a623300000,0x000000a623400000)]
  0x0000020e41114980 JavaThread "Common-Cleaner" daemon [_thread_blocked, id=12932, stack(0x000000a623400000,0x000000a623500000)]
  0x0000020e41203410 JavaThread "Notification Thread" daemon [_thread_blocked, id=18224, stack(0x000000a623500000,0x000000a623600000)]
=>0x0000020e41250cd0 JavaThread "C2 CompilerThread1" daemon [_thread_in_native, id=21440, stack(0x000000a623700000,0x000000a623800000)]
  0x0000020e430b9290 JavaThread "Daemon health stats" [_thread_blocked, id=14108, stack(0x000000a623e00000,0x000000a623f00000)]
  0x0000020e434bc470 JavaThread "Incoming local TCP Connector on port 57756" [_thread_in_native, id=17988, stack(0x000000a623f00000,0x000000a624000000)]
  0x0000020e43995c10 JavaThread "Daemon periodic checks" [_thread_blocked, id=11724, stack(0x000000a624000000,0x000000a624100000)]
  0x0000020e4276aa80 JavaThread "Daemon" [_thread_blocked, id=6828, stack(0x000000a624100000,0x000000a624200000)]
  0x0000020e42b9a090 JavaThread "Handler for socket connection from /127.0.0.1:57756 to /127.0.0.1:57757" [_thread_in_native, id=3344, stack(0x000000a624200000,0x000000a624300000)]
  0x0000020e4340e810 JavaThread "Cancel handler" [_thread_blocked, id=15052, stack(0x000000a624300000,0x000000a624400000)]
  0x0000020e4340bf90 JavaThread "Daemon worker" [_thread_in_vm, id=19020, stack(0x000000a624400000,0x000000a624500000)]
  0x0000020e4340c4a0 JavaThread "Asynchronous log dispatcher for DefaultDaemonConnection: socket connection from /127.0.0.1:57756 to /127.0.0.1:57757" [_thread_blocked, id=18844, stack(0x000000a624500000,0x000000a624600000)]
  0x0000020e4340cec0 JavaThread "Stdin handler" [_thread_blocked, id=6088, stack(0x000000a624600000,0x000000a624700000)]
  0x0000020e4340b060 JavaThread "Daemon client event forwarder" [_thread_blocked, id=18012, stack(0x000000a624700000,0x000000a624800000)]

Other Threads:
  0x0000020e21e647e0 VMThread "VM Thread" [stack: 0x000000a622a00000,0x000000a622b00000] [id=19108]
  0x0000020e03cd44f0 WatcherThread [stack: 0x000000a623600000,0x000000a623700000] [id=14692]
  0x0000020e03c71b30 GCTaskThread "GC Thread#0" [stack: 0x000000a622500000,0x000000a622600000] [id=15300]
  0x0000020e422cffb0 GCTaskThread "GC Thread#1" [stack: 0x000000a623900000,0x000000a623a00000] [id=14424]
  0x0000020e422d0270 GCTaskThread "GC Thread#2" [stack: 0x000000a623a00000,0x000000a623b00000] [id=19144]
  0x0000020e422d0530 GCTaskThread "GC Thread#3" [stack: 0x000000a623b00000,0x000000a623c00000] [id=2272]
  0x0000020e42272640 GCTaskThread "GC Thread#4" [stack: 0x000000a623c00000,0x000000a623d00000] [id=17620]
  0x0000020e41d84b00 GCTaskThread "GC Thread#5" [stack: 0x000000a623d00000,0x000000a623e00000] [id=20988]
  0x0000020e03c82990 ConcurrentGCThread "G1 Main Marker" [stack: 0x000000a622600000,0x000000a622700000] [id=13680]
  0x0000020e03c83ff0 ConcurrentGCThread "G1 Conc#0" [stack: 0x000000a622700000,0x000000a622800000] [id=18828]
  0x0000020e21d1d230 ConcurrentGCThread "G1 Refine#0" [stack: 0x000000a622800000,0x000000a622900000] [id=9584]
  0x0000020e21d1da10 ConcurrentGCThread "G1 Service" [stack: 0x000000a622900000,0x000000a622a00000] [id=15884]

Threads with active compile tasks:
C2 CompilerThread1     4759 2085       4       jdk.internal.org.objectweb.asm.Frame::execute (2305 bytes)

VM state: not at safepoint (normal execution)

VM Mutex/Monitor currently owned by a thread: None

Heap address: 0x0000000080000000, size: 2048 MB, Compressed Oops mode: 32-bit

CDS archive(s) mapped at: [0x0000020e22000000-0x0000020e22bd0000-0x0000020e22bd0000), size 12386304, SharedBaseAddress: 0x0000020e22000000, ArchiveRelocationMode: 1.
Compressed class space mapped at: 0x0000020e23000000-0x0000020e3d000000, reserved size: 436207616
Narrow klass base: 0x0000020e22000000, Narrow klass shift: 0, Narrow klass range: 0x100000000

GC Precious Log:
 CPUs: 8 total, 8 available
 Memory: 16026M
 Large Page Support: Disabled
 NUMA Support: Disabled
 Compressed Oops: Enabled (32-bit)
 Heap Region Size: 1M
 Heap Min Capacity: 8M
 Heap Initial Capacity: 252M
 Heap Max Capacity: 2G
 Pre-touch: Disabled
 Parallel Workers: 8
 Concurrent Workers: 2
 Concurrent Refinement Workers: 8
 Periodic GC: Disabled

Heap:
 garbage-first heap   total 258048K, used 67763K [0x0000000080000000, 0x0000000100000000)
  region size 1024K, 56 young (57344K), 1 survivors (1024K)
 Metaspace       used 12698K, committed 12928K, reserved 491520K
  class space    used 1772K, committed 1856K, reserved 425984K

Heap Regions: E=young(eden), S=young(survivor), O=old, HS=humongous(starts), HC=humongous(continues), CS=collection set, F=free, OA=open archive, CA=closed archive, TAMS=top-at-mark-start (previous, next)
|   0|0x0000000080000000, 0x0000000080100000, 0x0000000080100000|100%|HS|  |TAMS 0x0000000080000000, 0x0000000080000000| Complete 
|   1|0x0000000080100000, 0x0000000080200000, 0x0000000080200000|100%|HC|  |TAMS 0x0000000080100000, 0x0000000080100000| Complete 
|   2|0x0000000080200000, 0x0000000080300000, 0x0000000080300000|100%|HC|  |TAMS 0x0000000080200000, 0x0000000080200000| Complete 
|   3|0x0000000080300000, 0x0000000080400000, 0x0000000080400000|100%|HC|  |TAMS 0x0000000080300000, 0x0000000080300000| Complete 
|   4|0x0000000080400000, 0x0000000080500000, 0x0000000080500000|100%| O|  |TAMS 0x0000000080400000, 0x0000000080400000| Untracked 
|   5|0x0000000080500000, 0x0000000080600000, 0x0000000080600000|100%| O|  |TAMS 0x0000000080500000, 0x0000000080500000| Untracked 
|   6|0x0000000080600000, 0x0000000080700000, 0x0000000080700000|100%| O|  |TAMS 0x0000000080600000, 0x0000000080600000| Untracked 
|   7|0x0000000080700000, 0x0000000080800000, 0x0000000080800000|100%| O|  |TAMS 0x0000000080700000, 0x0000000080700000| Untracked 
|   8|0x0000000080800000, 0x0000000080900000, 0x0000000080900000|100%| O|  |TAMS 0x0000000080800000, 0x0000000080800000| Untracked 
|   9|0x0000000080900000, 0x0000000080a00000, 0x0000000080a00000|100%| O|  |TAMS 0x0000000080900000, 0x0000000080900000| Untracked 
|  10|0x0000000080a00000, 0x0000000080a6b400, 0x0000000080b00000| 41%| O|  |TAMS 0x0000000080a00000, 0x0000000080a00000| Untracked 
|  11|0x0000000080b00000, 0x0000000080c00000, 0x0000000080c00000|100%|HS|  |TAMS 0x0000000080b00000, 0x0000000080b00000| Complete 
|  12|0x0000000080c00000, 0x0000000080c00000, 0x0000000080d00000|  0%| F|  |TAMS 0x0000000080c00000, 0x0000000080c00000| Untracked 
|  13|0x0000000080d00000, 0x0000000080d00000, 0x0000000080e00000|  0%| F|  |TAMS 0x0000000080d00000, 0x0000000080d00000| Untracked 
|  14|0x0000000080e00000, 0x0000000080e00000, 0x0000000080f00000|  0%| F|  |TAMS 0x0000000080e00000, 0x0000000080e00000| Untracked 
|  15|0x0000000080f00000, 0x0000000080f00000, 0x0000000081000000|  0%| F|  |TAMS 0x0000000080f00000, 0x0000000080f00000| Untracked 
|  16|0x0000000081000000, 0x0000000081000000, 0x0000000081100000|  0%| F|  |TAMS 0x0000000081000000, 0x0000000081000000| Untracked 
|  17|0x0000000081100000, 0x0000000081100000, 0x0000000081200000|  0%| F|  |TAMS 0x0000000081100000, 0x0000000081100000| Untracked 
|  18|0x0000000081200000, 0x0000000081200000, 0x0000000081300000|  0%| F|  |TAMS 0x0000000081200000, 0x0000000081200000| Untracked 
|  19|0x0000000081300000, 0x0000000081300000, 0x0000000081400000|  0%| F|  |TAMS 0x0000000081300000, 0x0000000081300000| Untracked 
|  20|0x0000000081400000, 0x0000000081400000, 0x0000000081500000|  0%| F|  |TAMS 0x0000000081400000, 0x0000000081400000| Untracked 
|  21|0x0000000081500000, 0x0000000081500000, 0x0000000081600000|  0%| F|  |TAMS 0x0000000081500000, 0x0000000081500000| Untracked 
|  22|0x0000000081600000, 0x0000000081600000, 0x0000000081700000|  0%| F|  |TAMS 0x0000000081600000, 0x0000000081600000| Untracked 
|  23|0x0000000081700000, 0x0000000081700000, 0x0000000081800000|  0%| F|  |TAMS 0x0000000081700000, 0x0000000081700000| Untracked 
|  24|0x0000000081800000, 0x0000000081800000, 0x0000000081900000|  0%| F|  |TAMS 0x0000000081800000, 0x0000000081800000| Untracked 
|  25|0x0000000081900000, 0x0000000081900000, 0x0000000081a00000|  0%| F|  |TAMS 0x0000000081900000, 0x0000000081900000| Untracked 
|  26|0x0000000081a00000, 0x0000000081a00000, 0x0000000081b00000|  0%| F|  |TAMS 0x0000000081a00000, 0x0000000081a00000| Untracked 
|  27|0x0000000081b00000, 0x0000000081b00000, 0x0000000081c00000|  0%| F|  |TAMS 0x0000000081b00000, 0x0000000081b00000| Untracked 
|  28|0x0000000081c00000, 0x0000000081c00000, 0x0000000081d00000|  0%| F|  |TAMS 0x0000000081c00000, 0x0000000081c00000| Untracked 
|  29|0x0000000081d00000, 0x0000000081d00000, 0x0000000081e00000|  0%| F|  |TAMS 0x0000000081d00000, 0x0000000081d00000| Untracked 
|  30|0x0000000081e00000, 0x0000000081e00000, 0x0000000081f00000|  0%| F|  |TAMS 0x0000000081e00000, 0x0000000081e00000| Untracked 
|  31|0x0000000081f00000, 0x0000000081f00000, 0x0000000082000000|  0%| F|  |TAMS 0x0000000081f00000, 0x0000000081f00000| Untracked 
|  32|0x0000000082000000, 0x0000000082000000, 0x0000000082100000|  0%| F|  |TAMS 0x0000000082000000, 0x0000000082000000| Untracked 
|  33|0x0000000082100000, 0x0000000082100000, 0x0000000082200000|  0%| F|  |TAMS 0x0000000082100000, 0x0000000082100000| Untracked 
|  34|0x0000000082200000, 0x0000000082200000, 0x0000000082300000|  0%| F|  |TAMS 0x0000000082200000, 0x0000000082200000| Untracked 
|  35|0x0000000082300000, 0x0000000082300000, 0x0000000082400000|  0%| F|  |TAMS 0x0000000082300000, 0x0000000082300000| Untracked 
|  36|0x0000000082400000, 0x0000000082400000, 0x0000000082500000|  0%| F|  |TAMS 0x0000000082400000, 0x0000000082400000| Untracked 
|  37|0x0000000082500000, 0x0000000082500000, 0x0000000082600000|  0%| F|  |TAMS 0x0000000082500000, 0x0000000082500000| Untracked 
|  38|0x0000000082600000, 0x0000000082600000, 0x0000000082700000|  0%| F|  |TAMS 0x0000000082600000, 0x0000000082600000| Untracked 
|  39|0x0000000082700000, 0x0000000082700000, 0x0000000082800000|  0%| F|  |TAMS 0x0000000082700000, 0x0000000082700000| Untracked 
|  40|0x0000000082800000, 0x0000000082800000, 0x0000000082900000|  0%| F|  |TAMS 0x0000000082800000, 0x0000000082800000| Untracked 
|  41|0x0000000082900000, 0x0000000082900000, 0x0000000082a00000|  0%| F|  |TAMS 0x0000000082900000, 0x0000000082900000| Untracked 
|  42|0x0000000082a00000, 0x0000000082a00000, 0x0000000082b00000|  0%| F|  |TAMS 0x0000000082a00000, 0x0000000082a00000| Untracked 
|  43|0x0000000082b00000, 0x0000000082b00000, 0x0000000082c00000|  0%| F|  |TAMS 0x0000000082b00000, 0x0000000082b00000| Untracked 
|  44|0x0000000082c00000, 0x0000000082c00000, 0x0000000082d00000|  0%| F|  |TAMS 0x0000000082c00000, 0x0000000082c00000| Untracked 
|  45|0x0000000082d00000, 0x0000000082d00000, 0x0000000082e00000|  0%| F|  |TAMS 0x0000000082d00000, 0x0000000082d00000| Untracked 
|  46|0x0000000082e00000, 0x0000000082e00000, 0x0000000082f00000|  0%| F|  |TAMS 0x0000000082e00000, 0x0000000082e00000| Untracked 
|  47|0x0000000082f00000, 0x0000000082f00000, 0x0000000083000000|  0%| F|  |TAMS 0x0000000082f00000, 0x0000000082f00000| Untracked 
|  48|0x0000000083000000, 0x0000000083000000, 0x0000000083100000|  0%| F|  |TAMS 0x0000000083000000, 0x0000000083000000| Untracked 
|  49|0x0000000083100000, 0x0000000083100000, 0x0000000083200000|  0%| F|  |TAMS 0x0000000083100000, 0x0000000083100000| Untracked 
|  50|0x0000000083200000, 0x0000000083200000, 0x0000000083300000|  0%| F|  |TAMS 0x0000000083200000, 0x0000000083200000| Untracked 
|  51|0x0000000083300000, 0x0000000083300000, 0x0000000083400000|  0%| F|  |TAMS 0x0000000083300000, 0x0000000083300000| Untracked 
|  52|0x0000000083400000, 0x0000000083400000, 0x0000000083500000|  0%| F|  |TAMS 0x0000000083400000, 0x0000000083400000| Untracked 
|  53|0x0000000083500000, 0x0000000083500000, 0x0000000083600000|  0%| F|  |TAMS 0x0000000083500000, 0x0000000083500000| Untracked 
|  54|0x0000000083600000, 0x0000000083600000, 0x0000000083700000|  0%| F|  |TAMS 0x0000000083600000, 0x0000000083600000| Untracked 
|  55|0x0000000083700000, 0x0000000083700000, 0x0000000083800000|  0%| F|  |TAMS 0x0000000083700000, 0x0000000083700000| Untracked 
|  56|0x0000000083800000, 0x0000000083800000, 0x0000000083900000|  0%| F|  |TAMS 0x0000000083800000, 0x0000000083800000| Untracked 
|  57|0x0000000083900000, 0x0000000083900000, 0x0000000083a00000|  0%| F|  |TAMS 0x0000000083900000, 0x0000000083900000| Untracked 
|  58|0x0000000083a00000, 0x0000000083a00000, 0x0000000083b00000|  0%| F|  |TAMS 0x0000000083a00000, 0x0000000083a00000| Untracked 
|  59|0x0000000083b00000, 0x0000000083b00000, 0x0000000083c00000|  0%| F|  |TAMS 0x0000000083b00000, 0x0000000083b00000| Untracked 
|  60|0x0000000083c00000, 0x0000000083c00000, 0x0000000083d00000|  0%| F|  |TAMS 0x0000000083c00000, 0x0000000083c00000| Untracked 
|  61|0x0000000083d00000, 0x0000000083d00000, 0x0000000083e00000|  0%| F|  |TAMS 0x0000000083d00000, 0x0000000083d00000| Untracked 
|  62|0x0000000083e00000, 0x0000000083e00000, 0x0000000083f00000|  0%| F|  |TAMS 0x0000000083e00000, 0x0000000083e00000| Untracked 
|  63|0x0000000083f00000, 0x0000000083f00000, 0x0000000084000000|  0%| F|  |TAMS 0x0000000083f00000, 0x0000000083f00000| Untracked 
|  64|0x0000000084000000, 0x0000000084000000, 0x0000000084100000|  0%| F|  |TAMS 0x0000000084000000, 0x0000000084000000| Untracked 
|  65|0x0000000084100000, 0x0000000084100000, 0x0000000084200000|  0%| F|  |TAMS 0x0000000084100000, 0x0000000084100000| Untracked 
|  66|0x0000000084200000, 0x0000000084200000, 0x0000000084300000|  0%| F|  |TAMS 0x0000000084200000, 0x0000000084200000| Untracked 
|  67|0x0000000084300000, 0x0000000084300000, 0x0000000084400000|  0%| F|  |TAMS 0x0000000084300000, 0x0000000084300000| Untracked 
|  68|0x0000000084400000, 0x0000000084400000, 0x0000000084500000|  0%| F|  |TAMS 0x0000000084400000, 0x0000000084400000| Untracked 
|  69|0x0000000084500000, 0x0000000084500000, 0x0000000084600000|  0%| F|  |TAMS 0x0000000084500000, 0x0000000084500000| Untracked 
|  70|0x0000000084600000, 0x0000000084600000, 0x0000000084700000|  0%| F|  |TAMS 0x0000000084600000, 0x0000000084600000| Untracked 
|  71|0x0000000084700000, 0x0000000084700000, 0x0000000084800000|  0%| F|  |TAMS 0x0000000084700000, 0x0000000084700000| Untracked 
|  72|0x0000000084800000, 0x0000000084800000, 0x0000000084900000|  0%| F|  |TAMS 0x0000000084800000, 0x0000000084800000| Untracked 
|  73|0x0000000084900000, 0x0000000084900000, 0x0000000084a00000|  0%| F|  |TAMS 0x0000000084900000, 0x0000000084900000| Untracked 
|  74|0x0000000084a00000, 0x0000000084a00000, 0x0000000084b00000|  0%| F|  |TAMS 0x0000000084a00000, 0x0000000084a00000| Untracked 
|  75|0x0000000084b00000, 0x0000000084b00000, 0x0000000084c00000|  0%| F|  |TAMS 0x0000000084b00000, 0x0000000084b00000| Untracked 
|  76|0x0000000084c00000, 0x0000000084c00000, 0x0000000084d00000|  0%| F|  |TAMS 0x0000000084c00000, 0x0000000084c00000| Untracked 
|  77|0x0000000084d00000, 0x0000000084d00000, 0x0000000084e00000|  0%| F|  |TAMS 0x0000000084d00000, 0x0000000084d00000| Untracked 
|  78|0x0000000084e00000, 0x0000000084e00000, 0x0000000084f00000|  0%| F|  |TAMS 0x0000000084e00000, 0x0000000084e00000| Untracked 
|  79|0x0000000084f00000, 0x0000000084f00000, 0x0000000085000000|  0%| F|  |TAMS 0x0000000084f00000, 0x0000000084f00000| Untracked 
|  80|0x0000000085000000, 0x0000000085000000, 0x0000000085100000|  0%| F|  |TAMS 0x0000000085000000, 0x0000000085000000| Untracked 
|  81|0x0000000085100000, 0x0000000085100000, 0x0000000085200000|  0%| F|  |TAMS 0x0000000085100000, 0x0000000085100000| Untracked 
|  82|0x0000000085200000, 0x0000000085200000, 0x0000000085300000|  0%| F|  |TAMS 0x0000000085200000, 0x0000000085200000| Untracked 
|  83|0x0000000085300000, 0x0000000085300000, 0x0000000085400000|  0%| F|  |TAMS 0x0000000085300000, 0x0000000085300000| Untracked 
|  84|0x0000000085400000, 0x0000000085400000, 0x0000000085500000|  0%| F|  |TAMS 0x0000000085400000, 0x0000000085400000| Untracked 
|  85|0x0000000085500000, 0x0000000085500000, 0x0000000085600000|  0%| F|  |TAMS 0x0000000085500000, 0x0000000085500000| Untracked 
|  86|0x0000000085600000, 0x0000000085600000, 0x0000000085700000|  0%| F|  |TAMS 0x0000000085600000, 0x0000000085600000| Untracked 
|  87|0x0000000085700000, 0x0000000085700000, 0x0000000085800000|  0%| F|  |TAMS 0x0000000085700000, 0x0000000085700000| Untracked 
|  88|0x0000000085800000, 0x0000000085800000, 0x0000000085900000|  0%| F|  |TAMS 0x0000000085800000, 0x0000000085800000| Untracked 
|  89|0x0000000085900000, 0x0000000085900000, 0x0000000085a00000|  0%| F|  |TAMS 0x0000000085900000, 0x0000000085900000| Untracked 
|  90|0x0000000085a00000, 0x0000000085a00000, 0x0000000085b00000|  0%| F|  |TAMS 0x0000000085a00000, 0x0000000085a00000| Untracked 
|  91|0x0000000085b00000, 0x0000000085b00000, 0x0000000085c00000|  0%| F|  |TAMS 0x0000000085b00000, 0x0000000085b00000| Untracked 
|  92|0x0000000085c00000, 0x0000000085c00000, 0x0000000085d00000|  0%| F|  |TAMS 0x0000000085c00000, 0x0000000085c00000| Untracked 
|  93|0x0000000085d00000, 0x0000000085d00000, 0x0000000085e00000|  0%| F|  |TAMS 0x0000000085d00000, 0x0000000085d00000| Untracked 
|  94|0x0000000085e00000, 0x0000000085e00000, 0x0000000085f00000|  0%| F|  |TAMS 0x0000000085e00000, 0x0000000085e00000| Untracked 
|  95|0x0000000085f00000, 0x0000000085f00000, 0x0000000086000000|  0%| F|  |TAMS 0x0000000085f00000, 0x0000000085f00000| Untracked 
|  96|0x0000000086000000, 0x0000000086000000, 0x0000000086100000|  0%| F|  |TAMS 0x0000000086000000, 0x0000000086000000| Untracked 
|  97|0x0000000086100000, 0x0000000086100000, 0x0000000086200000|  0%| F|  |TAMS 0x0000000086100000, 0x0000000086100000| Untracked 
|  98|0x0000000086200000, 0x0000000086200000, 0x0000000086300000|  0%| F|  |TAMS 0x0000000086200000, 0x0000000086200000| Untracked 
|  99|0x0000000086300000, 0x0000000086300000, 0x0000000086400000|  0%| F|  |TAMS 0x0000000086300000, 0x0000000086300000| Untracked 
| 100|0x0000000086400000, 0x0000000086400000, 0x0000000086500000|  0%| F|  |TAMS 0x0000000086400000, 0x0000000086400000| Untracked 
| 101|0x0000000086500000, 0x0000000086500000, 0x0000000086600000|  0%| F|  |TAMS 0x0000000086500000, 0x0000000086500000| Untracked 
| 102|0x0000000086600000, 0x0000000086600000, 0x0000000086700000|  0%| F|  |TAMS 0x0000000086600000, 0x0000000086600000| Untracked 
| 103|0x0000000086700000, 0x0000000086700000, 0x0000000086800000|  0%| F|  |TAMS 0x0000000086700000, 0x0000000086700000| Untracked 
| 104|0x0000000086800000, 0x0000000086800000, 0x0000000086900000|  0%| F|  |TAMS 0x0000000086800000, 0x0000000086800000| Untracked 
| 105|0x0000000086900000, 0x0000000086900000, 0x0000000086a00000|  0%| F|  |TAMS 0x0000000086900000, 0x0000000086900000| Untracked 
| 106|0x0000000086a00000, 0x0000000086a00000, 0x0000000086b00000|  0%| F|  |TAMS 0x0000000086a00000, 0x0000000086a00000| Untracked 
| 107|0x0000000086b00000, 0x0000000086b00000, 0x0000000086c00000|  0%| F|  |TAMS 0x0000000086b00000, 0x0000000086b00000| Untracked 
| 108|0x0000000086c00000, 0x0000000086c00000, 0x0000000086d00000|  0%| F|  |TAMS 0x0000000086c00000, 0x0000000086c00000| Untracked 
| 109|0x0000000086d00000, 0x0000000086d00000, 0x0000000086e00000|  0%| F|  |TAMS 0x0000000086d00000, 0x0000000086d00000| Untracked 
| 110|0x0000000086e00000, 0x0000000086e00000, 0x0000000086f00000|  0%| F|  |TAMS 0x0000000086e00000, 0x0000000086e00000| Untracked 
| 111|0x0000000086f00000, 0x0000000086f00000, 0x0000000087000000|  0%| F|  |TAMS 0x0000000086f00000, 0x0000000086f00000| Untracked 
| 112|0x0000000087000000, 0x0000000087000000, 0x0000000087100000|  0%| F|  |TAMS 0x0000000087000000, 0x0000000087000000| Untracked 
| 113|0x0000000087100000, 0x0000000087100000, 0x0000000087200000|  0%| F|  |TAMS 0x0000000087100000, 0x0000000087100000| Untracked 
| 114|0x0000000087200000, 0x0000000087200000, 0x0000000087300000|  0%| F|  |TAMS 0x0000000087200000, 0x0000000087200000| Untracked 
| 115|0x0000000087300000, 0x0000000087300000, 0x0000000087400000|  0%| F|  |TAMS 0x0000000087300000, 0x0000000087300000| Untracked 
| 116|0x0000000087400000, 0x0000000087400000, 0x0000000087500000|  0%| F|  |TAMS 0x0000000087400000, 0x0000000087400000| Untracked 
| 117|0x0000000087500000, 0x0000000087500000, 0x0000000087600000|  0%| F|  |TAMS 0x0000000087500000, 0x0000000087500000| Untracked 
| 118|0x0000000087600000, 0x0000000087600000, 0x0000000087700000|  0%| F|  |TAMS 0x0000000087600000, 0x0000000087600000| Untracked 
| 119|0x0000000087700000, 0x0000000087700000, 0x0000000087800000|  0%| F|  |TAMS 0x0000000087700000, 0x0000000087700000| Untracked 
| 120|0x0000000087800000, 0x0000000087800000, 0x0000000087900000|  0%| F|  |TAMS 0x0000000087800000, 0x0000000087800000| Untracked 
| 121|0x0000000087900000, 0x0000000087900000, 0x0000000087a00000|  0%| F|  |TAMS 0x0000000087900000, 0x0000000087900000| Untracked 
| 122|0x0000000087a00000, 0x0000000087a00000, 0x0000000087b00000|  0%| F|  |TAMS 0x0000000087a00000, 0x0000000087a00000| Untracked 
| 123|0x0000000087b00000, 0x0000000087b00000, 0x0000000087c00000|  0%| F|  |TAMS 0x0000000087b00000, 0x0000000087b00000| Untracked 
| 124|0x0000000087c00000, 0x0000000087c00000, 0x0000000087d00000|  0%| F|  |TAMS 0x0000000087c00000, 0x0000000087c00000| Untracked 
| 125|0x0000000087d00000, 0x0000000087d00000, 0x0000000087e00000|  0%| F|  |TAMS 0x0000000087d00000, 0x0000000087d00000| Untracked 
| 126|0x0000000087e00000, 0x0000000087e00000, 0x0000000087f00000|  0%| F|  |TAMS 0x0000000087e00000, 0x0000000087e00000| Untracked 
| 127|0x0000000087f00000, 0x0000000087f00000, 0x0000000088000000|  0%| F|  |TAMS 0x0000000087f00000, 0x0000000087f00000| Untracked 
| 128|0x0000000088000000, 0x0000000088000000, 0x0000000088100000|  0%| F|  |TAMS 0x0000000088000000, 0x0000000088000000| Untracked 
| 129|0x0000000088100000, 0x0000000088100000, 0x0000000088200000|  0%| F|  |TAMS 0x0000000088100000, 0x0000000088100000| Untracked 
| 130|0x0000000088200000, 0x0000000088200000, 0x0000000088300000|  0%| F|  |TAMS 0x0000000088200000, 0x0000000088200000| Untracked 
| 131|0x0000000088300000, 0x0000000088300000, 0x0000000088400000|  0%| F|  |TAMS 0x0000000088300000, 0x0000000088300000| Untracked 
| 132|0x0000000088400000, 0x0000000088400000, 0x0000000088500000|  0%| F|  |TAMS 0x0000000088400000, 0x0000000088400000| Untracked 
| 133|0x0000000088500000, 0x0000000088500000, 0x0000000088600000|  0%| F|  |TAMS 0x0000000088500000, 0x0000000088500000| Untracked 
| 134|0x0000000088600000, 0x0000000088600000, 0x0000000088700000|  0%| F|  |TAMS 0x0000000088600000, 0x0000000088600000| Untracked 
| 135|0x0000000088700000, 0x0000000088700000, 0x0000000088800000|  0%| F|  |TAMS 0x0000000088700000, 0x0000000088700000| Untracked 
| 136|0x0000000088800000, 0x0000000088800000, 0x0000000088900000|  0%| F|  |TAMS 0x0000000088800000, 0x0000000088800000| Untracked 
| 137|0x0000000088900000, 0x0000000088900000, 0x0000000088a00000|  0%| F|  |TAMS 0x0000000088900000, 0x0000000088900000| Untracked 
| 138|0x0000000088a00000, 0x0000000088a00000, 0x0000000088b00000|  0%| F|  |TAMS 0x0000000088a00000, 0x0000000088a00000| Untracked 
| 139|0x0000000088b00000, 0x0000000088b00000, 0x0000000088c00000|  0%| F|  |TAMS 0x0000000088b00000, 0x0000000088b00000| Untracked 
| 140|0x0000000088c00000, 0x0000000088c00000, 0x0000000088d00000|  0%| F|  |TAMS 0x0000000088c00000, 0x0000000088c00000| Untracked 
| 141|0x0000000088d00000, 0x0000000088d00000, 0x0000000088e00000|  0%| F|  |TAMS 0x0000000088d00000, 0x0000000088d00000| Untracked 
| 142|0x0000000088e00000, 0x0000000088e00000, 0x0000000088f00000|  0%| F|  |TAMS 0x0000000088e00000, 0x0000000088e00000| Untracked 
| 143|0x0000000088f00000, 0x0000000088f00000, 0x0000000089000000|  0%| F|  |TAMS 0x0000000088f00000, 0x0000000088f00000| Untracked 
| 144|0x0000000089000000, 0x0000000089000000, 0x0000000089100000|  0%| F|  |TAMS 0x0000000089000000, 0x0000000089000000| Untracked 
| 145|0x0000000089100000, 0x0000000089100000, 0x0000000089200000|  0%| F|  |TAMS 0x0000000089100000, 0x0000000089100000| Untracked 
| 146|0x0000000089200000, 0x0000000089200000, 0x0000000089300000|  0%| F|  |TAMS 0x0000000089200000, 0x0000000089200000| Untracked 
| 147|0x0000000089300000, 0x0000000089300000, 0x0000000089400000|  0%| F|  |TAMS 0x0000000089300000, 0x0000000089300000| Untracked 
| 148|0x0000000089400000, 0x0000000089400000, 0x0000000089500000|  0%| F|  |TAMS 0x0000000089400000, 0x0000000089400000| Untracked 
| 149|0x0000000089500000, 0x0000000089500000, 0x0000000089600000|  0%| F|  |TAMS 0x0000000089500000, 0x0000000089500000| Untracked 
| 150|0x0000000089600000, 0x0000000089600000, 0x0000000089700000|  0%| F|  |TAMS 0x0000000089600000, 0x0000000089600000| Untracked 
| 151|0x0000000089700000, 0x0000000089700000, 0x0000000089800000|  0%| F|  |TAMS 0x0000000089700000, 0x0000000089700000| Untracked 
| 152|0x0000000089800000, 0x0000000089800000, 0x0000000089900000|  0%| F|  |TAMS 0x0000000089800000, 0x0000000089800000| Untracked 
| 153|0x0000000089900000, 0x0000000089900000, 0x0000000089a00000|  0%| F|  |TAMS 0x0000000089900000, 0x0000000089900000| Untracked 
| 154|0x0000000089a00000, 0x0000000089a00000, 0x0000000089b00000|  0%| F|  |TAMS 0x0000000089a00000, 0x0000000089a00000| Untracked 
| 155|0x0000000089b00000, 0x0000000089b00000, 0x0000000089c00000|  0%| F|  |TAMS 0x0000000089b00000, 0x0000000089b00000| Untracked 
| 156|0x0000000089c00000, 0x0000000089c00000, 0x0000000089d00000|  0%| F|  |TAMS 0x0000000089c00000, 0x0000000089c00000| Untracked 
| 157|0x0000000089d00000, 0x0000000089d00000, 0x0000000089e00000|  0%| F|  |TAMS 0x0000000089d00000, 0x0000000089d00000| Untracked 
| 158|0x0000000089e00000, 0x0000000089e00000, 0x0000000089f00000|  0%| F|  |TAMS 0x0000000089e00000, 0x0000000089e00000| Untracked 
| 159|0x0000000089f00000, 0x0000000089f00000, 0x000000008a000000|  0%| F|  |TAMS 0x0000000089f00000, 0x0000000089f00000| Untracked 
| 160|0x000000008a000000, 0x000000008a000000, 0x000000008a100000|  0%| F|  |TAMS 0x000000008a000000, 0x000000008a000000| Untracked 
| 161|0x000000008a100000, 0x000000008a100000, 0x000000008a200000|  0%| F|  |TAMS 0x000000008a100000, 0x000000008a100000| Untracked 
| 162|0x000000008a200000, 0x000000008a200000, 0x000000008a300000|  0%| F|  |TAMS 0x000000008a200000, 0x000000008a200000| Untracked 
| 163|0x000000008a300000, 0x000000008a300000, 0x000000008a400000|  0%| F|  |TAMS 0x000000008a300000, 0x000000008a300000| Untracked 
| 164|0x000000008a400000, 0x000000008a400000, 0x000000008a500000|  0%| F|  |TAMS 0x000000008a400000, 0x000000008a400000| Untracked 
| 165|0x000000008a500000, 0x000000008a500000, 0x000000008a600000|  0%| F|  |TAMS 0x000000008a500000, 0x000000008a500000| Untracked 
| 166|0x000000008a600000, 0x000000008a600000, 0x000000008a700000|  0%| F|  |TAMS 0x000000008a600000, 0x000000008a600000| Untracked 
| 167|0x000000008a700000, 0x000000008a700000, 0x000000008a800000|  0%| F|  |TAMS 0x000000008a700000, 0x000000008a700000| Untracked 
| 168|0x000000008a800000, 0x000000008a800000, 0x000000008a900000|  0%| F|  |TAMS 0x000000008a800000, 0x000000008a800000| Untracked 
| 169|0x000000008a900000, 0x000000008a900000, 0x000000008aa00000|  0%| F|  |TAMS 0x000000008a900000, 0x000000008a900000| Untracked 
| 170|0x000000008aa00000, 0x000000008aa00000, 0x000000008ab00000|  0%| F|  |TAMS 0x000000008aa00000, 0x000000008aa00000| Untracked 
| 171|0x000000008ab00000, 0x000000008ab00000, 0x000000008ac00000|  0%| F|  |TAMS 0x000000008ab00000, 0x000000008ab00000| Untracked 
| 172|0x000000008ac00000, 0x000000008ac00000, 0x000000008ad00000|  0%| F|  |TAMS 0x000000008ac00000, 0x000000008ac00000| Untracked 
| 173|0x000000008ad00000, 0x000000008ad00000, 0x000000008ae00000|  0%| F|  |TAMS 0x000000008ad00000, 0x000000008ad00000| Untracked 
| 174|0x000000008ae00000, 0x000000008ae00000, 0x000000008af00000|  0%| F|  |TAMS 0x000000008ae00000, 0x000000008ae00000| Untracked 
| 175|0x000000008af00000, 0x000000008af00000, 0x000000008b000000|  0%| F|  |TAMS 0x000000008af00000, 0x000000008af00000| Untracked 
| 176|0x000000008b000000, 0x000000008b000000, 0x000000008b100000|  0%| F|  |TAMS 0x000000008b000000, 0x000000008b000000| Untracked 
| 177|0x000000008b100000, 0x000000008b100000, 0x000000008b200000|  0%| F|  |TAMS 0x000000008b100000, 0x000000008b100000| Untracked 
| 178|0x000000008b200000, 0x000000008b200000, 0x000000008b300000|  0%| F|  |TAMS 0x000000008b200000, 0x000000008b200000| Untracked 
| 179|0x000000008b300000, 0x000000008b300000, 0x000000008b400000|  0%| F|  |TAMS 0x000000008b300000, 0x000000008b300000| Untracked 
| 180|0x000000008b400000, 0x000000008b400000, 0x000000008b500000|  0%| F|  |TAMS 0x000000008b400000, 0x000000008b400000| Untracked 
| 181|0x000000008b500000, 0x000000008b500000, 0x000000008b600000|  0%| F|  |TAMS 0x000000008b500000, 0x000000008b500000| Untracked 
| 182|0x000000008b600000, 0x000000008b600000, 0x000000008b700000|  0%| F|  |TAMS 0x000000008b600000, 0x000000008b600000| Untracked 
| 183|0x000000008b700000, 0x000000008b700000, 0x000000008b800000|  0%| F|  |TAMS 0x000000008b700000, 0x000000008b700000| Untracked 
| 184|0x000000008b800000, 0x000000008b800000, 0x000000008b900000|  0%| F|  |TAMS 0x000000008b800000, 0x000000008b800000| Untracked 
| 185|0x000000008b900000, 0x000000008b900000, 0x000000008ba00000|  0%| F|  |TAMS 0x000000008b900000, 0x000000008b900000| Untracked 
| 186|0x000000008ba00000, 0x000000008ba00000, 0x000000008bb00000|  0%| F|  |TAMS 0x000000008ba00000, 0x000000008ba00000| Untracked 
| 187|0x000000008bb00000, 0x000000008bb00000, 0x000000008bc00000|  0%| F|  |TAMS 0x000000008bb00000, 0x000000008bb00000| Untracked 
| 188|0x000000008bc00000, 0x000000008bc00000, 0x000000008bd00000|  0%| F|  |TAMS 0x000000008bc00000, 0x000000008bc00000| Untracked 
| 189|0x000000008bd00000, 0x000000008bd00000, 0x000000008be00000|  0%| F|  |TAMS 0x000000008bd00000, 0x000000008bd00000| Untracked 
| 190|0x000000008be00000, 0x000000008be00000, 0x000000008bf00000|  0%| F|  |TAMS 0x000000008be00000, 0x000000008be00000| Untracked 
| 191|0x000000008bf00000, 0x000000008bf00000, 0x000000008c000000|  0%| F|  |TAMS 0x000000008bf00000, 0x000000008bf00000| Untracked 
| 192|0x000000008c000000, 0x000000008c000000, 0x000000008c100000|  0%| F|  |TAMS 0x000000008c000000, 0x000000008c000000| Untracked 
| 193|0x000000008c100000, 0x000000008c100000, 0x000000008c200000|  0%| F|  |TAMS 0x000000008c100000, 0x000000008c100000| Untracked 
| 194|0x000000008c200000, 0x000000008c200000, 0x000000008c300000|  0%| F|  |TAMS 0x000000008c200000, 0x000000008c200000| Untracked 
| 195|0x000000008c300000, 0x000000008c300000, 0x000000008c400000|  0%| F|  |TAMS 0x000000008c300000, 0x000000008c300000| Untracked 
| 196|0x000000008c400000, 0x000000008c500000, 0x000000008c500000|100%| E|  |TAMS 0x000000008c400000, 0x000000008c400000| Complete 
| 197|0x000000008c500000, 0x000000008c600000, 0x000000008c600000|100%| E|CS|TAMS 0x000000008c500000, 0x000000008c500000| Complete 
| 198|0x000000008c600000, 0x000000008c700000, 0x000000008c700000|100%| E|CS|TAMS 0x000000008c600000, 0x000000008c600000| Complete 
| 199|0x000000008c700000, 0x000000008c800000, 0x000000008c800000|100%| E|CS|TAMS 0x000000008c700000, 0x000000008c700000| Complete 
| 200|0x000000008c800000, 0x000000008c900000, 0x000000008c900000|100%| E|CS|TAMS 0x000000008c800000, 0x000000008c800000| Complete 
| 201|0x000000008c900000, 0x000000008ca00000, 0x000000008ca00000|100%| E|CS|TAMS 0x000000008c900000, 0x000000008c900000| Complete 
| 202|0x000000008ca00000, 0x000000008cb00000, 0x000000008cb00000|100%| E|CS|TAMS 0x000000008ca00000, 0x000000008ca00000| Complete 
| 203|0x000000008cb00000, 0x000000008cc00000, 0x000000008cc00000|100%| E|CS|TAMS 0x000000008cb00000, 0x000000008cb00000| Complete 
| 204|0x000000008cc00000, 0x000000008cd00000, 0x000000008cd00000|100%| E|CS|TAMS 0x000000008cc00000, 0x000000008cc00000| Complete 
| 205|0x000000008cd00000, 0x000000008ce00000, 0x000000008ce00000|100%| E|CS|TAMS 0x000000008cd00000, 0x000000008cd00000| Complete 
| 206|0x000000008ce00000, 0x000000008cf00000, 0x000000008cf00000|100%| E|CS|TAMS 0x000000008ce00000, 0x000000008ce00000| Complete 
| 207|0x000000008cf00000, 0x000000008d000000, 0x000000008d000000|100%| E|CS|TAMS 0x000000008cf00000, 0x000000008cf00000| Complete 
| 208|0x000000008d000000, 0x000000008d100000, 0x000000008d100000|100%| E|CS|TAMS 0x000000008d000000, 0x000000008d000000| Complete 
| 209|0x000000008d100000, 0x000000008d200000, 0x000000008d200000|100%| E|CS|TAMS 0x000000008d100000, 0x000000008d100000| Complete 
| 210|0x000000008d200000, 0x000000008d300000, 0x000000008d300000|100%| E|CS|TAMS 0x000000008d200000, 0x000000008d200000| Complete 
| 211|0x000000008d300000, 0x000000008d400000, 0x000000008d400000|100%| E|CS|TAMS 0x000000008d300000, 0x000000008d300000| Complete 
| 212|0x000000008d400000, 0x000000008d500000, 0x000000008d500000|100%| E|CS|TAMS 0x000000008d400000, 0x000000008d400000| Complete 
| 213|0x000000008d500000, 0x000000008d600000, 0x000000008d600000|100%| E|CS|TAMS 0x000000008d500000, 0x000000008d500000| Complete 
| 214|0x000000008d600000, 0x000000008d700000, 0x000000008d700000|100%| E|CS|TAMS 0x000000008d600000, 0x000000008d600000| Complete 
| 215|0x000000008d700000, 0x000000008d800000, 0x000000008d800000|100%| E|CS|TAMS 0x000000008d700000, 0x000000008d700000| Complete 
| 216|0x000000008d800000, 0x000000008d900000, 0x000000008d900000|100%| E|CS|TAMS 0x000000008d800000, 0x000000008d800000| Complete 
| 217|0x000000008d900000, 0x000000008da00000, 0x000000008da00000|100%| E|CS|TAMS 0x000000008d900000, 0x000000008d900000| Complete 
| 218|0x000000008da00000, 0x000000008db00000, 0x000000008db00000|100%| E|CS|TAMS 0x000000008da00000, 0x000000008da00000| Complete 
| 219|0x000000008db00000, 0x000000008dc00000, 0x000000008dc00000|100%| E|CS|TAMS 0x000000008db00000, 0x000000008db00000| Complete 
| 220|0x000000008dc00000, 0x000000008dd00000, 0x000000008dd00000|100%| E|CS|TAMS 0x000000008dc00000, 0x000000008dc00000| Complete 
| 221|0x000000008dd00000, 0x000000008ddc1ab8, 0x000000008de00000| 75%| S|CS|TAMS 0x000000008dd00000, 0x000000008dd00000| Complete 
| 222|0x000000008de00000, 0x000000008df00000, 0x000000008df00000|100%| E|CS|TAMS 0x000000008de00000, 0x000000008de00000| Complete 
| 223|0x000000008df00000, 0x000000008e000000, 0x000000008e000000|100%| E|CS|TAMS 0x000000008df00000, 0x000000008df00000| Complete 
| 224|0x000000008e000000, 0x000000008e100000, 0x000000008e100000|100%| E|CS|TAMS 0x000000008e000000, 0x000000008e000000| Complete 
| 225|0x000000008e100000, 0x000000008e200000, 0x000000008e200000|100%| E|CS|TAMS 0x000000008e100000, 0x000000008e100000| Complete 
| 226|0x000000008e200000, 0x000000008e300000, 0x000000008e300000|100%| E|CS|TAMS 0x000000008e200000, 0x000000008e200000| Complete 
| 227|0x000000008e300000, 0x000000008e400000, 0x000000008e400000|100%| E|CS|TAMS 0x000000008e300000, 0x000000008e300000| Complete 
| 228|0x000000008e400000, 0x000000008e500000, 0x000000008e500000|100%| E|CS|TAMS 0x000000008e400000, 0x000000008e400000| Complete 
| 229|0x000000008e500000, 0x000000008e600000, 0x000000008e600000|100%| E|CS|TAMS 0x000000008e500000, 0x000000008e500000| Complete 
| 230|0x000000008e600000, 0x000000008e700000, 0x000000008e700000|100%| E|CS|TAMS 0x000000008e600000, 0x000000008e600000| Complete 
| 231|0x000000008e700000, 0x000000008e800000, 0x000000008e800000|100%| E|CS|TAMS 0x000000008e700000, 0x000000008e700000| Complete 
| 232|0x000000008e800000, 0x000000008e900000, 0x000000008e900000|100%| E|CS|TAMS 0x000000008e800000, 0x000000008e800000| Complete 
| 233|0x000000008e900000, 0x000000008ea00000, 0x000000008ea00000|100%| E|CS|TAMS 0x000000008e900000, 0x000000008e900000| Complete 
| 234|0x000000008ea00000, 0x000000008eb00000, 0x000000008eb00000|100%| E|CS|TAMS 0x000000008ea00000, 0x000000008ea00000| Complete 
| 235|0x000000008eb00000, 0x000000008ec00000, 0x000000008ec00000|100%| E|CS|TAMS 0x000000008eb00000, 0x000000008eb00000| Complete 
| 236|0x000000008ec00000, 0x000000008ed00000, 0x000000008ed00000|100%| E|CS|TAMS 0x000000008ec00000, 0x000000008ec00000| Complete 
| 237|0x000000008ed00000, 0x000000008ee00000, 0x000000008ee00000|100%| E|CS|TAMS 0x000000008ed00000, 0x000000008ed00000| Complete 
| 238|0x000000008ee00000, 0x000000008ef00000, 0x000000008ef00000|100%| E|CS|TAMS 0x000000008ee00000, 0x000000008ee00000| Complete 
| 239|0x000000008ef00000, 0x000000008f000000, 0x000000008f000000|100%| E|CS|TAMS 0x000000008ef00000, 0x000000008ef00000| Complete 
| 240|0x000000008f000000, 0x000000008f100000, 0x000000008f100000|100%| E|CS|TAMS 0x000000008f000000, 0x000000008f000000| Complete 
| 241|0x000000008f100000, 0x000000008f200000, 0x000000008f200000|100%| E|CS|TAMS 0x000000008f100000, 0x000000008f100000| Complete 
| 242|0x000000008f200000, 0x000000008f300000, 0x000000008f300000|100%| E|CS|TAMS 0x000000008f200000, 0x000000008f200000| Complete 
| 243|0x000000008f300000, 0x000000008f400000, 0x000000008f400000|100%| E|CS|TAMS 0x000000008f300000, 0x000000008f300000| Complete 
| 244|0x000000008f400000, 0x000000008f500000, 0x000000008f500000|100%| E|CS|TAMS 0x000000008f400000, 0x000000008f400000| Complete 
| 245|0x000000008f500000, 0x000000008f600000, 0x000000008f600000|100%| E|CS|TAMS 0x000000008f500000, 0x000000008f500000| Complete 
| 246|0x000000008f600000, 0x000000008f700000, 0x000000008f700000|100%| E|CS|TAMS 0x000000008f600000, 0x000000008f600000| Complete 
| 247|0x000000008f700000, 0x000000008f800000, 0x000000008f800000|100%| E|CS|TAMS 0x000000008f700000, 0x000000008f700000| Complete 
| 248|0x000000008f800000, 0x000000008f900000, 0x000000008f900000|100%| E|CS|TAMS 0x000000008f800000, 0x000000008f800000| Complete 
| 249|0x000000008f900000, 0x000000008fa00000, 0x000000008fa00000|100%| E|CS|TAMS 0x000000008f900000, 0x000000008f900000| Complete 
| 250|0x000000008fa00000, 0x000000008fb00000, 0x000000008fb00000|100%| E|CS|TAMS 0x000000008fa00000, 0x000000008fa00000| Complete 
| 251|0x000000008fb00000, 0x000000008fc00000, 0x000000008fc00000|100%| E|CS|TAMS 0x000000008fb00000, 0x000000008fb00000| Complete 

Card table byte_map: [0x0000020e1abf0000,0x0000020e1aff0000] _byte_map_base: 0x0000020e1a7f0000

Marking Bits (Prev, Next): (CMBitMap*) 0x0000020e03c72060, (CMBitMap*) 0x0000020e03c720a0
 Prev Bits: [0x0000020e1b3f0000, 0x0000020e1d3f0000)
 Next Bits: [0x0000020e1d3f0000, 0x0000020e1f3f0000)

Polling page: 0x0000020e01b10000

Metaspace:

Usage:
  Non-class:     10.69 MB used.
      Class:      1.74 MB used.
       Both:     12.43 MB used.

Virtual space:
  Non-class space:       64.00 MB reserved,      10.81 MB ( 17%) committed,  1 nodes.
      Class space:      416.00 MB reserved,       1.88 MB ( <1%) committed,  1 nodes.
             Both:      480.00 MB reserved,      12.69 MB (  3%) committed. 

Chunk freelists:
   Non-Class:  4.28 MB
       Class:  14.11 MB
        Both:  18.39 MB

MaxMetaspaceSize: 512.00 MB
CompressedClassSpaceSize: 416.00 MB
Initial GC threshold: 21.00 MB
Current GC threshold: 21.00 MB
CDS: on
MetaspaceReclaimPolicy: balanced
 - commit_granule_bytes: 65536.
 - commit_granule_words: 8192.
 - virtual_space_node_default_size: 8388608.
 - enlarge_chunks_in_place: 1.
 - new_chunks_are_fully_committed: 0.
 - uncommit_free_chunks: 1.
 - use_allocation_guard: 0.
 - handle_deallocations: 1.


Internal statistics:

num_allocs_failed_limit: 0.
num_arena_births: 182.
num_arena_deaths: 0.
num_vsnodes_births: 2.
num_vsnodes_deaths: 0.
num_space_committed: 203.
num_space_uncommitted: 0.
num_chunks_returned_to_freelist: 0.
num_chunks_taken_from_freelist: 552.
num_chunk_merges: 0.
num_chunk_splits: 374.
num_chunks_enlarged: 289.
num_inconsistent_stats: 0.

CodeHeap 'non-profiled nmethods': size=120000Kb used=1112Kb max_used=1112Kb free=118887Kb
 bounds [0x0000020e12f90000, 0x0000020e13200000, 0x0000020e1a4c0000]
CodeHeap 'profiled nmethods': size=120000Kb used=4247Kb max_used=4247Kb free=115752Kb
 bounds [0x0000020e0b4c0000, 0x0000020e0b8f0000, 0x0000020e129f0000]
CodeHeap 'non-nmethods': size=5760Kb used=1222Kb max_used=1239Kb free=4537Kb
 bounds [0x0000020e129f0000, 0x0000020e12c60000, 0x0000020e12f90000]
 total_blobs=2655 nmethods=2137 adapters=431
 compilation: enabled
              stopped_count=0, restarted_count=0
 full_count=0

Compilation events (20 events):
Event: 2.640 Thread 0x0000020e4101a880 nmethod 2111 0x0000020e0b8d2390 code [0x0000020e0b8d2540, 0x0000020e0b8d2738]
Event: 2.640 Thread 0x0000020e4101a880 2112       3       sun.reflect.generics.parser.SignatureParser::<init> (5 bytes)
Event: 2.641 Thread 0x0000020e4101a880 nmethod 2112 0x0000020e0b8d2810 code [0x0000020e0b8d29a0, 0x0000020e0b8d2af8]
Event: 2.643 Thread 0x0000020e4101a880 2113       3       sun.reflect.generics.scope.AbstractScope::<init> (10 bytes)
Event: 2.643 Thread 0x0000020e4101a880 nmethod 2113 0x0000020e0b8d2b90 code [0x0000020e0b8d2d20, 0x0000020e0b8d2ed8]
Event: 2.643 Thread 0x0000020e4101a880 2114       3       sun.reflect.generics.factory.CoreReflectionFactory::make (10 bytes)
Event: 2.644 Thread 0x0000020e4101a880 nmethod 2114 0x0000020e0b8d2f90 code [0x0000020e0b8d3140, 0x0000020e0b8d33f8]
Event: 2.661 Thread 0x0000020e4101a880 2115       3       java.util.LinkedList::checkPositionIndex (22 bytes)
Event: 2.662 Thread 0x0000020e4101a880 nmethod 2115 0x0000020e0b8d3510 code [0x0000020e0b8d3760, 0x0000020e0b8d3ec8]
Event: 2.662 Thread 0x0000020e4101a880 2116       3       java.util.LinkedList::isPositionIndex (18 bytes)
Event: 2.662 Thread 0x0000020e4101a880 nmethod 2116 0x0000020e0b8d4210 code [0x0000020e0b8d43a0, 0x0000020e0b8d4538]
Event: 2.662 Thread 0x0000020e41018eb0 nmethod 2104 0x0000020e130a3610 code [0x0000020e130a3800, 0x0000020e130a4988]
Event: 2.662 Thread 0x0000020e41018eb0 2105       4       java.lang.String::startsWith (7 bytes)
Event: 2.664 Thread 0x0000020e4101a880 2117       3       java.lang.Class::privateGetDeclaredMethods (64 bytes)
Event: 2.665 Thread 0x0000020e4101a880 nmethod 2117 0x0000020e0b8d4610 code [0x0000020e0b8d4840, 0x0000020e0b8d5038]
Event: 2.666 Thread 0x0000020e4101a880 2119       3       java.lang.reflect.Executable::getGenericParameterTypes (20 bytes)
Event: 2.666 Thread 0x0000020e4101a880 nmethod 2119 0x0000020e0b8d5290 code [0x0000020e0b8d54a0, 0x0000020e0b8d5be8]
Event: 2.666 Thread 0x0000020e4101a880 2118       1       java.util.LinkedList::size (5 bytes)
Event: 2.666 Thread 0x0000020e4101a880 nmethod 2118 0x0000020e130a5290 code [0x0000020e130a5420, 0x0000020e130a54f8]
Event: 2.670 Thread 0x0000020e41018eb0 nmethod 2105 0x0000020e130a5590 code [0x0000020e130a5720, 0x0000020e130a5978]

GC Heap History (4 events):
Event: 0.525 GC heap before
{Heap before GC invocations=0 (full 0):
 garbage-first heap   total 258048K, used 26624K [0x0000000080000000, 0x0000000100000000)
  region size 1024K, 23 young (23552K), 0 survivors (0K)
 Metaspace       used 3056K, committed 3200K, reserved 491520K
  class space    used 393K, committed 448K, reserved 425984K
}
Event: 0.530 GC heap after
{Heap after GC invocations=1 (full 0):
 garbage-first heap   total 258048K, used 10494K [0x0000000080000000, 0x0000000100000000)
  region size 1024K, 3 young (3072K), 3 survivors (3072K)
 Metaspace       used 3056K, committed 3200K, reserved 491520K
  class space    used 393K, committed 448K, reserved 425984K
}
Event: 0.926 GC heap before
{Heap before GC invocations=1 (full 0):
 garbage-first heap   total 258048K, used 38142K [0x0000000080000000, 0x0000000100000000)
  region size 1024K, 30 young (30720K), 3 survivors (3072K)
 Metaspace       used 3976K, committed 4160K, reserved 491520K
  class space    used 491K, committed 576K, reserved 425984K
}
Event: 0.933 GC heap after
{Heap after GC invocations=2 (full 0):
 garbage-first heap   total 258048K, used 11443K [0x0000000080000000, 0x0000000100000000)
  region size 1024K, 1 young (1024K), 1 survivors (1024K)
 Metaspace       used 3976K, committed 4160K, reserved 491520K
  class space    used 491K, committed 576K, reserved 425984K
}

Deoptimization events (20 events):
Event: 2.230 Thread 0x0000020e42b9a090 Uncommon trap: trap_request=0xffffff45 fr.pc=0x0000020e12fad0b8 relative=0x0000000000000198
Event: 2.230 Thread 0x0000020e42b9a090 Uncommon trap: reason=unstable_if action=reinterpret pc=0x0000020e12fad0b8 method=java.util.regex.Matcher.reset()Ljava/util/regex/Matcher; @ 47 c2
Event: 2.230 Thread 0x0000020e42b9a090 DEOPT PACKING pc=0x0000020e12fad0b8 sp=0x000000a6242fdc90
Event: 2.230 Thread 0x0000020e42b9a090 DEOPT UNPACKING pc=0x0000020e12a45ba3 sp=0x000000a6242fdc18 mode 2
Event: 2.230 Thread 0x0000020e42b9a090 Uncommon trap: trap_request=0xffffff45 fr.pc=0x0000020e12fadcd8 relative=0x00000000000003f8
Event: 2.230 Thread 0x0000020e42b9a090 Uncommon trap: reason=unstable_if action=reinterpret pc=0x0000020e12fadcd8 method=java.util.regex.Matcher.match(II)Z @ 76 c2
Event: 2.230 Thread 0x0000020e42b9a090 DEOPT PACKING pc=0x0000020e12fadcd8 sp=0x000000a6242fdcc0
Event: 2.230 Thread 0x0000020e42b9a090 DEOPT UNPACKING pc=0x0000020e12a45ba3 sp=0x000000a6242fdc90 mode 2
Event: 2.255 Thread 0x0000020e4340bf90 Uncommon trap: trap_request=0xffffff6e fr.pc=0x0000020e13033ae4 relative=0x00000000000003c4
Event: 2.255 Thread 0x0000020e4340bf90 Uncommon trap: reason=loop_limit_check action=maybe_recompile pc=0x0000020e13033ae4 method=java.lang.StringLatin1.indexOf([BI[BII)I @ 37 c2
Event: 2.255 Thread 0x0000020e4340bf90 DEOPT PACKING pc=0x0000020e13033ae4 sp=0x000000a6244ff0f0
Event: 2.255 Thread 0x0000020e4340bf90 DEOPT UNPACKING pc=0x0000020e12a45ba3 sp=0x000000a6244ff078 mode 2
Event: 2.412 Thread 0x0000020e4340bf90 Uncommon trap: trap_request=0xffffff45 fr.pc=0x0000020e12fce3bc relative=0x00000000000003fc
Event: 2.412 Thread 0x0000020e4340bf90 Uncommon trap: reason=unstable_if action=reinterpret pc=0x0000020e12fce3bc method=java.util.HashMap.getNode(Ljava/lang/Object;)Ljava/util/HashMap$Node; @ 66 c2
Event: 2.412 Thread 0x0000020e4340bf90 DEOPT PACKING pc=0x0000020e12fce3bc sp=0x000000a6244fc5a0
Event: 2.412 Thread 0x0000020e4340bf90 DEOPT UNPACKING pc=0x0000020e12a45ba3 sp=0x000000a6244fc520 mode 2
Event: 2.425 Thread 0x0000020e4340bf90 Uncommon trap: trap_request=0xffffff45 fr.pc=0x0000020e130410dc relative=0x000000000000023c
Event: 2.425 Thread 0x0000020e4340bf90 Uncommon trap: reason=unstable_if action=reinterpret pc=0x0000020e130410dc method=java.util.concurrent.ConcurrentHashMap.get(Ljava/lang/Object;)Ljava/lang/Object; @ 76 c2
Event: 2.425 Thread 0x0000020e4340bf90 DEOPT PACKING pc=0x0000020e130410dc sp=0x000000a6244fbb30
Event: 2.425 Thread 0x0000020e4340bf90 DEOPT UNPACKING pc=0x0000020e12a45ba3 sp=0x000000a6244fbaa8 mode 2

Classes unloaded (0 events):
No events

Classes redefined (0 events):
No events

Internal exceptions (20 events):
Event: 0.495 Thread 0x0000020e03c137a0 Exception <a 'java/lang/NoSuchMethodError'{0x000000008e6d2958}: 'int java.lang.invoke.DirectMethodHandle$Holder.invokeStaticInit(java.lang.Object)'> (0x000000008e6d2958) 
thrown [s\open\src\hotspot\share\interpreter\linkResolver.cpp, line 759]
Event: 0.621 Thread 0x0000020e03c137a0 Exception <a 'java/lang/NoSuchMethodError'{0x000000008f7d58d0}: 'void java.lang.invoke.DirectMethodHandle$Holder.invokeInterface(java.lang.Object, java.lang.Object, java.lang.Object)'> (0x000000008f7d58d0) 
thrown [s\open\src\hotspot\share\interpreter\linkResolver.cpp, line 759]
Event: 1.801 Thread 0x0000020e03c137a0 Exception <a 'java/lang/NoSuchMethodError'{0x000000008e569d88}: 'java.lang.Object java.lang.invoke.DirectMethodHandle$Holder.invokeStaticInit(java.lang.Object)'> (0x000000008e569d88) 
thrown [s\open\src\hotspot\share\interpreter\linkResolver.cpp, line 759]
Event: 1.819 Thread 0x0000020e03c137a0 Exception <a 'java/lang/NoSuchMethodError'{0x000000008e5f2ee0}: 'java.lang.Object java.lang.invoke.DirectMethodHandle$Holder.invokeInterface(java.lang.Object, java.lang.Object)'> (0x000000008e5f2ee0) 
thrown [s\open\src\hotspot\share\interpreter\linkResolver.cpp, line 759]
Event: 1.939 Thread 0x0000020e03c137a0 Exception <a 'java/lang/NoSuchMethodError'{0x000000008de27468}: 'java.lang.Object java.lang.invoke.DirectMethodHandle$Holder.invokeStaticInit(java.lang.Object, int, int, int, int)'> (0x000000008de27468) 
thrown [s\open\src\hotspot\share\interpreter\linkResolver.cpp, line 759]
Event: 1.988 Thread 0x0000020e03c137a0 Exception <a 'java/lang/NoSuchMethodError'{0x000000008decbfb0}: 'java.lang.Object java.lang.invoke.DirectMethodHandle$Holder.invokeStaticInit(java.lang.Object, java.lang.Object, int, int, int, int)'> (0x000000008decbfb0) 
thrown [s\open\src\hotspot\share\interpreter\linkResolver.cpp, line 759]
Event: 2.126 Thread 0x0000020e03c137a0 Exception <a 'java/lang/NoSuchMethodError'{0x000000008dbc7b28}: 'void java.lang.invoke.DirectMethodHandle$Holder.invokeStatic(java.lang.Object, java.lang.Object, java.lang.Object)'> (0x000000008dbc7b28) 
thrown [s\open\src\hotspot\share\interpreter\linkResolver.cpp, line 759]
Event: 2.147 Thread 0x0000020e03c137a0 Exception <a 'java/io/IOException'{0x000000008da87ca0}> (0x000000008da87ca0) 
thrown [s\open\src\hotspot\share\prims\jni.cpp, line 516]
Event: 2.312 Thread 0x0000020e4340bf90 Exception <a 'java/lang/NoSuchMethodError'{0x000000008d3a6bb8}: 'long java.lang.invoke.DirectMethodHandle$Holder.invokeInterface(java.lang.Object, java.lang.Object)'> (0x000000008d3a6bb8) 
thrown [s\open\src\hotspot\share\interpreter\linkResolver.cpp, line 759]
Event: 2.318 Thread 0x0000020e4340bf90 Exception <a 'java/lang/NoSuchMethodError'{0x000000008d3e1a38}: 'java.lang.Object java.lang.invoke.DirectMethodHandle$Holder.invokeVirtual(java.lang.Object, java.lang.Object, java.lang.Object)'> (0x000000008d3e1a38) 
thrown [s\open\src\hotspot\share\interpreter\linkResolver.cpp, line 759]
Event: 2.383 Thread 0x0000020e4340bf90 Exception <a 'java/lang/NoSuchMethodError'{0x000000008cf96c70}: 'void java.lang.invoke.DirectMethodHandle$Holder.invokeStatic(java.lang.Object, java.lang.Object)'> (0x000000008cf96c70) 
thrown [s\open\src\hotspot\share\interpreter\linkResolver.cpp, line 759]
Event: 2.419 Thread 0x0000020e4340bf90 Exception <a 'java/lang/NoSuchMethodError'{0x000000008cd51598}: 'java.lang.Object java.lang.invoke.DirectMethodHandle$Holder.newInvokeSpecial(java.lang.Object, java.lang.Object, java.lang.Object, java.lang.Object, java.lang.Object)'> (0x000000008cd51598) 
thrown [s\open\src\hotspot\share\interpreter\linkResolver.cpp, line 759]
Event: 2.461 Thread 0x0000020e4340bf90 Exception <a 'java/lang/NoSuchMethodError'{0x000000008cb79518}: 'void java.lang.invoke.DirectMethodHandle$Holder.invokeSpecial(java.lang.Object, java.lang.Object, java.lang.Object)'> (0x000000008cb79518) 
thrown [s\open\src\hotspot\share\interpreter\linkResolver.cpp, line 759]
Event: 2.483 Thread 0x0000020e4340bf90 Exception <a 'java/lang/NoSuchMethodError'{0x000000008ca25de8}: 'java.lang.Object java.lang.invoke.DirectMethodHandle$Holder.newInvokeSpecial(java.lang.Object, java.lang.Object, java.lang.Object, java.lang.Object, java.lang.Object, java.lang.Object)'> (0x000000008ca25de8) 
thrown [s\open\src\hotspot\share\interpreter\linkResolver.cpp, line 759]
Event: 2.485 Thread 0x0000020e4340bf90 Exception <a 'java/lang/NoSuchMethodError'{0x000000008ca3d8d0}: 'void java.lang.invoke.DirectMethodHandle$Holder.invokeSpecial(java.lang.Object, java.lang.Object, java.lang.Object, java.lang.Object, java.lang.Object)'> (0x000000008ca3d8d0) 
thrown [s\open\src\hotspot\share\interpreter\linkResolver.cpp, line 759]
Event: 2.486 Thread 0x0000020e4340bf90 Exception <a 'java/lang/NoSuchMethodError'{0x000000008ca516d8}: 'void java.lang.invoke.DirectMethodHandle$Holder.invokeStaticInit(java.lang.Object, java.lang.Object)'> (0x000000008ca516d8) 
thrown [s\open\src\hotspot\share\interpreter\linkResolver.cpp, line 759]
Event: 2.573 Thread 0x0000020e4340bf90 Exception <a 'java/lang/NoSuchMethodError'{0x000000008c712360}: 'void java.lang.invoke.DelegatingMethodHandle$Holder.reinvoke_L(java.lang.Object, java.lang.Object, java.lang.Object, java.lang.Object, java.lang.Object, java.lang.Object, java.lang.Object, java.lang.Object, java.lang.Object, java.lang.Object)'> (0x000000008c712360) 
thrown [s\open\src\hotspot\share\interpreter\linkResolver.cpp, line 759]
Event: 2.574 Thread 0x0000020e4340bf90 Exception <a 'java/lang/NoSuchMethodError'{0x000000008c71a7d0}: 'java.lang.Object java.lang.invoke.DirectMethodHandle$Holder.invokeSpecial(java.lang.Object, java.lang.Object, java.lang.Object, java.lang.Object, java.lang.Object, java.lang.Object, java.lang.Object, java.lang.Object, java.lang.Object, java.lang.Object)'> (0x000000008c71a7d0) 
thrown [s\open\src\hotspot\share\interpreter\linkResolver.cpp, line 759]
Event: 2.574 Thread 0x0000020e4340bf90 Exception <a 'java/lang/NoSuchMethodError'{0x000000008c71f0a0}: 'java.lang.Object java.lang.invoke.Invokers$Holder.invoker(java.lang.Object, java.lang.Object, java.lang.Object, java.lang.Object, java.lang.Object, java.lang.Object, java.lang.Object, java.lang.Object, java.lang.Object, java.lang.Object)'> (0x000000008c71f0a0) 
thrown [s\open\src\hotspot\share\interpreter\linkResolver.cpp, line 759]
Event: 2.575 Thread 0x0000020e4340bf90 Exception <a 'java/lang/NoSuchMethodError'{0x000000008c724c28}: 'java.lang.Object java.lang.invoke.DirectMethodHandle$Holder.invokeSpecial(java.lang.Object, java.lang.Object, java.lang.Object, java.lang.Object, java.lang.Object, java.lang.Object, java.lang.Object, java.lang.Object, java.lang.Object, java.lang.Object, java.lang.Object)'> (0x000000008c724c28) 
thrown [s\open\src\hotspot\share\interpreter\linkResolver.cpp, line 759]

VM Operations (20 events):
Event: 1.764 Executing VM operation: HandshakeAllThreads done
Event: 1.788 Executing VM operation: HandshakeAllThreads
Event: 1.789 Executing VM operation: HandshakeAllThreads done
Event: 1.817 Executing VM operation: HandshakeAllThreads
Event: 1.817 Executing VM operation: HandshakeAllThreads done
Event: 1.877 Executing VM operation: HandshakeAllThreads
Event: 1.877 Executing VM operation: HandshakeAllThreads done
Event: 1.930 Executing VM operation: HandshakeAllThreads
Event: 1.930 Executing VM operation: HandshakeAllThreads done
Event: 1.977 Executing VM operation: HandshakeAllThreads
Event: 1.977 Executing VM operation: HandshakeAllThreads done
Event: 1.977 Executing VM operation: Cleanup
Event: 1.977 Executing VM operation: Cleanup done
Event: 2.125 Executing VM operation: HandshakeAllThreads
Event: 2.125 Executing VM operation: HandshakeAllThreads done
Event: 2.173 Executing VM operation: HandshakeAllThreads
Event: 2.173 Executing VM operation: HandshakeAllThreads done
Event: 2.527 Executing VM operation: HandshakeAllThreads
Event: 2.527 Executing VM operation: HandshakeAllThreads done
Event: 3.538 Executing VM operation: Cleanup

Events (20 events):
Event: 2.427 loading class java/util/stream/MatchOps$MatchKind done
Event: 2.427 loading class java/util/stream/MatchOps
Event: 2.427 loading class java/util/stream/MatchOps done
Event: 2.427 loading class java/util/stream/MatchOps$MatchOp
Event: 2.427 loading class java/util/stream/MatchOps$MatchOp done
Event: 2.427 loading class java/util/stream/MatchOps$BooleanTerminalSink
Event: 2.427 loading class java/util/stream/MatchOps$BooleanTerminalSink done
Event: 2.428 loading class java/util/stream/MatchOps$1MatchSink
Event: 2.428 loading class java/util/stream/MatchOps$1MatchSink done
Event: 2.493 loading class java/lang/invoke/MethodHandle$1
Event: 2.493 loading class java/lang/invoke/MethodHandle$1 done
Event: 2.498 loading class java/util/ConcurrentModificationException
Event: 2.498 loading class java/util/ConcurrentModificationException done
Event: 2.532 loading class sun/reflect/generics/scope/ConstructorScope
Event: 2.532 loading class sun/reflect/generics/scope/ConstructorScope done
Event: 2.532 loading class sun/reflect/generics/tree/VoidDescriptor
Event: 2.532 loading class sun/reflect/generics/tree/VoidDescriptor done
Event: 2.534 Thread 0x0000020e412c2310 Thread exited: 0x0000020e412c2310
Event: 2.610 loading class java/io/UncheckedIOException
Event: 2.610 loading class java/io/UncheckedIOException done


Dynamic libraries:
0x00007ff6ab490000 - 0x00007ff6ab4a0000 	D:\java\jdk-17\bin\java.exe
0x00007ffbd8dc0000 - 0x00007ffbd9023000 	C:\WINDOWS\SYSTEM32\ntdll.dll
0x00007ffbd7510000 - 0x00007ffbd75d8000 	C:\WINDOWS\System32\KERNEL32.DLL
0x00007ffbd6300000 - 0x00007ffbd66b1000 	C:\WINDOWS\System32\KERNELBASE.dll
0x00007ffbd61b0000 - 0x00007ffbd62fb000 	C:\WINDOWS\System32\ucrtbase.dll
0x00007ffba9f90000 - 0x00007ffba9fa9000 	D:\java\jdk-17\bin\jli.dll
0x00007ffba7b10000 - 0x00007ffba7b2b000 	D:\java\jdk-17\bin\VCRUNTIME140.dll
0x00007ffbd71e0000 - 0x00007ffbd7294000 	C:\WINDOWS\System32\ADVAPI32.dll
0x00007ffbd7320000 - 0x00007ffbd73c9000 	C:\WINDOWS\System32\msvcrt.dll
0x00007ffbd75f0000 - 0x00007ffbd7696000 	C:\WINDOWS\System32\sechost.dll
0x00007ffbd73d0000 - 0x00007ffbd74e6000 	C:\WINDOWS\System32\RPCRT4.dll
0x00007ffbd7b40000 - 0x00007ffbd7d08000 	C:\WINDOWS\System32\USER32.dll
0x00007ffbb73e0000 - 0x00007ffbb7670000 	C:\WINDOWS\WinSxS\amd64_microsoft.windows.common-controls_6595b64144ccf1df_6.0.26100.2161_none_3e0cadb0e33078e1\COMCTL32.dll
0x00007ffbd6980000 - 0x00007ffbd69a7000 	C:\WINDOWS\System32\win32u.dll
0x00007ffbd8c40000 - 0x00007ffbd8c6a000 	C:\WINDOWS\System32\GDI32.dll
0x00007ffbd6b00000 - 0x00007ffbd6c25000 	C:\WINDOWS\System32\gdi32full.dll
0x00007ffbd6a50000 - 0x00007ffbd6af3000 	C:\WINDOWS\System32\msvcp_win.dll
0x00007ffbcb3f0000 - 0x00007ffbcb3fb000 	C:\WINDOWS\SYSTEM32\VERSION.dll
0x00007ffbd7fa0000 - 0x00007ffbd7fcf000 	C:\WINDOWS\System32\IMM32.DLL
0x00007ffbaf080000 - 0x00007ffbaf08c000 	D:\java\jdk-17\bin\vcruntime140_1.dll
0x00007ffb81770000 - 0x00007ffb817fe000 	D:\java\jdk-17\bin\msvcp140.dll
0x00007ffb77890000 - 0x00007ffb7846f000 	D:\java\jdk-17\bin\server\jvm.dll
0x00007ffbd75e0000 - 0x00007ffbd75e8000 	C:\WINDOWS\System32\PSAPI.DLL
0x00007ffbae960000 - 0x00007ffbae96a000 	C:\WINDOWS\SYSTEM32\WSOCK32.dll
0x00007ffbcb1e0000 - 0x00007ffbcb216000 	C:\WINDOWS\SYSTEM32\WINMM.dll
0x00007ffbd8d00000 - 0x00007ffbd8d74000 	C:\WINDOWS\System32\WS2_32.dll
0x00007ffbd5000000 - 0x00007ffbd501a000 	C:\WINDOWS\SYSTEM32\kernel.appcore.dll
0x00007ffbae310000 - 0x00007ffbae31a000 	D:\java\jdk-17\bin\jimage.dll
0x00007ffbd3960000 - 0x00007ffbd3ba1000 	C:\WINDOWS\SYSTEM32\DBGHELP.DLL
0x00007ffbd6e60000 - 0x00007ffbd71dd000 	C:\WINDOWS\System32\combase.dll
0x00007ffbd8910000 - 0x00007ffbd89e6000 	C:\WINDOWS\System32\OLEAUT32.dll
0x00007ffbb3110000 - 0x00007ffbb3149000 	C:\WINDOWS\SYSTEM32\dbgcore.DLL
0x00007ffbd69b0000 - 0x00007ffbd6a49000 	C:\WINDOWS\System32\bcryptPrimitives.dll
0x00007ffbae280000 - 0x00007ffbae28e000 	D:\java\jdk-17\bin\instrument.dll
0x00007ffba4590000 - 0x00007ffba45b5000 	D:\java\jdk-17\bin\java.dll
0x00007ffb802d0000 - 0x00007ffb803a7000 	D:\java\jdk-17\bin\jsvml.dll
0x00007ffbd8060000 - 0x00007ffbd875f000 	C:\WINDOWS\System32\SHELL32.dll
0x00007ffbd3f00000 - 0x00007ffbd472d000 	C:\WINDOWS\SYSTEM32\windows.storage.dll
0x00007ffbd8820000 - 0x00007ffbd88f3000 	C:\WINDOWS\System32\SHCORE.dll
0x00007ffbd8c70000 - 0x00007ffbd8ccd000 	C:\WINDOWS\System32\shlwapi.dll
0x00007ffbd60c0000 - 0x00007ffbd60ee000 	C:\WINDOWS\SYSTEM32\profapi.dll
0x00007ffba4000000 - 0x00007ffba4018000 	D:\java\jdk-17\bin\zip.dll
0x00007ffba18d0000 - 0x00007ffba18e9000 	D:\java\jdk-17\bin\net.dll
0x00007ffbd1cd0000 - 0x00007ffbd1df6000 	C:\WINDOWS\SYSTEM32\WINHTTP.dll
0x00007ffbd5500000 - 0x00007ffbd5568000 	C:\WINDOWS\system32\mswsock.dll
0x00007ffba1720000 - 0x00007ffba1736000 	D:\java\jdk-17\bin\nio.dll
0x00007ffbad650000 - 0x00007ffbad660000 	D:\java\jdk-17\bin\verify.dll
0x00007ffba5b50000 - 0x00007ffba5b77000 	C:\Users\hp\.gradle\native\c067742578af261105cb4f569cf0c3c89f3d7b1fecec35dd04571415982c5e48\windows-amd64\native-platform.dll
0x00007ffb7fcf0000 - 0x00007ffb7fe34000 	C:\Users\hp\.gradle\native\38dada09dfb8b06ba9b0570ebf7e218e3eb74d4ef43ca46872605cf95ebc2f47\windows-amd64\native-platform-file-events.dll
0x00007ffbac110000 - 0x00007ffbac11a000 	D:\java\jdk-17\bin\management.dll
0x00007ffbaa4e0000 - 0x00007ffbaa4eb000 	D:\java\jdk-17\bin\management_ext.dll
0x00007ffbd57a0000 - 0x00007ffbd57bc000 	C:\WINDOWS\SYSTEM32\CRYPTSP.dll
0x00007ffbd4f60000 - 0x00007ffbd4f98000 	C:\WINDOWS\system32\rsaenh.dll
0x00007ffbd55a0000 - 0x00007ffbd55cb000 	C:\WINDOWS\SYSTEM32\USERENV.dll
0x00007ffbd59e0000 - 0x00007ffbd5a06000 	C:\WINDOWS\SYSTEM32\bcrypt.dll
0x00007ffbd57c0000 - 0x00007ffbd57cc000 	C:\WINDOWS\SYSTEM32\CRYPTBASE.dll
0x00007ffbd49f0000 - 0x00007ffbd4a21000 	C:\WINDOWS\SYSTEM32\IPHLPAPI.DLL
0x00007ffbd6e00000 - 0x00007ffbd6e0a000 	C:\WINDOWS\System32\NSI.dll
0x00007ffbd2760000 - 0x00007ffbd277e000 	C:\WINDOWS\SYSTEM32\dhcpcsvc6.DLL
0x00007ffbd2720000 - 0x00007ffbd2745000 	C:\WINDOWS\SYSTEM32\dhcpcsvc.DLL
0x00007ffbd4a80000 - 0x00007ffbd4ba5000 	C:\WINDOWS\SYSTEM32\DNSAPI.dll
0x00007ffbaa050000 - 0x00007ffbaa05e000 	D:\java\jdk-17\bin\sunmscapi.dll
0x00007ffbd6800000 - 0x00007ffbd6976000 	C:\WINDOWS\System32\CRYPT32.dll
0x00007ffbd59a0000 - 0x00007ffbd59d0000 	C:\WINDOWS\SYSTEM32\ncrypt.dll
0x00007ffbd5950000 - 0x00007ffbd598f000 	C:\WINDOWS\SYSTEM32\NTASN1.dll
0x00007ffbd2390000 - 0x00007ffbd2398000 	C:\WINDOWS\system32\wshunix.dll

dbghelp: loaded successfully - version: 4.0.5 - missing functions: none
symbol engine: initialized successfully - sym options: 0x614 - pdb path: .;D:\java\jdk-17\bin;C:\WINDOWS\SYSTEM32;C:\WINDOWS\WinSxS\amd64_microsoft.windows.common-controls_6595b64144ccf1df_6.0.26100.2161_none_3e0cadb0e33078e1;D:\java\jdk-17\bin\server;C:\Users\hp\.gradle\native\c067742578af261105cb4f569cf0c3c89f3d7b1fecec35dd04571415982c5e48\windows-amd64;C:\Users\hp\.gradle\native\38dada09dfb8b06ba9b0570ebf7e218e3eb74d4ef43ca46872605cf95ebc2f47\windows-amd64

VM Arguments:
jvm_args: -XX:MaxMetaspaceSize=512m --add-opens=java.base/java.util=ALL-UNNAMED --add-opens=java.base/java.lang=ALL-UNNAMED --add-opens=java.base/java.lang.invoke=ALL-UNNAMED --add-opens=java.prefs/java.util.prefs=ALL-UNNAMED --add-opens=java.base/java.nio.charset=ALL-UNNAMED --add-opens=java.base/java.net=ALL-UNNAMED --add-opens=java.base/java.util.concurrent.atomic=ALL-UNNAMED -Xmx2048m -Dfile.encoding=utf8 -Duser.country=US -Duser.language=en -Duser.variant -javaagent:C:\Users\hp\.gradle\wrapper\dists\gradle-8.6-all\3mbtmo166bl6vumsh5k2lkq5h\gradle-8.6\lib\agents\gradle-instrumentation-agent-8.6.jar 
java_command: org.gradle.launcher.daemon.bootstrap.GradleDaemon 8.6
java_class_path (initial): C:\Users\hp\.gradle\wrapper\dists\gradle-8.6-all\3mbtmo166bl6vumsh5k2lkq5h\gradle-8.6\lib\gradle-launcher-8.6.jar
Launcher Type: SUN_STANDARD

[Global flags]
     intx CICompilerCount                          = 4                                         {product} {ergonomic}
   size_t CompressedClassSpaceSize                 = 436207616                                 {product} {ergonomic}
     uint ConcGCThreads                            = 2                                         {product} {ergonomic}
     uint G1ConcRefinementThreads                  = 8                                         {product} {ergonomic}
   size_t G1HeapRegionSize                         = 1048576                                   {product} {ergonomic}
    uintx GCDrainStackTargetSize                   = 64                                        {product} {ergonomic}
   size_t InitialHeapSize                          = 264241152                                 {product} {ergonomic}
   size_t MarkStackSize                            = 4194304                                   {product} {ergonomic}
   size_t MaxHeapSize                              = 2147483648                                {product} {command line}
   size_t MaxMetaspaceSize                         = 536870912                                 {product} {command line}
   size_t MaxNewSize                               = 1287651328                                {product} {ergonomic}
   size_t MinHeapDeltaBytes                        = 1048576                                   {product} {ergonomic}
   size_t MinHeapSize                              = 8388608                                   {product} {ergonomic}
    uintx NonNMethodCodeHeapSize                   = 5839372                                {pd product} {ergonomic}
    uintx NonProfiledCodeHeapSize                  = 122909434                              {pd product} {ergonomic}
    uintx ProfiledCodeHeapSize                     = 122909434                              {pd product} {ergonomic}
    uintx ReservedCodeCacheSize                    = 251658240                              {pd product} {ergonomic}
     bool SegmentedCodeCache                       = true                                      {product} {ergonomic}
   size_t SoftMaxHeapSize                          = 2147483648                             {manageable} {ergonomic}
     bool UseCompressedClassPointers               = true                           {product lp64_product} {ergonomic}
     bool UseCompressedOops                        = true                           {product lp64_product} {ergonomic}
     bool UseG1GC                                  = true                                      {product} {ergonomic}
     bool UseLargePagesIndividualAllocation        = false                                  {pd product} {ergonomic}

Logging:
Log output configuration:
 #0: stdout all=warning uptime,level,tags
 #1: stderr all=off uptime,level,tags

Environment Variables:
JAVA_HOME=D:\java\jdk-17
CLASSPATH=D:\java;D:\Apache tomcat 7.1\lib\servlet-api.jar;
PATH=C:\Program Files\Common Files\Oracle\Java\javapath;D:\python 3.11\Scripts\;D:\python 3.11\;C:\Windows\system32;C:\Windows;C:\Windows\System32\Wbem;C:\Windows\System32\WindowsPowerShell\v1.0\;C:\Windows\System32\OpenSSH\;D:\java software;C:\WINDOWS\system32;C:\WINDOWS;C:\WINDOWS\System32\Wbem;C:\WINDOWS\System32\WindowsPowerShell\v1.0\;C:\WINDOWS\System32\OpenSSH\;D:\minGW\bin;D:\java\jdk-17\bin;D:\Python;D:\sql plus\instantclient_21_11;C:\Program Files\MongoDB\Server\7.0\bin;D:\Software\mysql-connector-j-8.3.0\mysql-connector-j-8.3.0.jar;D:\flutter\bin;C:\ProgramData\chocolatey\bin;D:\Node js\;D:\Android\Sdk\platform-tools;D:\Android\Sdk\emulator;D:\kotlinc\bin;C:\Program Files\dotnet\;C:\Program Files\Microsoft SQL Server\150\Tools\Binn\;C:\Program Files\Microsoft SQL Server\Client SDK\ODBC\170\Tools\Binn\;D:\git\Git\cmd;E:\Visual Studio Code\Microsoft VS Code\bin;C:\Users\hp\AppData\Local\Microsoft\WindowsApps;C:\MinGW\bin;D:\java\jdk-17\bin;C:\Program Files\MongoDB\Server\7.0\bin;D:\mongodb shell\;D:\flutter\bin;C:\Users\hp\AppData\Roaming\npm;C:\Users\hp\.dotnet\tools;
USERNAME=Vivek
OS=Windows_NT
PROCESSOR_IDENTIFIER=Intel64 Family 6 Model 140 Stepping 1, GenuineIntel



---------------  S Y S T E M  ---------------

OS:
 Windows 11 , 64 bit Build 26100 (10.0.26100.2161)
OS uptime: 0 days 14:50 hours
Hyper-V role detected

CPU: total 8 (initial active 8) (4 cores per cpu, 2 threads per core) family 6 model 140 stepping 1 microcode 0xb4, cx8, cmov, fxsr, ht, mmx, 3dnowpref, sse, sse2, sse3, ssse3, sse4.1, sse4.2, popcnt, lzcnt, tsc, tscinvbit, avx, avx2, aes, erms, clmul, bmi1, bmi2, adx, avx512f, avx512dq, avx512cd, avx512bw, avx512vl, sha, fma, vzeroupper, avx512_vpopcntdq, avx512_vpclmulqdq, avx512_vaes, avx512_vnni, clflush, clflushopt, clwb, avx512_vbmi2, avx512_vbmi, hv

Memory: 4k page, system-wide physical 16026M (2786M free)
TotalPageFile size 18074M (AvailPageFile size 21M)
current process WorkingSet (physical memory assigned to process): 162M, peak: 162M
current process commit charge ("private bytes"): 395M, peak: 396M

vm_info: Java HotSpot(TM) 64-Bit Server VM (17.0.10+11-LTS-240) for windows-amd64 JRE (17.0.10+11-LTS-240), built on Dec 19 2023 21:47:25 by "mach5one" with MS VC++ 17.1 (VS2022)

END.
