#
# There is insufficient memory for the Java Runtime Environment to continue.
# Native memory allocation (malloc) failed to allocate 1048576 bytes. Error detail: AllocateHeap
# Possible reasons:
#   The system is out of physical RAM or swap space
#   This process is running with CompressedOops enabled, and the Java Heap may be blocking the growth of the native heap
# Possible solutions:
#   Reduce memory load on the system
#   Increase physical memory or swap space
#   Check if swap backing store is full
#   Decrease Java heap size (-Xmx/-Xms)
#   Decrease number of Java threads
#   Decrease Java thread stack sizes (-Xss)
#   Set larger code cache with -XX:ReservedCodeCacheSize=
#   JVM is running with Unscaled Compressed Oops mode in which the Java heap is
#     placed in the first 4GB address space. The Java Heap base address is the
#     maximum limit for the native heap growth. Please use -XX:HeapBaseMinAddress
#     to set the Java Heap base and to place the Java Heap above 4GB virtual address.
# This output file may be truncated or incomplete.
#
#  Out of Memory Error (allocation.cpp:44), pid=19236, tid=6360
#
# JRE version:  (17.0.12+7) (build )
# Java VM: OpenJDK 64-Bit Server VM (17.0.12+7, mixed mode, tiered, compressed oops, compressed class ptrs, parallel gc, windows-amd64)
# No core dump will be written. Minidumps are not enabled by default on client versions of Windows
#

---------------  S U M M A R Y ------------

Command Line: --add-modules=ALL-SYSTEM --add-opens=java.base/java.util=ALL-UNNAMED --add-opens=java.base/java.lang=ALL-UNNAMED --add-opens=java.base/sun.nio.fs=ALL-UNNAMED -Declipse.application=org.eclipse.jdt.ls.core.id1 -Dosgi.bundles.defaultStartLevel=4 -Declipse.product=org.eclipse.jdt.ls.core.product -Djava.import.generatesMetadataFilesAtProjectRoot=false -DDetectVMInstallationsJob.disabled=true -Dfile.encoding=utf8 -XX:+UseParallelGC -XX:GCTimeRatio=4 -XX:AdaptiveSizePolicyWeight=90 -Dsun.zip.disableMemoryMapping=true -Xmx1G -Xms100m -Xlog:disable -javaagent:c:\Users\hp\.vscode\extensions\redhat.java-1.35.1-win32-x64\lombok\lombok-1.18.33.jar c:\Users\hp\.vscode\extensions\redhat.java-1.35.1-win32-x64\server\plugins\org.eclipse.equinox.launcher_1.6.900.v20240613-2009.jar -configuration c:\Users\hp\AppData\Roaming\Code\User\globalStorage\redhat.java\1.35.1\config_ss_win -data c:\Users\hp\AppData\Roaming\Code\User\workspaceStorage\95cc6fcd8f6ce4238fa94d105a126180\redhat.java\ss_ws --pipe=\\.\pipe\lsp-742134c82eed9c144018be4f3b380b51-sock

Host: 11th Gen Intel(R) Core(TM) i5-1135G7 @ 2.40GHz, 8 cores, 15G,  Windows 11 , 64 bit Build 26100 (10.0.26100.2161)
Time: Sun Oct 27 18:34:47 2024 India Standard Time elapsed time: 1.111678 seconds (0d 0h 0m 1s)

---------------  T H R E A D  ---------------

Current thread (0x0000018f4dbfc1d0):  JavaThread "Unknown thread" [_thread_in_vm, id=6360, stack(0x000000409f000000,0x000000409f100000)]

Stack: [0x000000409f000000,0x000000409f100000]
Native frames: (J=compiled Java code, j=interpreted, Vv=VM code, C=native code)
V  [jvm.dll+0x67f929]
V  [jvm.dll+0x8371ba]
V  [jvm.dll+0x838c7e]
V  [jvm.dll+0x8392e3]
V  [jvm.dll+0x24834f]
V  [jvm.dll+0xa70d3]
V  [jvm.dll+0x6b2fb6]
V  [jvm.dll+0x6b3b8f]
V  [jvm.dll+0x68c0b3]
V  [jvm.dll+0x80916b]
V  [jvm.dll+0x36d434]
V  [jvm.dll+0x7e7425]
V  [jvm.dll+0x3f0edf]
V  [jvm.dll+0x3f2a31]
C  [jli.dll+0x528f]
C  [ucrtbase.dll+0x14ea0]
C  [KERNEL32.DLL+0x2dbe7]
C  [ntdll.dll+0xdfbec]


---------------  P R O C E S S  ---------------

Threads class SMR info:
_java_thread_list=0x00007ff848676f18, length=0, elements={
}

Java Threads: ( => current thread )

Other Threads:
  0x0000018f4dc13560 GCTaskThread "GC Thread#0" [stack: 0x000000409f100000,0x000000409f200000] [id=15204]

=>0x0000018f4dbfc1d0 (exited) JavaThread "Unknown thread" [_thread_in_vm, id=6360, stack(0x000000409f000000,0x000000409f100000)]

Threads with active compile tasks:

VM state: not at safepoint (normal execution)

VM Mutex/Monitor currently owned by a thread: None

Heap address: 0x00000000c0000000, size: 1024 MB, Compressed Oops mode: 32-bit

CDS archive(s) not mapped
Compressed class space mapped at: 0x0000000100000000-0x0000000140000000, reserved size: 1073741824
Narrow klass base: 0x0000000000000000, Narrow klass shift: 3, Narrow klass range: 0x140000000

GC Precious Log:
 CPUs: 8 total, 8 available
 Memory: 16026M
 Large Page Support: Disabled
 NUMA Support: Disabled
 Compressed Oops: Enabled (32-bit)
 Alignments: Space 512K, Generation 512K, Heap 2M
 Heap Min Capacity: 100M
 Heap Initial Capacity: 100M
 Heap Max Capacity: 1G
 Pre-touch: Disabled
 Parallel Workers: 8

Heap:
 PSYoungGen      total 29696K, used 512K [0x00000000eab00000, 0x00000000ecc00000, 0x0000000100000000)
  eden space 25600K, 2% used [0x00000000eab00000,0x00000000eab80070,0x00000000ec400000)
  from space 4096K, 0% used [0x00000000ec800000,0x00000000ec800000,0x00000000ecc00000)
  to   space 4096K, 0% used [0x00000000ec400000,0x00000000ec400000,0x00000000ec800000)
 ParOldGen       total 68608K, used 0K [0x00000000c0000000, 0x00000000c4300000, 0x00000000eab00000)
  object space 68608K, 0% used [0x00000000c0000000,0x00000000c0000000,0x00000000c4300000)
 Metaspace       used 1149K, committed 1216K, reserved 1114112K
  class space    used 101K, committed 128K, reserved 1048576K

Card table byte_map: [0x0000018f4d590000,0x0000018f4d7a0000] _byte_map_base: 0x0000018f4cf90000

Marking Bits: (ParMarkBitMap*) 0x00007ff8486e58b0
 Begin Bits: [0x0000018f5f890000, 0x0000018f60890000)
 End Bits:   [0x0000018f60890000, 0x0000018f61890000)

Polling page: 0x0000018f4bb30000

Metaspace:

Usage:
  Non-class:      1.02 MB used.
      Class:    101.05 KB used.
       Both:      1.12 MB used.

Virtual space:
  Non-class space:       64.00 MB reserved,       1.06 MB (  2%) committed,  1 nodes.
      Class space:        1.00 GB reserved,     128.00 KB ( <1%) committed,  1 nodes.
             Both:        1.06 GB reserved,       1.19 MB ( <1%) committed. 

Chunk freelists:
   Non-Class:  12.00 MB
       Class:  15.75 MB
        Both:  27.75 MB

MaxMetaspaceSize: unlimited
CompressedClassSpaceSize: 1.00 GB
Initial GC threshold: 21.00 MB
Current GC threshold: 17179869184.00 GB
CDS: off
MetaspaceReclaimPolicy: balanced
 - commit_granule_bytes: 65536.
 - commit_granule_words: 8192.
 - virtual_space_node_default_size: 8388608.
 - enlarge_chunks_in_place: 1.
 - new_chunks_are_fully_committed: 0.
 - uncommit_free_chunks: 1.
 - use_allocation_guard: 0.
 - handle_deallocations: 1.


Internal statistics:

num_allocs_failed_limit: 0.
num_arena_births: 2.
num_arena_deaths: 0.
num_vsnodes_births: 2.
num_vsnodes_deaths: 0.
num_space_committed: 19.
num_space_uncommitted: 0.
num_chunks_returned_to_freelist: 0.
num_chunks_taken_from_freelist: 3.
num_chunk_merges: 0.
num_chunk_splits: 2.
num_chunks_enlarged: 0.
num_inconsistent_stats: 0.

CodeHeap 'non-profiled nmethods': size=120000Kb used=0Kb max_used=0Kb free=120000Kb
 bounds [0x0000018f58360000, 0x0000018f585d0000, 0x0000018f5f890000]
CodeHeap 'profiled nmethods': size=120000Kb used=0Kb max_used=0Kb free=120000Kb
 bounds [0x0000018f50890000, 0x0000018f50b00000, 0x0000018f57dc0000]
CodeHeap 'non-nmethods': size=5760Kb used=209Kb max_used=360Kb free=5550Kb
 bounds [0x0000018f57dc0000, 0x0000018f58030000, 0x0000018f58360000]
 total_blobs=66 nmethods=0 adapters=47
 compilation: enabled
              stopped_count=0, restarted_count=0
 full_count=0

Compilation events (0 events):
No events

GC Heap History (0 events):
No events

Dll operation events (1 events):
Event: 0.036 Loaded shared library c:\Users\hp\.vscode\extensions\redhat.java-1.35.1-win32-x64\jre\17.0.12-win32-x86_64\bin\java.dll

Deoptimization events (0 events):
No events

Classes loaded (20 events):
Event: 0.089 Loading class java/lang/Long
Event: 0.089 Loading class java/lang/Long done
Event: 0.089 Loading class java/util/Iterator
Event: 0.089 Loading class java/util/Iterator done
Event: 0.089 Loading class java/lang/reflect/RecordComponent
Event: 0.089 Loading class java/lang/reflect/RecordComponent done
Event: 0.089 Loading class jdk/internal/vm/vector/VectorSupport
Event: 0.089 Loading class jdk/internal/vm/vector/VectorSupport done
Event: 0.089 Loading class jdk/internal/vm/vector/VectorSupport$VectorPayload
Event: 0.089 Loading class jdk/internal/vm/vector/VectorSupport$VectorPayload done
Event: 0.089 Loading class jdk/internal/vm/vector/VectorSupport$Vector
Event: 0.089 Loading class jdk/internal/vm/vector/VectorSupport$Vector done
Event: 0.089 Loading class jdk/internal/vm/vector/VectorSupport$VectorMask
Event: 0.089 Loading class jdk/internal/vm/vector/VectorSupport$VectorMask done
Event: 0.089 Loading class jdk/internal/vm/vector/VectorSupport$VectorShuffle
Event: 0.089 Loading class jdk/internal/vm/vector/VectorSupport$VectorShuffle done
Event: 0.096 Loading class java/lang/NullPointerException
Event: 0.097 Loading class java/lang/NullPointerException done
Event: 0.097 Loading class java/lang/ArithmeticException
Event: 0.097 Loading class java/lang/ArithmeticException done

Classes unloaded (0 events):
No events

Classes redefined (0 events):
No events

Internal exceptions (0 events):
No events

VM Operations (0 events):
No events

Events (0 events):
No events


Dynamic libraries:
0x00007ff656290000 - 0x00007ff65629e000 	c:\Users\hp\.vscode\extensions\redhat.java-1.35.1-win32-x64\jre\17.0.12-win32-x86_64\bin\java.exe
0x00007ff890700000 - 0x00007ff890963000 	C:\WINDOWS\SYSTEM32\ntdll.dll
0x00007ff88fcd0000 - 0x00007ff88fd98000 	C:\WINDOWS\System32\KERNEL32.DLL
0x00007ff88e060000 - 0x00007ff88e411000 	C:\WINDOWS\System32\KERNELBASE.dll
0x00007ff88e420000 - 0x00007ff88e56b000 	C:\WINDOWS\System32\ucrtbase.dll
0x00007ff86f070000 - 0x00007ff86f087000 	c:\Users\hp\.vscode\extensions\redhat.java-1.35.1-win32-x64\jre\17.0.12-win32-x86_64\bin\jli.dll
0x00007ff8717e0000 - 0x00007ff8717fb000 	c:\Users\hp\.vscode\extensions\redhat.java-1.35.1-win32-x64\jre\17.0.12-win32-x86_64\bin\VCRUNTIME140.dll
0x00007ff890060000 - 0x00007ff890228000 	C:\WINDOWS\System32\USER32.dll
0x00007ff88dfb0000 - 0x00007ff88dfd7000 	C:\WINDOWS\System32\win32u.dll
0x00007ff86f910000 - 0x00007ff86fba0000 	C:\WINDOWS\WinSxS\amd64_microsoft.windows.common-controls_6595b64144ccf1df_6.0.26100.2161_none_3e0cadb0e33078e1\COMCTL32.dll
0x00007ff88f450000 - 0x00007ff88f47a000 	C:\WINDOWS\System32\GDI32.dll
0x00007ff8902b0000 - 0x00007ff890359000 	C:\WINDOWS\System32\msvcrt.dll
0x00007ff88daf0000 - 0x00007ff88dc15000 	C:\WINDOWS\System32\gdi32full.dll
0x00007ff88dce0000 - 0x00007ff88dd83000 	C:\WINDOWS\System32\msvcp_win.dll
0x00007ff88fdb0000 - 0x00007ff88fddf000 	C:\WINDOWS\System32\IMM32.DLL
0x00007ff877380000 - 0x00007ff87738c000 	c:\Users\hp\.vscode\extensions\redhat.java-1.35.1-win32-x64\jre\17.0.12-win32-x86_64\bin\vcruntime140_1.dll
0x00007ff84c430000 - 0x00007ff84c4bd000 	c:\Users\hp\.vscode\extensions\redhat.java-1.35.1-win32-x64\jre\17.0.12-win32-x86_64\bin\msvcp140.dll
0x00007ff847b40000 - 0x00007ff8487aa000 	c:\Users\hp\.vscode\extensions\redhat.java-1.35.1-win32-x64\jre\17.0.12-win32-x86_64\bin\server\jvm.dll
0x00007ff88eae0000 - 0x00007ff88eb94000 	C:\WINDOWS\System32\ADVAPI32.dll
0x00007ff88f560000 - 0x00007ff88f606000 	C:\WINDOWS\System32\sechost.dll
0x00007ff88faa0000 - 0x00007ff88fbb6000 	C:\WINDOWS\System32\RPCRT4.dll
0x00007ff8903f0000 - 0x00007ff890464000 	C:\WINDOWS\System32\WS2_32.dll
0x00007ff8832b0000 - 0x00007ff8832e6000 	C:\WINDOWS\SYSTEM32\WINMM.dll
0x00007ff8831e0000 - 0x00007ff8831eb000 	C:\WINDOWS\SYSTEM32\VERSION.dll
0x00007ff88d980000 - 0x00007ff88d9ce000 	C:\WINDOWS\SYSTEM32\POWRPROF.dll
0x00007ff88d960000 - 0x00007ff88d974000 	C:\WINDOWS\SYSTEM32\UMPDC.dll
0x00007ff88c940000 - 0x00007ff88c95a000 	C:\WINDOWS\SYSTEM32\kernel.appcore.dll
0x00007ff874610000 - 0x00007ff87461a000 	c:\Users\hp\.vscode\extensions\redhat.java-1.35.1-win32-x64\jre\17.0.12-win32-x86_64\bin\jimage.dll
0x00007ff88b2a0000 - 0x00007ff88b4e1000 	C:\WINDOWS\SYSTEM32\DBGHELP.DLL
0x00007ff88e5f0000 - 0x00007ff88e96d000 	C:\WINDOWS\System32\combase.dll
0x00007ff88e970000 - 0x00007ff88ea46000 	C:\WINDOWS\System32\OLEAUT32.dll
0x00007ff86b640000 - 0x00007ff86b679000 	C:\WINDOWS\SYSTEM32\dbgcore.DLL
0x00007ff88dd90000 - 0x00007ff88de29000 	C:\WINDOWS\System32\bcryptPrimitives.dll
0x00007ff871160000 - 0x00007ff87116e000 	c:\Users\hp\.vscode\extensions\redhat.java-1.35.1-win32-x64\jre\17.0.12-win32-x86_64\bin\instrument.dll
0x00007ff86f040000 - 0x00007ff86f065000 	c:\Users\hp\.vscode\extensions\redhat.java-1.35.1-win32-x64\jre\17.0.12-win32-x86_64\bin\java.dll
0x00007ff85d8e0000 - 0x00007ff85d8f8000 	c:\Users\hp\.vscode\extensions\redhat.java-1.35.1-win32-x64\jre\17.0.12-win32-x86_64\bin\zip.dll

dbghelp: loaded successfully - version: 4.0.5 - missing functions: none
symbol engine: initialized successfully - sym options: 0x614 - pdb path: .;c:\Users\hp\.vscode\extensions\redhat.java-1.35.1-win32-x64\jre\17.0.12-win32-x86_64\bin;C:\WINDOWS\SYSTEM32;C:\WINDOWS\WinSxS\amd64_microsoft.windows.common-controls_6595b64144ccf1df_6.0.26100.2161_none_3e0cadb0e33078e1;c:\Users\hp\.vscode\extensions\redhat.java-1.35.1-win32-x64\jre\17.0.12-win32-x86_64\bin\server

VM Arguments:
jvm_args: --add-modules=ALL-SYSTEM --add-opens=java.base/java.util=ALL-UNNAMED --add-opens=java.base/java.lang=ALL-UNNAMED --add-opens=java.base/sun.nio.fs=ALL-UNNAMED -Declipse.application=org.eclipse.jdt.ls.core.id1 -Dosgi.bundles.defaultStartLevel=4 -Declipse.product=org.eclipse.jdt.ls.core.product -Djava.import.generatesMetadataFilesAtProjectRoot=false -DDetectVMInstallationsJob.disabled=true -Dfile.encoding=utf8 -XX:+UseParallelGC -XX:GCTimeRatio=4 -XX:AdaptiveSizePolicyWeight=90 -Dsun.zip.disableMemoryMapping=true -Xmx1G -Xms100m -Xlog:disable -javaagent:c:\Users\hp\.vscode\extensions\redhat.java-1.35.1-win32-x64\lombok\lombok-1.18.33.jar 
java_command: c:\Users\hp\.vscode\extensions\redhat.java-1.35.1-win32-x64\server\plugins\org.eclipse.equinox.launcher_1.6.900.v20240613-2009.jar -configuration c:\Users\hp\AppData\Roaming\Code\User\globalStorage\redhat.java\1.35.1\config_ss_win -data c:\Users\hp\AppData\Roaming\Code\User\workspaceStorage\95cc6fcd8f6ce4238fa94d105a126180\redhat.java\ss_ws --pipe=\\.\pipe\lsp-742134c82eed9c144018be4f3b380b51-sock
java_class_path (initial): c:\Users\hp\.vscode\extensions\redhat.java-1.35.1-win32-x64\server\plugins\org.eclipse.equinox.launcher_1.6.900.v20240613-2009.jar
Launcher Type: SUN_STANDARD

[Global flags]
    uintx AdaptiveSizePolicyWeight                 = 90                                        {product} {command line}
     intx CICompilerCount                          = 4                                         {product} {ergonomic}
    uintx GCTimeRatio                              = 4                                         {product} {command line}
   size_t InitialHeapSize                          = 104857600                                 {product} {command line}
   size_t MaxHeapSize                              = 1073741824                                {product} {command line}
   size_t MaxNewSize                               = 357564416                                 {product} {ergonomic}
   size_t MinHeapDeltaBytes                        = 524288                                    {product} {ergonomic}
   size_t MinHeapSize                              = 104857600                                 {product} {command line}
   size_t NewSize                                  = 34603008                                  {product} {ergonomic}
    uintx NonNMethodCodeHeapSize                   = 5839372                                {pd product} {ergonomic}
    uintx NonProfiledCodeHeapSize                  = 122909434                              {pd product} {ergonomic}
   size_t OldSize                                  = 70254592                                  {product} {ergonomic}
    uintx ProfiledCodeHeapSize                     = 122909434                              {pd product} {ergonomic}
    uintx ReservedCodeCacheSize                    = 251658240                              {pd product} {ergonomic}
     bool SegmentedCodeCache                       = true                                      {product} {ergonomic}
   size_t SoftMaxHeapSize                          = 1073741824                             {manageable} {ergonomic}
     bool UseCompressedClassPointers               = true                           {product lp64_product} {ergonomic}
     bool UseCompressedOops                        = true                           {product lp64_product} {ergonomic}
     bool UseLargePagesIndividualAllocation        = false                                  {pd product} {ergonomic}
     bool UseParallelGC                            = true                                      {product} {command line}

Logging:
Log output configuration:
 #0: stdout all=off uptime,level,tags
 #1: stderr all=off uptime,level,tags

Environment Variables:
JAVA_HOME=D:\java\jdk-17
CLASSPATH=D:\java;D:\Apache tomcat 7.1\lib\servlet-api.jar;
PATH=C:\Program Files\Common Files\Oracle\Java\javapath;D:\python 3.11\Scripts\;D:\python 3.11\;C:\Windows\system32;C:\Windows;C:\Windows\System32\Wbem;C:\Windows\System32\WindowsPowerShell\v1.0\;C:\Windows\System32\OpenSSH\;D:\java software;C:\WINDOWS\system32;C:\WINDOWS;C:\WINDOWS\System32\Wbem;C:\WINDOWS\System32\WindowsPowerShell\v1.0\;C:\WINDOWS\System32\OpenSSH\;D:\minGW\bin;D:\java\jdk-17\bin;D:\Python;D:\sql plus\instantclient_21_11;C:\Program Files\MongoDB\Server\7.0\bin;D:\Software\mysql-connector-j-8.3.0\mysql-connector-j-8.3.0.jar;D:\flutter\bin;C:\ProgramData\chocolatey\bin;D:\Node js\;D:\Android\Sdk\platform-tools;D:\Android\Sdk\emulator;D:\kotlinc\bin;C:\Program Files\dotnet\;C:\Program Files\Microsoft SQL Server\150\Tools\Binn\;C:\Program Files\Microsoft SQL Server\Client SDK\ODBC\170\Tools\Binn\;D:\git\Git\cmd;E:\Visual Studio Code\Microsoft VS Code\bin;C:\Users\hp\AppData\Local\Microsoft\WindowsApps;C:\MinGW\bin;D:\java\jdk-17\bin;C:\Program Files\MongoDB\Server\7.0\bin;D:\mongodb shell\;D:\flutter\bin;C:\Users\hp\AppData\Roaming\npm;C:\Users\hp\.dotnet\tools;
USERNAME=Vivek
OS=Windows_NT
PROCESSOR_IDENTIFIER=Intel64 Family 6 Model 140 Stepping 1, GenuineIntel
TMP=C:\Users\hp\AppData\Local\Temp
TEMP=C:\Users\hp\AppData\Local\Temp



Periodic native trim disabled


---------------  S Y S T E M  ---------------

OS:
 Windows 11 , 64 bit Build 26100 (10.0.26100.2161)
OS uptime: 0 days 10:38 hours
Hyper-V role detected

CPU: total 8 (initial active 8) (4 cores per cpu, 2 threads per core) family 6 model 140 stepping 1 microcode 0xb4, cx8, cmov, fxsr, ht, mmx, 3dnowpref, sse, sse2, sse3, ssse3, sse4.1, sse4.2, popcnt, lzcnt, tsc, tscinvbit, avx, avx2, aes, erms, clmul, bmi1, bmi2, adx, avx512f, avx512dq, avx512cd, avx512bw, avx512vl, sha, fma, vzeroupper, avx512_vpopcntdq, avx512_vpclmulqdq, avx512_vaes, avx512_vnni, clflush, clflushopt, clwb, avx512_vbmi2, avx512_vbmi, hv
Processor Information for processor 0
  Max Mhz: 2401, Current Mhz: 2400, Mhz Limit: 2376
Processor Information for processor 1
  Max Mhz: 2401, Current Mhz: 2400, Mhz Limit: 2376
Processor Information for processor 2
  Max Mhz: 2401, Current Mhz: 1100, Mhz Limit: 2376
Processor Information for processor 3
  Max Mhz: 2401, Current Mhz: 2400, Mhz Limit: 2376
Processor Information for processor 4
  Max Mhz: 2401, Current Mhz: 2400, Mhz Limit: 2376
Processor Information for processor 5
  Max Mhz: 2401, Current Mhz: 1100, Mhz Limit: 2376
Processor Information for processor 6
  Max Mhz: 2401, Current Mhz: 2400, Mhz Limit: 2376
Processor Information for processor 7
  Max Mhz: 2401, Current Mhz: 2400, Mhz Limit: 2376

Memory: 4k page, system-wide physical 16026M (2735M free)
TotalPageFile size 18074M (AvailPageFile size 65M)
current process WorkingSet (physical memory assigned to process): 17M, peak: 17M
current process commit charge ("private bytes"): 154M, peak: 155M

vm_info: OpenJDK 64-Bit Server VM (17.0.12+7) for windows-amd64 JRE (17.0.12+7), built on Jul 16 2024 22:08:24 by "admin" with MS VC++ 16.10 / 16.11 (VS2019)

END.
